[ 2017-04-14T01:33:44+08:00 ] 115.159.205.133 /V/index.php/Home/User/log.html
INFO: [ app_init ] --START--
INFO: Run Behavior\BuildLiteBehavior [ RunTime:0.000012s ]
INFO: [ app_init ] --END-- [ RunTime:0.000292s ]
INFO: [ app_begin ] --START--
INFO: Run Behavior\ReadHtmlCacheBehavior [ RunTime:0.000323s ]
INFO: [ app_begin ] --END-- [ RunTime:0.000362s ]
NOTIC: [2] session_start(): open(/var/lib/php/session/sess_l87t4n2bk060c9men5ucue5r20, O_RDWR) failed: Permission denied (13) /var/www/html/V/ThinkPHP/Common/functions.php 第 1263 行.
NOTIC: [8] Use of undefined constant upload - assumed 'upload' /var/www/html/V/Application/Home/Controller/UserController.class.php 第 161 行.
SQL: SHOW COLUMNS FROM `tp_upload` [ RunTime:0.0010s ]
SQL: SELECT * FROM `tp_upload` WHERE ( classify="今日晨读" ) ORDER BY id DESC LIMIT 5   [ RunTime:0.0008s ]
SQL: SELECT * FROM `tp_upload` WHERE ( classify="艺人数据分析" ) ORDER BY id DESC LIMIT 5   [ RunTime:0.0006s ]
SQL: SELECT * FROM `tp_upload` WHERE ( classify="电影数据分析" ) ORDER BY id DESC LIMIT 5   [ RunTime:0.0006s ]
SQL: SELECT * FROM `tp_upload` WHERE ( classify="影视项目总分析" ) ORDER BY id DESC LIMIT 5   [ RunTime:0.0006s ]
SQL: SELECT * FROM `tp_upload` WHERE ( classify="行业研究" ) ORDER BY id DESC LIMIT 5   [ RunTime:0.0005s ]
SQL: SELECT * FROM `tp_upload` WHERE ( classify="月咨询总结" ) ORDER BY id DESC LIMIT 5   [ RunTime:0.0006s ]
SQL: SELECT * FROM `tp_upload` WHERE ( classify="最新消息" ) ORDER BY id DESC LIMIT 5   [ RunTime:0.0005s ]
INFO: [ app_end ] --START--
INFO: Run Behavior\ShowPageTraceBehavior [ RunTime:0.000482s ]
INFO: [ app_end ] --END-- [ RunTime:0.000552s ]

[ 2017-04-14T01:33:44+08:00 ] 115.159.205.133 /V/index.php/Home/User/log.html
INFO: [ app_init ] --START--
INFO: Run Behavior\BuildLiteBehavior [ RunTime:0.000010s ]
INFO: [ app_init ] --END-- [ RunTime:0.000215s ]
INFO: [ app_begin ] --START--
INFO: Run Behavior\ReadHtmlCacheBehavior [ RunTime:0.000317s ]
INFO: [ app_begin ] --END-- [ RunTime:0.000355s ]
NOTIC: [2] session_start(): open(/var/lib/php/session/sess_uqg46phmbih1j0pmdr4fshmmh3, O_RDWR) failed: Permission denied (13) /var/www/html/V/ThinkPHP/Common/functions.php 第 1263 行.
NOTIC: [8] Use of undefined constant upload - assumed 'upload' /var/www/html/V/Application/Home/Controller/UserController.class.php 第 161 行.
SQL: SHOW COLUMNS FROM `tp_upload` [ RunTime:0.0011s ]
SQL: SELECT * FROM `tp_upload` WHERE ( classify="今日晨读" ) ORDER BY id DESC LIMIT 5   [ RunTime:0.0008s ]
SQL: SELECT * FROM `tp_upload` WHERE ( classify="艺人数据分析" ) ORDER BY id DESC LIMIT 5   [ RunTime:0.0006s ]
SQL: SELECT * FROM `tp_upload` WHERE ( classify="电影数据分析" ) ORDER BY id DESC LIMIT 5   [ RunTime:0.0006s ]
SQL: SELECT * FROM `tp_upload` WHERE ( classify="影视项目总分析" ) ORDER BY id DESC LIMIT 5   [ RunTime:0.0006s ]
SQL: SELECT * FROM `tp_upload` WHERE ( classify="行业研究" ) ORDER BY id DESC LIMIT 5   [ RunTime:0.0006s ]
SQL: SELECT * FROM `tp_upload` WHERE ( classify="月咨询总结" ) ORDER BY id DESC LIMIT 5   [ RunTime:0.0005s ]
SQL: SELECT * FROM `tp_upload` WHERE ( classify="最新消息" ) ORDER BY id DESC LIMIT 5   [ RunTime:0.0005s ]
INFO: [ app_end ] --START--
INFO: Run Behavior\ShowPageTraceBehavior [ RunTime:0.000433s ]
INFO: [ app_end ] --END-- [ RunTime:0.000477s ]

[ 2017-04-14T01:33:44+08:00 ] 115.159.205.133 /V/index.php/Home/User/log.html
INFO: [ app_init ] --START--
INFO: Run Behavior\BuildLiteBehavior [ RunTime:0.000011s ]
INFO: [ app_init ] --END-- [ RunTime:0.000255s ]
INFO: [ app_begin ] --START--
INFO: Run Behavior\ReadHtmlCacheBehavior [ RunTime:0.000308s ]
INFO: [ app_begin ] --END-- [ RunTime:0.000346s ]
NOTIC: [2] session_start(): open(/var/lib/php/session/sess_9abeonddl1ao50ap82p1g5m973, O_RDWR) failed: Permission denied (13) /var/www/html/V/ThinkPHP/Common/functions.php 第 1263 行.
NOTIC: [8] Use of undefined constant upload - assumed 'upload' /var/www/html/V/Application/Home/Controller/UserController.class.php 第 161 行.
SQL: SHOW COLUMNS FROM `tp_upload` [ RunTime:0.0010s ]
SQL: SELECT * FROM `tp_upload` WHERE ( classify="今日晨读" ) ORDER BY id DESC LIMIT 5   [ RunTime:0.0007s ]
SQL: SELECT * FROM `tp_upload` WHERE ( classify="艺人数据分析" ) ORDER BY id DESC LIMIT 5   [ RunTime:0.0005s ]
SQL: SELECT * FROM `tp_upload` WHERE ( classify="电影数据分析" ) ORDER BY id DESC LIMIT 5   [ RunTime:0.0005s ]
SQL: SELECT * FROM `tp_upload` WHERE ( classify="影视项目总分析" ) ORDER BY id DESC LIMIT 5   [ RunTime:0.0005s ]
SQL: SELECT * FROM `tp_upload` WHERE ( classify="行业研究" ) ORDER BY id DESC LIMIT 5   [ RunTime:0.0005s ]
SQL: SELECT * FROM `tp_upload` WHERE ( classify="月咨询总结" ) ORDER BY id DESC LIMIT 5   [ RunTime:0.0005s ]
SQL: SELECT * FROM `tp_upload` WHERE ( classify="最新消息" ) ORDER BY id DESC LIMIT 5   [ RunTime:0.0005s ]
INFO: [ app_end ] --START--
INFO: Run Behavior\ShowPageTraceBehavior [ RunTime:0.000412s ]
INFO: [ app_end ] --END-- [ RunTime:0.000471s ]

[ 2017-04-14T01:33:44+08:00 ] 115.159.205.133 /V/index.php/Home/User/log.html
INFO: [ app_init ] --START--
INFO: Run Behavior\BuildLiteBehavior [ RunTime:0.000012s ]
INFO: [ app_init ] --END-- [ RunTime:0.000278s ]
INFO: [ app_begin ] --START--
INFO: Run Behavior\ReadHtmlCacheBehavior [ RunTime:0.000321s ]
INFO: [ app_begin ] --END-- [ RunTime:0.000362s ]
NOTIC: [2] session_start(): open(/var/lib/php/session/sess_sme917gl4tmfrmt960i1l78k16, O_RDWR) failed: Permission denied (13) /var/www/html/V/ThinkPHP/Common/functions.php 第 1263 行.
NOTIC: [8] Use of undefined constant upload - assumed 'upload' /var/www/html/V/Application/Home/Controller/UserController.class.php 第 161 行.
SQL: SHOW COLUMNS FROM `tp_upload` [ RunTime:0.0010s ]
SQL: SELECT * FROM `tp_upload` WHERE ( classify="今日晨读" ) ORDER BY id DESC LIMIT 5   [ RunTime:0.0007s ]
SQL: SELECT * FROM `tp_upload` WHERE ( classify="艺人数据分析" ) ORDER BY id DESC LIMIT 5   [ RunTime:0.0006s ]
SQL: SELECT * FROM `tp_upload` WHERE ( classify="电影数据分析" ) ORDER BY id DESC LIMIT 5   [ RunTime:0.0005s ]
SQL: SELECT * FROM `tp_upload` WHERE ( classify="影视项目总分析" ) ORDER BY id DESC LIMIT 5   [ RunTime:0.0006s ]
SQL: SELECT * FROM `tp_upload` WHERE ( classify="行业研究" ) ORDER BY id DESC LIMIT 5   [ RunTime:0.0006s ]
SQL: SELECT * FROM `tp_upload` WHERE ( classify="月咨询总结" ) ORDER BY id DESC LIMIT 5   [ RunTime:0.0005s ]
SQL: SELECT * FROM `tp_upload` WHERE ( classify="最新消息" ) ORDER BY id DESC LIMIT 5   [ RunTime:0.0005s ]
INFO: [ app_end ] --START--
INFO: Run Behavior\ShowPageTraceBehavior [ RunTime:0.000405s ]
INFO: [ app_end ] --END-- [ RunTime:0.000451s ]

[ 2017-04-14T07:49:12+08:00 ] 115.159.205.133 /V/index.php/Home/User/log.html
INFO: [ app_init ] --START--
INFO: Run Behavior\BuildLiteBehavior [ RunTime:0.000012s ]
INFO: [ app_init ] --END-- [ RunTime:0.000233s ]
INFO: [ app_begin ] --START--
INFO: Run Behavior\ReadHtmlCacheBehavior [ RunTime:0.000305s ]
INFO: [ app_begin ] --END-- [ RunTime:0.000343s ]
NOTIC: [2] session_start(): open(/var/lib/php/session/sess_pfkep9673jn1plarhkkj08mq92, O_RDWR) failed: Permission denied (13) /var/www/html/V/ThinkPHP/Common/functions.php 第 1263 行.
NOTIC: [8] Use of undefined constant upload - assumed 'upload' /var/www/html/V/Application/Home/Controller/UserController.class.php 第 161 行.
SQL: SHOW COLUMNS FROM `tp_upload` [ RunTime:0.0010s ]
SQL: SELECT * FROM `tp_upload` WHERE ( classify="今日晨读" ) ORDER BY id DESC LIMIT 5   [ RunTime:0.0008s ]
SQL: SELECT * FROM `tp_upload` WHERE ( classify="艺人数据分析" ) ORDER BY id DESC LIMIT 5   [ RunTime:0.0005s ]
SQL: SELECT * FROM `tp_upload` WHERE ( classify="电影数据分析" ) ORDER BY id DESC LIMIT 5   [ RunTime:0.0006s ]
SQL: SELECT * FROM `tp_upload` WHERE ( classify="影视项目总分析" ) ORDER BY id DESC LIMIT 5   [ RunTime:0.0005s ]
SQL: SELECT * FROM `tp_upload` WHERE ( classify="行业研究" ) ORDER BY id DESC LIMIT 5   [ RunTime:0.0006s ]
SQL: SELECT * FROM `tp_upload` WHERE ( classify="月咨询总结" ) ORDER BY id DESC LIMIT 5   [ RunTime:0.0005s ]
SQL: SELECT * FROM `tp_upload` WHERE ( classify="最新消息" ) ORDER BY id DESC LIMIT 5   [ RunTime:0.0006s ]
INFO: [ app_end ] --START--
INFO: Run Behavior\ShowPageTraceBehavior [ RunTime:0.000625s ]
INFO: [ app_end ] --END-- [ RunTime:0.000670s ]

[ 2017-04-14T07:49:21+08:00 ] 115.159.205.133 /V/index.php/Home/User/log.html
INFO: [ app_init ] --START--
INFO: Run Behavior\BuildLiteBehavior [ RunTime:0.000011s ]
INFO: [ app_init ] --END-- [ RunTime:0.000233s ]
INFO: [ app_begin ] --START--
INFO: Run Behavior\ReadHtmlCacheBehavior [ RunTime:0.000286s ]
INFO: [ app_begin ] --END-- [ RunTime:0.000326s ]
NOTIC: [2] session_start(): open(/var/lib/php/session/sess_ph87nt9g0t6st5mksjj06euuq6, O_RDWR) failed: Permission denied (13) /var/www/html/V/ThinkPHP/Common/functions.php 第 1263 行.
NOTIC: [8] Use of undefined constant upload - assumed 'upload' /var/www/html/V/Application/Home/Controller/UserController.class.php 第 161 行.
SQL: SHOW COLUMNS FROM `tp_upload` [ RunTime:0.0010s ]
SQL: SELECT * FROM `tp_upload` WHERE ( classify="今日晨读" ) ORDER BY id DESC LIMIT 5   [ RunTime:0.0006s ]
SQL: SELECT * FROM `tp_upload` WHERE ( classify="艺人数据分析" ) ORDER BY id DESC LIMIT 5   [ RunTime:0.0005s ]
SQL: SELECT * FROM `tp_upload` WHERE ( classify="电影数据分析" ) ORDER BY id DESC LIMIT 5   [ RunTime:0.0005s ]
SQL: SELECT * FROM `tp_upload` WHERE ( classify="影视项目总分析" ) ORDER BY id DESC LIMIT 5   [ RunTime:0.0005s ]
SQL: SELECT * FROM `tp_upload` WHERE ( classify="行业研究" ) ORDER BY id DESC LIMIT 5   [ RunTime:0.0005s ]
SQL: SELECT * FROM `tp_upload` WHERE ( classify="月咨询总结" ) ORDER BY id DESC LIMIT 5   [ RunTime:0.0005s ]
SQL: SELECT * FROM `tp_upload` WHERE ( classify="最新消息" ) ORDER BY id DESC LIMIT 5   [ RunTime:0.0004s ]
INFO: [ app_end ] --START--
INFO: Run Behavior\ShowPageTraceBehavior [ RunTime:0.000597s ]
INFO: [ app_end ] --END-- [ RunTime:0.000683s ]

[ 2017-04-14T09:31:51+08:00 ] 115.159.205.133 /V/index.php/Home/User/log.html
INFO: [ app_init ] --START--
INFO: Run Behavior\BuildLiteBehavior [ RunTime:0.000013s ]
INFO: [ app_init ] --END-- [ RunTime:0.000255s ]
INFO: [ app_begin ] --START--
INFO: Run Behavior\ReadHtmlCacheBehavior [ RunTime:0.000326s ]
INFO: [ app_begin ] --END-- [ RunTime:0.000366s ]
NOTIC: [2] session_start(): open(/var/lib/php/session/sess_34ebm4amrkkl9hqpdvm9fho5c7, O_RDWR) failed: Permission denied (13) /var/www/html/V/ThinkPHP/Common/functions.php 第 1263 行.
NOTIC: [8] Use of undefined constant upload - assumed 'upload' /var/www/html/V/Application/Home/Controller/UserController.class.php 第 161 行.
SQL: SHOW COLUMNS FROM `tp_upload` [ RunTime:0.0012s ]
SQL: SELECT * FROM `tp_upload` WHERE ( classify="今日晨读" ) ORDER BY id DESC LIMIT 5   [ RunTime:0.0009s ]
SQL: SELECT * FROM `tp_upload` WHERE ( classify="艺人数据分析" ) ORDER BY id DESC LIMIT 5   [ RunTime:0.0007s ]
SQL: SELECT * FROM `tp_upload` WHERE ( classify="电影数据分析" ) ORDER BY id DESC LIMIT 5   [ RunTime:0.0007s ]
SQL: SELECT * FROM `tp_upload` WHERE ( classify="影视项目总分析" ) ORDER BY id DESC LIMIT 5   [ RunTime:0.0007s ]
SQL: SELECT * FROM `tp_upload` WHERE ( classify="行业研究" ) ORDER BY id DESC LIMIT 5   [ RunTime:0.0006s ]
SQL: SELECT * FROM `tp_upload` WHERE ( classify="月咨询总结" ) ORDER BY id DESC LIMIT 5   [ RunTime:0.0006s ]
SQL: SELECT * FROM `tp_upload` WHERE ( classify="最新消息" ) ORDER BY id DESC LIMIT 5   [ RunTime:0.0006s ]
INFO: [ app_end ] --START--
INFO: Run Behavior\ShowPageTraceBehavior [ RunTime:0.000560s ]
INFO: [ app_end ] --END-- [ RunTime:0.000635s ]

[ 2017-04-14T09:31:51+08:00 ] 115.159.205.133 /V/index.php/Home/User/log.html
INFO: [ app_init ] --START--
INFO: Run Behavior\BuildLiteBehavior [ RunTime:0.000013s ]
INFO: [ app_init ] --END-- [ RunTime:0.000262s ]
INFO: [ app_begin ] --START--
INFO: Run Behavior\ReadHtmlCacheBehavior [ RunTime:0.000316s ]
INFO: [ app_begin ] --END-- [ RunTime:0.000365s ]
NOTIC: [2] session_start(): open(/var/lib/php/session/sess_no2n5m9jug8fgslvthhqctruj7, O_RDWR) failed: Permission denied (13) /var/www/html/V/ThinkPHP/Common/functions.php 第 1263 行.
NOTIC: [8] Use of undefined constant upload - assumed 'upload' /var/www/html/V/Application/Home/Controller/UserController.class.php 第 161 行.
SQL: SHOW COLUMNS FROM `tp_upload` [ RunTime:0.0010s ]
SQL: SELECT * FROM `tp_upload` WHERE ( classify="今日晨读" ) ORDER BY id DESC LIMIT 5   [ RunTime:0.0007s ]
SQL: SELECT * FROM `tp_upload` WHERE ( classify="艺人数据分析" ) ORDER BY id DESC LIMIT 5   [ RunTime:0.0005s ]
SQL: SELECT * FROM `tp_upload` WHERE ( classify="电影数据分析" ) ORDER BY id DESC LIMIT 5   [ RunTime:0.0005s ]
SQL: SELECT * FROM `tp_upload` WHERE ( classify="影视项目总分析" ) ORDER BY id DESC LIMIT 5   [ RunTime:0.0005s ]
SQL: SELECT * FROM `tp_upload` WHERE ( classify="行业研究" ) ORDER BY id DESC LIMIT 5   [ RunTime:0.0005s ]
SQL: SELECT * FROM `tp_upload` WHERE ( classify="月咨询总结" ) ORDER BY id DESC LIMIT 5   [ RunTime:0.0005s ]
SQL: SELECT * FROM `tp_upload` WHERE ( classify="最新消息" ) ORDER BY id DESC LIMIT 5   [ RunTime:0.0005s ]
INFO: [ app_end ] --START--
INFO: Run Behavior\ShowPageTraceBehavior [ RunTime:0.000602s ]
INFO: [ app_end ] --END-- [ RunTime:0.000648s ]

[ 2017-04-14T09:31:52+08:00 ] 115.159.205.133 /V/index.php/Home/User/log.html
INFO: [ app_init ] --START--
INFO: Run Behavior\BuildLiteBehavior [ RunTime:0.000016s ]
INFO: [ app_init ] --END-- [ RunTime:0.000272s ]
INFO: [ app_begin ] --START--
INFO: Run Behavior\ReadHtmlCacheBehavior [ RunTime:0.000331s ]
INFO: [ app_begin ] --END-- [ RunTime:0.000369s ]
NOTIC: [2] session_start(): open(/var/lib/php/session/sess_rlqd139t7aqidqrbe5cnfqki81, O_RDWR) failed: Permission denied (13) /var/www/html/V/ThinkPHP/Common/functions.php 第 1263 行.
NOTIC: [8] Use of undefined constant upload - assumed 'upload' /var/www/html/V/Application/Home/Controller/UserController.class.php 第 161 行.
SQL: SHOW COLUMNS FROM `tp_upload` [ RunTime:0.0009s ]
SQL: SELECT * FROM `tp_upload` WHERE ( classify="今日晨读" ) ORDER BY id DESC LIMIT 5   [ RunTime:0.0007s ]
SQL: SELECT * FROM `tp_upload` WHERE ( classify="艺人数据分析" ) ORDER BY id DESC LIMIT 5   [ RunTime:0.0006s ]
SQL: SELECT * FROM `tp_upload` WHERE ( classify="电影数据分析" ) ORDER BY id DESC LIMIT 5   [ RunTime:0.0006s ]
SQL: SELECT * FROM `tp_upload` WHERE ( classify="影视项目总分析" ) ORDER BY id DESC LIMIT 5   [ RunTime:0.0005s ]
SQL: SELECT * FROM `tp_upload` WHERE ( classify="行业研究" ) ORDER BY id DESC LIMIT 5   [ RunTime:0.0005s ]
SQL: SELECT * FROM `tp_upload` WHERE ( classify="月咨询总结" ) ORDER BY id DESC LIMIT 5   [ RunTime:0.0006s ]
SQL: SELECT * FROM `tp_upload` WHERE ( classify="最新消息" ) ORDER BY id DESC LIMIT 5   [ RunTime:0.0006s ]
INFO: [ app_end ] --START--
INFO: Run Behavior\ShowPageTraceBehavior [ RunTime:0.000693s ]
INFO: [ app_end ] --END-- [ RunTime:0.000749s ]

[ 2017-04-14T09:31:52+08:00 ] 115.159.205.133 /V/index.php/Home/User/log.html
INFO: [ app_init ] --START--
INFO: Run Behavior\BuildLiteBehavior [ RunTime:0.000016s ]
INFO: [ app_init ] --END-- [ RunTime:0.000259s ]
INFO: [ app_begin ] --START--
INFO: Run Behavior\ReadHtmlCacheBehavior [ RunTime:0.000325s ]
INFO: [ app_begin ] --END-- [ RunTime:0.000363s ]
NOTIC: [2] session_start(): open(/var/lib/php/session/sess_fum6m5rgiqmk72submn2ipdd45, O_RDWR) failed: Permission denied (13) /var/www/html/V/ThinkPHP/Common/functions.php 第 1263 行.
NOTIC: [8] Use of undefined constant upload - assumed 'upload' /var/www/html/V/Application/Home/Controller/UserController.class.php 第 161 行.
SQL: SHOW COLUMNS FROM `tp_upload` [ RunTime:0.0010s ]
SQL: SELECT * FROM `tp_upload` WHERE ( classify="今日晨读" ) ORDER BY id DESC LIMIT 5   [ RunTime:0.0008s ]
SQL: SELECT * FROM `tp_upload` WHERE ( classify="艺人数据分析" ) ORDER BY id DESC LIMIT 5   [ RunTime:0.0006s ]
SQL: SELECT * FROM `tp_upload` WHERE ( classify="电影数据分析" ) ORDER BY id DESC LIMIT 5   [ RunTime:0.0006s ]
SQL: SELECT * FROM `tp_upload` WHERE ( classify="影视项目总分析" ) ORDER BY id DESC LIMIT 5   [ RunTime:0.0006s ]
SQL: SELECT * FROM `tp_upload` WHERE ( classify="行业研究" ) ORDER BY id DESC LIMIT 5   [ RunTime:0.0005s ]
SQL: SELECT * FROM `tp_upload` WHERE ( classify="月咨询总结" ) ORDER BY id DESC LIMIT 5   [ RunTime:0.0005s ]
SQL: SELECT * FROM `tp_upload` WHERE ( classify="最新消息" ) ORDER BY id DESC LIMIT 5   [ RunTime:0.0005s ]
INFO: [ app_end ] --START--
INFO: Run Behavior\ShowPageTraceBehavior [ RunTime:0.000451s ]
INFO: [ app_end ] --END-- [ RunTime:0.000493s ]

[ 2017-04-14T10:10:26+08:00 ] 115.159.205.133 /V/index.php/Home/User/log.html
INFO: [ app_init ] --START--
INFO: Run Behavior\BuildLiteBehavior [ RunTime:0.000009s ]
INFO: [ app_init ] --END-- [ RunTime:0.000224s ]
INFO: [ app_begin ] --START--
INFO: Run Behavior\ReadHtmlCacheBehavior [ RunTime:0.000315s ]
INFO: [ app_begin ] --END-- [ RunTime:0.000359s ]
NOTIC: [2] session_start(): open(/var/lib/php/session/sess_vb8ms5rpnph89i2j48je37bfd1, O_RDWR) failed: Permission denied (13) /var/www/html/V/ThinkPHP/Common/functions.php 第 1263 行.
NOTIC: [8] Use of undefined constant upload - assumed 'upload' /var/www/html/V/Application/Home/Controller/UserController.class.php 第 161 行.
SQL: SHOW COLUMNS FROM `tp_upload` [ RunTime:0.0011s ]
SQL: SELECT * FROM `tp_upload` WHERE ( classify="今日晨读" ) ORDER BY id DESC LIMIT 5   [ RunTime:0.0007s ]
SQL: SELECT * FROM `tp_upload` WHERE ( classify="艺人数据分析" ) ORDER BY id DESC LIMIT 5   [ RunTime:0.0006s ]
SQL: SELECT * FROM `tp_upload` WHERE ( classify="电影数据分析" ) ORDER BY id DESC LIMIT 5   [ RunTime:0.0007s ]
SQL: SELECT * FROM `tp_upload` WHERE ( classify="影视项目总分析" ) ORDER BY id DESC LIMIT 5   [ RunTime:0.0007s ]
SQL: SELECT * FROM `tp_upload` WHERE ( classify="行业研究" ) ORDER BY id DESC LIMIT 5   [ RunTime:0.0007s ]
SQL: SELECT * FROM `tp_upload` WHERE ( classify="月咨询总结" ) ORDER BY id DESC LIMIT 5   [ RunTime:0.0005s ]
SQL: SELECT * FROM `tp_upload` WHERE ( classify="最新消息" ) ORDER BY id DESC LIMIT 5   [ RunTime:0.0006s ]
INFO: [ app_end ] --START--
INFO: Run Behavior\ShowPageTraceBehavior [ RunTime:0.000636s ]
INFO: [ app_end ] --END-- [ RunTime:0.000716s ]

[ 2017-04-14T10:10:26+08:00 ] 115.159.205.133 /V/index.php/Home/User/log.html
INFO: [ app_init ] --START--
INFO: Run Behavior\BuildLiteBehavior [ RunTime:0.000011s ]
INFO: [ app_init ] --END-- [ RunTime:0.000228s ]
INFO: [ app_begin ] --START--
INFO: Run Behavior\ReadHtmlCacheBehavior [ RunTime:0.000302s ]
INFO: [ app_begin ] --END-- [ RunTime:0.000340s ]
NOTIC: [2] session_start(): open(/var/lib/php/session/sess_61vqff8apth6lkd17j04qg30m2, O_RDWR) failed: Permission denied (13) /var/www/html/V/ThinkPHP/Common/functions.php 第 1263 行.
NOTIC: [8] Use of undefined constant upload - assumed 'upload' /var/www/html/V/Application/Home/Controller/UserController.class.php 第 161 行.
SQL: SHOW COLUMNS FROM `tp_upload` [ RunTime:0.0012s ]
SQL: SELECT * FROM `tp_upload` WHERE ( classify="今日晨读" ) ORDER BY id DESC LIMIT 5   [ RunTime:0.0007s ]
SQL: SELECT * FROM `tp_upload` WHERE ( classify="艺人数据分析" ) ORDER BY id DESC LIMIT 5   [ RunTime:0.0007s ]
SQL: SELECT * FROM `tp_upload` WHERE ( classify="电影数据分析" ) ORDER BY id DESC LIMIT 5   [ RunTime:0.0007s ]
SQL: SELECT * FROM `tp_upload` WHERE ( classify="影视项目总分析" ) ORDER BY id DESC LIMIT 5   [ RunTime:0.0007s ]
SQL: SELECT * FROM `tp_upload` WHERE ( classify="行业研究" ) ORDER BY id DESC LIMIT 5   [ RunTime:0.0007s ]
SQL: SELECT * FROM `tp_upload` WHERE ( classify="月咨询总结" ) ORDER BY id DESC LIMIT 5   [ RunTime:0.0006s ]
SQL: SELECT * FROM `tp_upload` WHERE ( classify="最新消息" ) ORDER BY id DESC LIMIT 5   [ RunTime:0.0026s ]
INFO: [ app_end ] --START--
INFO: Run Behavior\ShowPageTraceBehavior [ RunTime:0.000501s ]
INFO: [ app_end ] --END-- [ RunTime:0.000550s ]

[ 2017-04-14T10:10:26+08:00 ] 115.159.205.133 /V/index.php/Home/User/log.html
INFO: [ app_init ] --START--
INFO: Run Behavior\BuildLiteBehavior [ RunTime:0.000017s ]
INFO: [ app_init ] --END-- [ RunTime:0.000267s ]
INFO: [ app_begin ] --START--
INFO: Run Behavior\ReadHtmlCacheBehavior [ RunTime:0.000278s ]
INFO: [ app_begin ] --END-- [ RunTime:0.000316s ]
NOTIC: [2] session_start(): open(/var/lib/php/session/sess_2tc6i4fhkfgb3bd7bojpnlhkc1, O_RDWR) failed: Permission denied (13) /var/www/html/V/ThinkPHP/Common/functions.php 第 1263 行.
NOTIC: [8] Use of undefined constant upload - assumed 'upload' /var/www/html/V/Application/Home/Controller/UserController.class.php 第 161 行.
SQL: SHOW COLUMNS FROM `tp_upload` [ RunTime:0.0014s ]
SQL: SELECT * FROM `tp_upload` WHERE ( classify="今日晨读" ) ORDER BY id DESC LIMIT 5   [ RunTime:0.0006s ]
SQL: SELECT * FROM `tp_upload` WHERE ( classify="艺人数据分析" ) ORDER BY id DESC LIMIT 5   [ RunTime:0.0007s ]
SQL: SELECT * FROM `tp_upload` WHERE ( classify="电影数据分析" ) ORDER BY id DESC LIMIT 5   [ RunTime:0.0007s ]
SQL: SELECT * FROM `tp_upload` WHERE ( classify="影视项目总分析" ) ORDER BY id DESC LIMIT 5   [ RunTime:0.0007s ]
SQL: SELECT * FROM `tp_upload` WHERE ( classify="行业研究" ) ORDER BY id DESC LIMIT 5   [ RunTime:0.0006s ]
SQL: SELECT * FROM `tp_upload` WHERE ( classify="月咨询总结" ) ORDER BY id DESC LIMIT 5   [ RunTime:0.0005s ]
SQL: SELECT * FROM `tp_upload` WHERE ( classify="最新消息" ) ORDER BY id DESC LIMIT 5   [ RunTime:0.0049s ]
INFO: [ app_end ] --START--
INFO: Run Behavior\ShowPageTraceBehavior [ RunTime:0.000426s ]
INFO: [ app_end ] --END-- [ RunTime:0.000508s ]

[ 2017-04-14T10:10:26+08:00 ] 115.159.205.133 /V/index.php/Home/User/log.html
INFO: [ app_init ] --START--
INFO: Run Behavior\BuildLiteBehavior [ RunTime:0.000010s ]
INFO: [ app_init ] --END-- [ RunTime:0.000231s ]
INFO: [ app_begin ] --START--
INFO: Run Behavior\ReadHtmlCacheBehavior [ RunTime:0.000294s ]
INFO: [ app_begin ] --END-- [ RunTime:0.000333s ]
NOTIC: [2] session_start(): open(/var/lib/php/session/sess_gls3ovlhrokt9pvsp7agrqktu0, O_RDWR) failed: Permission denied (13) /var/www/html/V/ThinkPHP/Common/functions.php 第 1263 行.
NOTIC: [8] Use of undefined constant upload - assumed 'upload' /var/www/html/V/Application/Home/Controller/UserController.class.php 第 161 行.
SQL: SHOW COLUMNS FROM `tp_upload` [ RunTime:0.0042s ]
SQL: SELECT * FROM `tp_upload` WHERE ( classify="今日晨读" ) ORDER BY id DESC LIMIT 5   [ RunTime:0.0023s ]
SQL: SELECT * FROM `tp_upload` WHERE ( classify="艺人数据分析" ) ORDER BY id DESC LIMIT 5   [ RunTime:0.0005s ]
SQL: SELECT * FROM `tp_upload` WHERE ( classify="电影数据分析" ) ORDER BY id DESC LIMIT 5   [ RunTime:0.0005s ]
SQL: SELECT * FROM `tp_upload` WHERE ( classify="影视项目总分析" ) ORDER BY id DESC LIMIT 5   [ RunTime:0.0005s ]
SQL: SELECT * FROM `tp_upload` WHERE ( classify="行业研究" ) ORDER BY id DESC LIMIT 5   [ RunTime:0.0005s ]
SQL: SELECT * FROM `tp_upload` WHERE ( classify="月咨询总结" ) ORDER BY id DESC LIMIT 5   [ RunTime:0.0005s ]
SQL: SELECT * FROM `tp_upload` WHERE ( classify="最新消息" ) ORDER BY id DESC LIMIT 5   [ RunTime:0.0005s ]
INFO: [ app_end ] --START--
INFO: Run Behavior\ShowPageTraceBehavior [ RunTime:0.000598s ]
INFO: [ app_end ] --END-- [ RunTime:0.000641s ]

[ 2017-04-14T11:43:43+08:00 ] 115.159.205.133 /V/index.php/Home/User/log.html
INFO: [ app_init ] --START--
INFO: Run Behavior\BuildLiteBehavior [ RunTime:0.000010s ]
INFO: [ app_init ] --END-- [ RunTime:0.000221s ]
INFO: [ app_begin ] --START--
INFO: Run Behavior\ReadHtmlCacheBehavior [ RunTime:0.000287s ]
INFO: [ app_begin ] --END-- [ RunTime:0.000325s ]
NOTIC: [2] session_start(): open(/var/lib/php/session/sess_2ptj0321up6vfss6udpf63d2s6, O_RDWR) failed: Permission denied (13) /var/www/html/V/ThinkPHP/Common/functions.php 第 1263 行.
NOTIC: [8] Use of undefined constant upload - assumed 'upload' /var/www/html/V/Application/Home/Controller/UserController.class.php 第 161 行.
SQL: SHOW COLUMNS FROM `tp_upload` [ RunTime:0.0010s ]
SQL: SELECT * FROM `tp_upload` WHERE ( classify="今日晨读" ) ORDER BY id DESC LIMIT 5   [ RunTime:0.0007s ]
SQL: SELECT * FROM `tp_upload` WHERE ( classify="艺人数据分析" ) ORDER BY id DESC LIMIT 5   [ RunTime:0.0005s ]
SQL: SELECT * FROM `tp_upload` WHERE ( classify="电影数据分析" ) ORDER BY id DESC LIMIT 5   [ RunTime:0.0005s ]
SQL: SELECT * FROM `tp_upload` WHERE ( classify="影视项目总分析" ) ORDER BY id DESC LIMIT 5   [ RunTime:0.0006s ]
SQL: SELECT * FROM `tp_upload` WHERE ( classify="行业研究" ) ORDER BY id DESC LIMIT 5   [ RunTime:0.0006s ]
SQL: SELECT * FROM `tp_upload` WHERE ( classify="月咨询总结" ) ORDER BY id DESC LIMIT 5   [ RunTime:0.0006s ]
SQL: SELECT * FROM `tp_upload` WHERE ( classify="最新消息" ) ORDER BY id DESC LIMIT 5   [ RunTime:0.0010s ]
INFO: [ app_end ] --START--
INFO: Run Behavior\ShowPageTraceBehavior [ RunTime:0.000613s ]
INFO: [ app_end ] --END-- [ RunTime:0.000675s ]

[ 2017-04-14T11:43:43+08:00 ] 115.159.205.133 /V/index.php/Home/User/log.html
INFO: [ app_init ] --START--
INFO: Run Behavior\BuildLiteBehavior [ RunTime:0.000010s ]
INFO: [ app_init ] --END-- [ RunTime:0.000224s ]
INFO: [ app_begin ] --START--
INFO: Run Behavior\ReadHtmlCacheBehavior [ RunTime:0.000285s ]
INFO: [ app_begin ] --END-- [ RunTime:0.000324s ]
NOTIC: [2] session_start(): open(/var/lib/php/session/sess_urrt8j7f5mj0tu920stlbmg0u6, O_RDWR) failed: Permission denied (13) /var/www/html/V/ThinkPHP/Common/functions.php 第 1263 行.
NOTIC: [8] Use of undefined constant upload - assumed 'upload' /var/www/html/V/Application/Home/Controller/UserController.class.php 第 161 行.
SQL: SHOW COLUMNS FROM `tp_upload` [ RunTime:0.0009s ]
SQL: SELECT * FROM `tp_upload` WHERE ( classify="今日晨读" ) ORDER BY id DESC LIMIT 5   [ RunTime:0.0032s ]
SQL: SELECT * FROM `tp_upload` WHERE ( classify="艺人数据分析" ) ORDER BY id DESC LIMIT 5   [ RunTime:0.0010s ]
SQL: SELECT * FROM `tp_upload` WHERE ( classify="电影数据分析" ) ORDER BY id DESC LIMIT 5   [ RunTime:0.0007s ]
SQL: SELECT * FROM `tp_upload` WHERE ( classify="影视项目总分析" ) ORDER BY id DESC LIMIT 5   [ RunTime:0.0007s ]
SQL: SELECT * FROM `tp_upload` WHERE ( classify="行业研究" ) ORDER BY id DESC LIMIT 5   [ RunTime:0.0006s ]
SQL: SELECT * FROM `tp_upload` WHERE ( classify="月咨询总结" ) ORDER BY id DESC LIMIT 5   [ RunTime:0.0006s ]
SQL: SELECT * FROM `tp_upload` WHERE ( classify="最新消息" ) ORDER BY id DESC LIMIT 5   [ RunTime:0.0006s ]
INFO: [ app_end ] --START--
INFO: Run Behavior\ShowPageTraceBehavior [ RunTime:0.000442s ]
INFO: [ app_end ] --END-- [ RunTime:0.000504s ]

[ 2017-04-14T11:43:43+08:00 ] 115.159.205.133 /V/index.php/Home/User/log.html
INFO: [ app_init ] --START--
INFO: Run Behavior\BuildLiteBehavior [ RunTime:0.000013s ]
INFO: [ app_init ] --END-- [ RunTime:0.000233s ]
INFO: [ app_begin ] --START--
INFO: Run Behavior\ReadHtmlCacheBehavior [ RunTime:0.000322s ]
INFO: [ app_begin ] --END-- [ RunTime:0.000362s ]
NOTIC: [2] session_start(): open(/var/lib/php/session/sess_ahev80q9f87qp02ndhuefjf5v3, O_RDWR) failed: Permission denied (13) /var/www/html/V/ThinkPHP/Common/functions.php 第 1263 行.
NOTIC: [8] Use of undefined constant upload - assumed 'upload' /var/www/html/V/Application/Home/Controller/UserController.class.php 第 161 行.
SQL: SHOW COLUMNS FROM `tp_upload` [ RunTime:0.0028s ]
SQL: SELECT * FROM `tp_upload` WHERE ( classify="今日晨读" ) ORDER BY id DESC LIMIT 5   [ RunTime:0.0010s ]
SQL: SELECT * FROM `tp_upload` WHERE ( classify="艺人数据分析" ) ORDER BY id DESC LIMIT 5   [ RunTime:0.0006s ]
SQL: SELECT * FROM `tp_upload` WHERE ( classify="电影数据分析" ) ORDER BY id DESC LIMIT 5   [ RunTime:0.0007s ]
SQL: SELECT * FROM `tp_upload` WHERE ( classify="影视项目总分析" ) ORDER BY id DESC LIMIT 5   [ RunTime:0.0006s ]
SQL: SELECT * FROM `tp_upload` WHERE ( classify="行业研究" ) ORDER BY id DESC LIMIT 5   [ RunTime:0.0005s ]
SQL: SELECT * FROM `tp_upload` WHERE ( classify="月咨询总结" ) ORDER BY id DESC LIMIT 5   [ RunTime:0.0006s ]
SQL: SELECT * FROM `tp_upload` WHERE ( classify="最新消息" ) ORDER BY id DESC LIMIT 5   [ RunTime:0.0021s ]
INFO: [ app_end ] --START--
INFO: Run Behavior\ShowPageTraceBehavior [ RunTime:0.000478s ]
INFO: [ app_end ] --END-- [ RunTime:0.000525s ]

[ 2017-04-14T11:43:43+08:00 ] 115.159.205.133 /V/index.php/Home/User/log.html
INFO: [ app_init ] --START--
INFO: Run Behavior\BuildLiteBehavior [ RunTime:0.000011s ]
INFO: [ app_init ] --END-- [ RunTime:0.000225s ]
INFO: [ app_begin ] --START--
INFO: Run Behavior\ReadHtmlCacheBehavior [ RunTime:0.000330s ]
INFO: [ app_begin ] --END-- [ RunTime:0.000375s ]
NOTIC: [2] session_start(): open(/var/lib/php/session/sess_5vfgnb0puuhup9kbv939svtpn5, O_RDWR) failed: Permission denied (13) /var/www/html/V/ThinkPHP/Common/functions.php 第 1263 行.
NOTIC: [8] Use of undefined constant upload - assumed 'upload' /var/www/html/V/Application/Home/Controller/UserController.class.php 第 161 行.
SQL: SHOW COLUMNS FROM `tp_upload` [ RunTime:0.0012s ]
SQL: SELECT * FROM `tp_upload` WHERE ( classify="今日晨读" ) ORDER BY id DESC LIMIT 5   [ RunTime:0.0007s ]
SQL: SELECT * FROM `tp_upload` WHERE ( classify="艺人数据分析" ) ORDER BY id DESC LIMIT 5   [ RunTime:0.0006s ]
SQL: SELECT * FROM `tp_upload` WHERE ( classify="电影数据分析" ) ORDER BY id DESC LIMIT 5   [ RunTime:0.0006s ]
SQL: SELECT * FROM `tp_upload` WHERE ( classify="影视项目总分析" ) ORDER BY id DESC LIMIT 5   [ RunTime:0.0006s ]
SQL: SELECT * FROM `tp_upload` WHERE ( classify="行业研究" ) ORDER BY id DESC LIMIT 5   [ RunTime:0.0053s ]
SQL: SELECT * FROM `tp_upload` WHERE ( classify="月咨询总结" ) ORDER BY id DESC LIMIT 5   [ RunTime:0.0007s ]
SQL: SELECT * FROM `tp_upload` WHERE ( classify="最新消息" ) ORDER BY id DESC LIMIT 5   [ RunTime:0.0005s ]
INFO: [ app_end ] --START--
INFO: Run Behavior\ShowPageTraceBehavior [ RunTime:0.000679s ]
INFO: [ app_end ] --END-- [ RunTime:0.000725s ]

[ 2017-04-14T13:12:36+08:00 ] 115.159.205.133 /V/index.php/Home/User/log.html
INFO: [ app_init ] --START--
INFO: Run Behavior\BuildLiteBehavior [ RunTime:0.000019s ]
INFO: [ app_init ] --END-- [ RunTime:0.000270s ]
INFO: [ app_begin ] --START--
INFO: Run Behavior\ReadHtmlCacheBehavior [ RunTime:0.000296s ]
INFO: [ app_begin ] --END-- [ RunTime:0.000332s ]
NOTIC: [2] session_start(): open(/var/lib/php/session/sess_b6d14kotv02d1vjhjcli2fvma3, O_RDWR) failed: Permission denied (13) /var/www/html/V/ThinkPHP/Common/functions.php 第 1263 行.
NOTIC: [8] Use of undefined constant upload - assumed 'upload' /var/www/html/V/Application/Home/Controller/UserController.class.php 第 161 行.
SQL: SHOW COLUMNS FROM `tp_upload` [ RunTime:0.0012s ]
SQL: SELECT * FROM `tp_upload` WHERE ( classify="今日晨读" ) ORDER BY id DESC LIMIT 5   [ RunTime:0.0008s ]
SQL: SELECT * FROM `tp_upload` WHERE ( classify="艺人数据分析" ) ORDER BY id DESC LIMIT 5   [ RunTime:0.0006s ]
SQL: SELECT * FROM `tp_upload` WHERE ( classify="电影数据分析" ) ORDER BY id DESC LIMIT 5   [ RunTime:0.0006s ]
SQL: SELECT * FROM `tp_upload` WHERE ( classify="影视项目总分析" ) ORDER BY id DESC LIMIT 5   [ RunTime:0.0006s ]
SQL: SELECT * FROM `tp_upload` WHERE ( classify="行业研究" ) ORDER BY id DESC LIMIT 5   [ RunTime:0.0006s ]
SQL: SELECT * FROM `tp_upload` WHERE ( classify="月咨询总结" ) ORDER BY id DESC LIMIT 5   [ RunTime:0.0005s ]
SQL: SELECT * FROM `tp_upload` WHERE ( classify="最新消息" ) ORDER BY id DESC LIMIT 5   [ RunTime:0.0006s ]
INFO: [ app_end ] --START--
INFO: Run Behavior\ShowPageTraceBehavior [ RunTime:0.000480s ]
INFO: [ app_end ] --END-- [ RunTime:0.000539s ]

[ 2017-04-14T17:37:37+08:00 ] 115.159.205.133 /V/index.php/Home/User/log.html
INFO: [ app_init ] --START--
INFO: Run Behavior\BuildLiteBehavior [ RunTime:0.000013s ]
INFO: [ app_init ] --END-- [ RunTime:0.000265s ]
INFO: [ app_begin ] --START--
INFO: Run Behavior\ReadHtmlCacheBehavior [ RunTime:0.000329s ]
INFO: [ app_begin ] --END-- [ RunTime:0.000370s ]
NOTIC: [2] session_start(): open(/var/lib/php/session/sess_ddhpkscqc75s8dtm4riit99794, O_RDWR) failed: Permission denied (13) /var/www/html/V/ThinkPHP/Common/functions.php 第 1263 行.
NOTIC: [8] Use of undefined constant upload - assumed 'upload' /var/www/html/V/Application/Home/Controller/UserController.class.php 第 161 行.
SQL: SHOW COLUMNS FROM `tp_upload` [ RunTime:0.0010s ]
SQL: SELECT * FROM `tp_upload` WHERE ( classify="今日晨读" ) ORDER BY id DESC LIMIT 5   [ RunTime:0.0008s ]
SQL: SELECT * FROM `tp_upload` WHERE ( classify="艺人数据分析" ) ORDER BY id DESC LIMIT 5   [ RunTime:0.0006s ]
SQL: SELECT * FROM `tp_upload` WHERE ( classify="电影数据分析" ) ORDER BY id DESC LIMIT 5   [ RunTime:0.0005s ]
SQL: SELECT * FROM `tp_upload` WHERE ( classify="影视项目总分析" ) ORDER BY id DESC LIMIT 5   [ RunTime:0.0005s ]
SQL: SELECT * FROM `tp_upload` WHERE ( classify="行业研究" ) ORDER BY id DESC LIMIT 5   [ RunTime:0.0005s ]
SQL: SELECT * FROM `tp_upload` WHERE ( classify="月咨询总结" ) ORDER BY id DESC LIMIT 5   [ RunTime:0.0004s ]
SQL: SELECT * FROM `tp_upload` WHERE ( classify="最新消息" ) ORDER BY id DESC LIMIT 5   [ RunTime:0.0004s ]
INFO: [ app_end ] --START--
INFO: Run Behavior\ShowPageTraceBehavior [ RunTime:0.000560s ]
INFO: [ app_end ] --END-- [ RunTime:0.000611s ]

[ 2017-04-14T17:37:37+08:00 ] 115.159.205.133 /V/index.php/Home/User/log.html
INFO: [ app_init ] --START--
INFO: Run Behavior\BuildLiteBehavior [ RunTime:0.000010s ]
INFO: [ app_init ] --END-- [ RunTime:0.000238s ]
INFO: [ app_begin ] --START--
INFO: Run Behavior\ReadHtmlCacheBehavior [ RunTime:0.000281s ]
INFO: [ app_begin ] --END-- [ RunTime:0.000329s ]
NOTIC: [2] session_start(): open(/var/lib/php/session/sess_km6vtulp4td98s4dctorumdf62, O_RDWR) failed: Permission denied (13) /var/www/html/V/ThinkPHP/Common/functions.php 第 1263 行.
NOTIC: [8] Use of undefined constant upload - assumed 'upload' /var/www/html/V/Application/Home/Controller/UserController.class.php 第 161 行.
SQL: SHOW COLUMNS FROM `tp_upload` [ RunTime:0.0009s ]
SQL: SELECT * FROM `tp_upload` WHERE ( classify="今日晨读" ) ORDER BY id DESC LIMIT 5   [ RunTime:0.0008s ]
SQL: SELECT * FROM `tp_upload` WHERE ( classify="艺人数据分析" ) ORDER BY id DESC LIMIT 5   [ RunTime:0.0007s ]
SQL: SELECT * FROM `tp_upload` WHERE ( classify="电影数据分析" ) ORDER BY id DESC LIMIT 5   [ RunTime:0.0007s ]
SQL: SELECT * FROM `tp_upload` WHERE ( classify="影视项目总分析" ) ORDER BY id DESC LIMIT 5   [ RunTime:0.0006s ]
SQL: SELECT * FROM `tp_upload` WHERE ( classify="行业研究" ) ORDER BY id DESC LIMIT 5   [ RunTime:0.0006s ]
SQL: SELECT * FROM `tp_upload` WHERE ( classify="月咨询总结" ) ORDER BY id DESC LIMIT 5   [ RunTime:0.0004s ]
SQL: SELECT * FROM `tp_upload` WHERE ( classify="最新消息" ) ORDER BY id DESC LIMIT 5   [ RunTime:0.0004s ]
INFO: [ app_end ] --START--
INFO: Run Behavior\ShowPageTraceBehavior [ RunTime:0.000410s ]
INFO: [ app_end ] --END-- [ RunTime:0.000450s ]

[ 2017-04-14T17:37:37+08:00 ] 115.159.205.133 /V/index.php/Home/User/log.html
INFO: [ app_init ] --START--
INFO: Run Behavior\BuildLiteBehavior [ RunTime:0.000012s ]
INFO: [ app_init ] --END-- [ RunTime:0.000258s ]
INFO: [ app_begin ] --START--
INFO: Run Behavior\ReadHtmlCacheBehavior [ RunTime:0.000309s ]
INFO: [ app_begin ] --END-- [ RunTime:0.000349s ]
NOTIC: [2] session_start(): open(/var/lib/php/session/sess_get0nkcim5vu4vedsicjt2lo87, O_RDWR) failed: Permission denied (13) /var/www/html/V/ThinkPHP/Common/functions.php 第 1263 行.
NOTIC: [8] Use of undefined constant upload - assumed 'upload' /var/www/html/V/Application/Home/Controller/UserController.class.php 第 161 行.
SQL: SHOW COLUMNS FROM `tp_upload` [ RunTime:0.0011s ]
SQL: SELECT * FROM `tp_upload` WHERE ( classify="今日晨读" ) ORDER BY id DESC LIMIT 5   [ RunTime:0.0007s ]
SQL: SELECT * FROM `tp_upload` WHERE ( classify="艺人数据分析" ) ORDER BY id DESC LIMIT 5   [ RunTime:0.0006s ]
SQL: SELECT * FROM `tp_upload` WHERE ( classify="电影数据分析" ) ORDER BY id DESC LIMIT 5   [ RunTime:0.0006s ]
SQL: SELECT * FROM `tp_upload` WHERE ( classify="影视项目总分析" ) ORDER BY id DESC LIMIT 5   [ RunTime:0.0006s ]
SQL: SELECT * FROM `tp_upload` WHERE ( classify="行业研究" ) ORDER BY id DESC LIMIT 5   [ RunTime:0.0006s ]
SQL: SELECT * FROM `tp_upload` WHERE ( classify="月咨询总结" ) ORDER BY id DESC LIMIT 5   [ RunTime:0.0007s ]
SQL: SELECT * FROM `tp_upload` WHERE ( classify="最新消息" ) ORDER BY id DESC LIMIT 5   [ RunTime:0.0006s ]
INFO: [ app_end ] --START--
INFO: Run Behavior\ShowPageTraceBehavior [ RunTime:0.000437s ]
INFO: [ app_end ] --END-- [ RunTime:0.000479s ]

[ 2017-04-14T17:37:37+08:00 ] 115.159.205.133 /V/index.php/Home/User/log.html
INFO: [ app_init ] --START--
INFO: Run Behavior\BuildLiteBehavior [ RunTime:0.000011s ]
INFO: [ app_init ] --END-- [ RunTime:0.000222s ]
INFO: [ app_begin ] --START--
INFO: Run Behavior\ReadHtmlCacheBehavior [ RunTime:0.000294s ]
INFO: [ app_begin ] --END-- [ RunTime:0.000338s ]
NOTIC: [2] session_start(): open(/var/lib/php/session/sess_tcbohqk71185a7uvepooimeqo5, O_RDWR) failed: Permission denied (13) /var/www/html/V/ThinkPHP/Common/functions.php 第 1263 行.
NOTIC: [8] Use of undefined constant upload - assumed 'upload' /var/www/html/V/Application/Home/Controller/UserController.class.php 第 161 行.
SQL: SHOW COLUMNS FROM `tp_upload` [ RunTime:0.0009s ]
SQL: SELECT * FROM `tp_upload` WHERE ( classify="今日晨读" ) ORDER BY id DESC LIMIT 5   [ RunTime:0.0008s ]
SQL: SELECT * FROM `tp_upload` WHERE ( classify="艺人数据分析" ) ORDER BY id DESC LIMIT 5   [ RunTime:0.0006s ]
SQL: SELECT * FROM `tp_upload` WHERE ( classify="电影数据分析" ) ORDER BY id DESC LIMIT 5   [ RunTime:0.0005s ]
SQL: SELECT * FROM `tp_upload` WHERE ( classify="影视项目总分析" ) ORDER BY id DESC LIMIT 5   [ RunTime:0.0005s ]
SQL: SELECT * FROM `tp_upload` WHERE ( classify="行业研究" ) ORDER BY id DESC LIMIT 5   [ RunTime:0.0005s ]
SQL: SELECT * FROM `tp_upload` WHERE ( classify="月咨询总结" ) ORDER BY id DESC LIMIT 5   [ RunTime:0.0006s ]
SQL: SELECT * FROM `tp_upload` WHERE ( classify="最新消息" ) ORDER BY id DESC LIMIT 5   [ RunTime:0.0005s ]
INFO: [ app_end ] --START--
INFO: Run Behavior\ShowPageTraceBehavior [ RunTime:0.000408s ]
INFO: [ app_end ] --END-- [ RunTime:0.000447s ]

[ 2017-04-14T20:14:19+08:00 ] 115.159.205.133 /V/index.php/Home/User/log.html
INFO: [ app_init ] --START--
INFO: Run Behavior\BuildLiteBehavior [ RunTime:0.000013s ]
INFO: [ app_init ] --END-- [ RunTime:0.000239s ]
INFO: [ app_begin ] --START--
INFO: Run Behavior\ReadHtmlCacheBehavior [ RunTime:0.000315s ]
INFO: [ app_begin ] --END-- [ RunTime:0.000354s ]
NOTIC: [2] session_start(): open(/var/lib/php/session/sess_eggo8k56u99p3sdmv586odr1p6, O_RDWR) failed: Permission denied (13) /var/www/html/V/ThinkPHP/Common/functions.php 第 1263 行.
NOTIC: [8] Use of undefined constant upload - assumed 'upload' /var/www/html/V/Application/Home/Controller/UserController.class.php 第 161 行.
SQL: SHOW COLUMNS FROM `tp_upload` [ RunTime:0.0010s ]
SQL: SELECT * FROM `tp_upload` WHERE ( classify="今日晨读" ) ORDER BY id DESC LIMIT 5   [ RunTime:0.0008s ]
SQL: SELECT * FROM `tp_upload` WHERE ( classify="艺人数据分析" ) ORDER BY id DESC LIMIT 5   [ RunTime:0.0005s ]
SQL: SELECT * FROM `tp_upload` WHERE ( classify="电影数据分析" ) ORDER BY id DESC LIMIT 5   [ RunTime:0.0005s ]
SQL: SELECT * FROM `tp_upload` WHERE ( classify="影视项目总分析" ) ORDER BY id DESC LIMIT 5   [ RunTime:0.0005s ]
SQL: SELECT * FROM `tp_upload` WHERE ( classify="行业研究" ) ORDER BY id DESC LIMIT 5   [ RunTime:0.0006s ]
SQL: SELECT * FROM `tp_upload` WHERE ( classify="月咨询总结" ) ORDER BY id DESC LIMIT 5   [ RunTime:0.0006s ]
SQL: SELECT * FROM `tp_upload` WHERE ( classify="最新消息" ) ORDER BY id DESC LIMIT 5   [ RunTime:0.0005s ]
INFO: [ app_end ] --START--
INFO: Run Behavior\ShowPageTraceBehavior [ RunTime:0.000434s ]
INFO: [ app_end ] --END-- [ RunTime:0.000498s ]

