[ 2017-07-12T00:04:17+08:00 ] 115.159.205.133 /V/index.php/Home/User/log.html
INFO: [ app_init ] --START--
INFO: Run Behavior\BuildLiteBehavior [ RunTime:0.000019s ]
INFO: [ app_init ] --END-- [ RunTime:0.000348s ]
INFO: [ app_begin ] --START--
INFO: Run Behavior\ReadHtmlCacheBehavior [ RunTime:0.000367s ]
INFO: [ app_begin ] --END-- [ RunTime:0.000430s ]
NOTIC: [2] session_start(): open(/var/lib/php/session/sess_af5l8prb9fgj2gs3a3n6ul24n2, O_RDWR) failed: Permission denied (13) /var/www/html/V/ThinkPHP/Common/functions.php 第 1263 行.
NOTIC: [8] Use of undefined constant upload - assumed 'upload' /var/www/html/V/Application/Home/Controller/UserController.class.php 第 161 行.
SQL: SHOW COLUMNS FROM `tp_upload` [ RunTime:0.0010s ]
SQL: SELECT * FROM `tp_upload` WHERE ( classify="今日晨读" ) ORDER BY id DESC LIMIT 5   [ RunTime:0.0007s ]
SQL: SELECT * FROM `tp_upload` WHERE ( classify="艺人数据分析" ) ORDER BY id DESC LIMIT 5   [ RunTime:0.0005s ]
SQL: SELECT * FROM `tp_upload` WHERE ( classify="电影数据分析" ) ORDER BY id DESC LIMIT 5   [ RunTime:0.0005s ]
SQL: SELECT * FROM `tp_upload` WHERE ( classify="影视项目总分析" ) ORDER BY id DESC LIMIT 5   [ RunTime:0.0008s ]
SQL: SELECT * FROM `tp_upload` WHERE ( classify="行业研究" ) ORDER BY id DESC LIMIT 5   [ RunTime:0.0005s ]
SQL: SELECT * FROM `tp_upload` WHERE ( classify="月咨询总结" ) ORDER BY id DESC LIMIT 5   [ RunTime:0.0004s ]
SQL: SELECT * FROM `tp_upload` WHERE ( classify="最新消息" ) ORDER BY id DESC LIMIT 5   [ RunTime:0.0005s ]
INFO: [ app_end ] --START--
INFO: Run Behavior\ShowPageTraceBehavior [ RunTime:0.000695s ]
INFO: [ app_end ] --END-- [ RunTime:0.000744s ]

[ 2017-07-12T00:50:33+08:00 ] 115.159.205.133 /V/index.php/Home/User/log.html
INFO: [ app_init ] --START--
INFO: Run Behavior\BuildLiteBehavior [ RunTime:0.000021s ]
INFO: [ app_init ] --END-- [ RunTime:0.000319s ]
INFO: [ app_begin ] --START--
INFO: Run Behavior\ReadHtmlCacheBehavior [ RunTime:0.000375s ]
INFO: [ app_begin ] --END-- [ RunTime:0.000430s ]
NOTIC: [2] session_start(): open(/var/lib/php/session/sess_7i6tkodngsjl7csv8isrruct92, O_RDWR) failed: Permission denied (13) /var/www/html/V/ThinkPHP/Common/functions.php 第 1263 行.
NOTIC: [8] Use of undefined constant upload - assumed 'upload' /var/www/html/V/Application/Home/Controller/UserController.class.php 第 161 行.
SQL: SHOW COLUMNS FROM `tp_upload` [ RunTime:0.0009s ]
SQL: SELECT * FROM `tp_upload` WHERE ( classify="今日晨读" ) ORDER BY id DESC LIMIT 5   [ RunTime:0.0007s ]
SQL: SELECT * FROM `tp_upload` WHERE ( classify="艺人数据分析" ) ORDER BY id DESC LIMIT 5   [ RunTime:0.0006s ]
SQL: SELECT * FROM `tp_upload` WHERE ( classify="电影数据分析" ) ORDER BY id DESC LIMIT 5   [ RunTime:0.0006s ]
SQL: SELECT * FROM `tp_upload` WHERE ( classify="影视项目总分析" ) ORDER BY id DESC LIMIT 5   [ RunTime:0.0005s ]
SQL: SELECT * FROM `tp_upload` WHERE ( classify="行业研究" ) ORDER BY id DESC LIMIT 5   [ RunTime:0.0005s ]
SQL: SELECT * FROM `tp_upload` WHERE ( classify="月咨询总结" ) ORDER BY id DESC LIMIT 5   [ RunTime:0.0005s ]
SQL: SELECT * FROM `tp_upload` WHERE ( classify="最新消息" ) ORDER BY id DESC LIMIT 5   [ RunTime:0.0006s ]
INFO: [ app_end ] --START--
INFO: Run Behavior\ShowPageTraceBehavior [ RunTime:0.000977s ]
INFO: [ app_end ] --END-- [ RunTime:0.001084s ]

[ 2017-07-12T00:50:34+08:00 ] 115.159.205.133 /V/index.php/Home/User/log.html
INFO: [ app_init ] --START--
INFO: Run Behavior\BuildLiteBehavior [ RunTime:0.000018s ]
INFO: [ app_init ] --END-- [ RunTime:0.000335s ]
INFO: [ app_begin ] --START--
INFO: Run Behavior\ReadHtmlCacheBehavior [ RunTime:0.000359s ]
INFO: [ app_begin ] --END-- [ RunTime:0.000404s ]
NOTIC: [2] session_start(): open(/var/lib/php/session/sess_iq5k2lp5kf52fiev6rehke1tl4, O_RDWR) failed: Permission denied (13) /var/www/html/V/ThinkPHP/Common/functions.php 第 1263 行.
NOTIC: [8] Use of undefined constant upload - assumed 'upload' /var/www/html/V/Application/Home/Controller/UserController.class.php 第 161 行.
SQL: SHOW COLUMNS FROM `tp_upload` [ RunTime:0.0008s ]
SQL: SELECT * FROM `tp_upload` WHERE ( classify="今日晨读" ) ORDER BY id DESC LIMIT 5   [ RunTime:0.0007s ]
SQL: SELECT * FROM `tp_upload` WHERE ( classify="艺人数据分析" ) ORDER BY id DESC LIMIT 5   [ RunTime:0.0005s ]
SQL: SELECT * FROM `tp_upload` WHERE ( classify="电影数据分析" ) ORDER BY id DESC LIMIT 5   [ RunTime:0.0005s ]
SQL: SELECT * FROM `tp_upload` WHERE ( classify="影视项目总分析" ) ORDER BY id DESC LIMIT 5   [ RunTime:0.0005s ]
SQL: SELECT * FROM `tp_upload` WHERE ( classify="行业研究" ) ORDER BY id DESC LIMIT 5   [ RunTime:0.0005s ]
SQL: SELECT * FROM `tp_upload` WHERE ( classify="月咨询总结" ) ORDER BY id DESC LIMIT 5   [ RunTime:0.0005s ]
SQL: SELECT * FROM `tp_upload` WHERE ( classify="最新消息" ) ORDER BY id DESC LIMIT 5   [ RunTime:0.0005s ]
INFO: [ app_end ] --START--
INFO: Run Behavior\ShowPageTraceBehavior [ RunTime:0.000601s ]
INFO: [ app_end ] --END-- [ RunTime:0.000664s ]

[ 2017-07-12T00:50:35+08:00 ] 115.159.205.133 /V/index.php/Home/User/log.html
INFO: [ app_init ] --START--
INFO: Run Behavior\BuildLiteBehavior [ RunTime:0.000030s ]
INFO: [ app_init ] --END-- [ RunTime:0.000454s ]
INFO: [ app_begin ] --START--
INFO: Run Behavior\ReadHtmlCacheBehavior [ RunTime:0.000606s ]
INFO: [ app_begin ] --END-- [ RunTime:0.000663s ]
NOTIC: [2] session_start(): open(/var/lib/php/session/sess_mu7p1rllmfs47oa6hvd56tusg3, O_RDWR) failed: Permission denied (13) /var/www/html/V/ThinkPHP/Common/functions.php 第 1263 行.
NOTIC: [8] Use of undefined constant upload - assumed 'upload' /var/www/html/V/Application/Home/Controller/UserController.class.php 第 161 行.
SQL: SHOW COLUMNS FROM `tp_upload` [ RunTime:0.0010s ]
SQL: SELECT * FROM `tp_upload` WHERE ( classify="今日晨读" ) ORDER BY id DESC LIMIT 5   [ RunTime:0.0008s ]
SQL: SELECT * FROM `tp_upload` WHERE ( classify="艺人数据分析" ) ORDER BY id DESC LIMIT 5   [ RunTime:0.0010s ]
SQL: SELECT * FROM `tp_upload` WHERE ( classify="电影数据分析" ) ORDER BY id DESC LIMIT 5   [ RunTime:0.0006s ]
SQL: SELECT * FROM `tp_upload` WHERE ( classify="影视项目总分析" ) ORDER BY id DESC LIMIT 5   [ RunTime:0.0005s ]
SQL: SELECT * FROM `tp_upload` WHERE ( classify="行业研究" ) ORDER BY id DESC LIMIT 5   [ RunTime:0.0005s ]
SQL: SELECT * FROM `tp_upload` WHERE ( classify="月咨询总结" ) ORDER BY id DESC LIMIT 5   [ RunTime:0.0005s ]
SQL: SELECT * FROM `tp_upload` WHERE ( classify="最新消息" ) ORDER BY id DESC LIMIT 5   [ RunTime:0.0005s ]
INFO: [ app_end ] --START--
INFO: Run Behavior\ShowPageTraceBehavior [ RunTime:0.000816s ]
INFO: [ app_end ] --END-- [ RunTime:0.000899s ]

[ 2017-07-12T00:50:35+08:00 ] 115.159.205.133 /V/index.php/Home/User/log.html
INFO: [ app_init ] --START--
INFO: Run Behavior\BuildLiteBehavior [ RunTime:0.000014s ]
INFO: [ app_init ] --END-- [ RunTime:0.000251s ]
INFO: [ app_begin ] --START--
INFO: Run Behavior\ReadHtmlCacheBehavior [ RunTime:0.000311s ]
INFO: [ app_begin ] --END-- [ RunTime:0.000350s ]
NOTIC: [2] session_start(): open(/var/lib/php/session/sess_8efvjvonjn35mrp0p8o0ui80i1, O_RDWR) failed: Permission denied (13) /var/www/html/V/ThinkPHP/Common/functions.php 第 1263 行.
NOTIC: [8] Use of undefined constant upload - assumed 'upload' /var/www/html/V/Application/Home/Controller/UserController.class.php 第 161 行.
SQL: SHOW COLUMNS FROM `tp_upload` [ RunTime:0.0008s ]
SQL: SELECT * FROM `tp_upload` WHERE ( classify="今日晨读" ) ORDER BY id DESC LIMIT 5   [ RunTime:0.0006s ]
SQL: SELECT * FROM `tp_upload` WHERE ( classify="艺人数据分析" ) ORDER BY id DESC LIMIT 5   [ RunTime:0.0005s ]
SQL: SELECT * FROM `tp_upload` WHERE ( classify="电影数据分析" ) ORDER BY id DESC LIMIT 5   [ RunTime:0.0005s ]
SQL: SELECT * FROM `tp_upload` WHERE ( classify="影视项目总分析" ) ORDER BY id DESC LIMIT 5   [ RunTime:0.0007s ]
SQL: SELECT * FROM `tp_upload` WHERE ( classify="行业研究" ) ORDER BY id DESC LIMIT 5   [ RunTime:0.0005s ]
SQL: SELECT * FROM `tp_upload` WHERE ( classify="月咨询总结" ) ORDER BY id DESC LIMIT 5   [ RunTime:0.0005s ]
SQL: SELECT * FROM `tp_upload` WHERE ( classify="最新消息" ) ORDER BY id DESC LIMIT 5   [ RunTime:0.0005s ]
INFO: [ app_end ] --START--
INFO: Run Behavior\ShowPageTraceBehavior [ RunTime:0.000534s ]
INFO: [ app_end ] --END-- [ RunTime:0.000578s ]

[ 2017-07-12T00:51:11+08:00 ] 115.159.205.133 /V/index.php/Home/User/log.html
INFO: [ app_init ] --START--
INFO: Run Behavior\BuildLiteBehavior [ RunTime:0.000016s ]
INFO: [ app_init ] --END-- [ RunTime:0.000333s ]
INFO: [ app_begin ] --START--
INFO: Run Behavior\ReadHtmlCacheBehavior [ RunTime:0.000364s ]
INFO: [ app_begin ] --END-- [ RunTime:0.000407s ]
NOTIC: [2] session_start(): open(/var/lib/php/session/sess_66kl0mu2k9hhng8n87off75do1, O_RDWR) failed: Permission denied (13) /var/www/html/V/ThinkPHP/Common/functions.php 第 1263 行.
NOTIC: [8] Use of undefined constant upload - assumed 'upload' /var/www/html/V/Application/Home/Controller/UserController.class.php 第 161 行.
SQL: SHOW COLUMNS FROM `tp_upload` [ RunTime:0.0009s ]
SQL: SELECT * FROM `tp_upload` WHERE ( classify="今日晨读" ) ORDER BY id DESC LIMIT 5   [ RunTime:0.0007s ]
SQL: SELECT * FROM `tp_upload` WHERE ( classify="艺人数据分析" ) ORDER BY id DESC LIMIT 5   [ RunTime:0.0005s ]
SQL: SELECT * FROM `tp_upload` WHERE ( classify="电影数据分析" ) ORDER BY id DESC LIMIT 5   [ RunTime:0.0005s ]
SQL: SELECT * FROM `tp_upload` WHERE ( classify="影视项目总分析" ) ORDER BY id DESC LIMIT 5   [ RunTime:0.0005s ]
SQL: SELECT * FROM `tp_upload` WHERE ( classify="行业研究" ) ORDER BY id DESC LIMIT 5   [ RunTime:0.0005s ]
SQL: SELECT * FROM `tp_upload` WHERE ( classify="月咨询总结" ) ORDER BY id DESC LIMIT 5   [ RunTime:0.0005s ]
SQL: SELECT * FROM `tp_upload` WHERE ( classify="最新消息" ) ORDER BY id DESC LIMIT 5   [ RunTime:0.0010s ]
INFO: [ app_end ] --START--
INFO: Run Behavior\ShowPageTraceBehavior [ RunTime:0.000591s ]
INFO: [ app_end ] --END-- [ RunTime:0.000641s ]

[ 2017-07-12T00:52:40+08:00 ] 115.159.205.133 /V/index.php/Home/User/log.html
INFO: [ app_init ] --START--
INFO: Run Behavior\BuildLiteBehavior [ RunTime:0.000016s ]
INFO: [ app_init ] --END-- [ RunTime:0.000284s ]
INFO: [ app_begin ] --START--
INFO: Run Behavior\ReadHtmlCacheBehavior [ RunTime:0.000521s ]
INFO: [ app_begin ] --END-- [ RunTime:0.000570s ]
NOTIC: [2] session_start(): open(/var/lib/php/session/sess_p0810rps565thkiaebrfitj9g4, O_RDWR) failed: Permission denied (13) /var/www/html/V/ThinkPHP/Common/functions.php 第 1263 行.
NOTIC: [8] Use of undefined constant upload - assumed 'upload' /var/www/html/V/Application/Home/Controller/UserController.class.php 第 161 行.
SQL: SHOW COLUMNS FROM `tp_upload` [ RunTime:0.0010s ]
SQL: SELECT * FROM `tp_upload` WHERE ( classify="今日晨读" ) ORDER BY id DESC LIMIT 5   [ RunTime:0.0007s ]
SQL: SELECT * FROM `tp_upload` WHERE ( classify="艺人数据分析" ) ORDER BY id DESC LIMIT 5   [ RunTime:0.0005s ]
SQL: SELECT * FROM `tp_upload` WHERE ( classify="电影数据分析" ) ORDER BY id DESC LIMIT 5   [ RunTime:0.0005s ]
SQL: SELECT * FROM `tp_upload` WHERE ( classify="影视项目总分析" ) ORDER BY id DESC LIMIT 5   [ RunTime:0.0006s ]
SQL: SELECT * FROM `tp_upload` WHERE ( classify="行业研究" ) ORDER BY id DESC LIMIT 5   [ RunTime:0.0005s ]
SQL: SELECT * FROM `tp_upload` WHERE ( classify="月咨询总结" ) ORDER BY id DESC LIMIT 5   [ RunTime:0.0005s ]
SQL: SELECT * FROM `tp_upload` WHERE ( classify="最新消息" ) ORDER BY id DESC LIMIT 5   [ RunTime:0.0006s ]
INFO: [ app_end ] --START--
INFO: Run Behavior\ShowPageTraceBehavior [ RunTime:0.000793s ]
INFO: [ app_end ] --END-- [ RunTime:0.000853s ]

[ 2017-07-12T00:52:51+08:00 ] 115.159.205.133 /V/index.php/Home/User/log.html
INFO: [ app_init ] --START--
INFO: Run Behavior\BuildLiteBehavior [ RunTime:0.000020s ]
INFO: [ app_init ] --END-- [ RunTime:0.000411s ]
INFO: [ app_begin ] --START--
INFO: Run Behavior\ReadHtmlCacheBehavior [ RunTime:0.000435s ]
INFO: [ app_begin ] --END-- [ RunTime:0.000486s ]
NOTIC: [2] session_start(): open(/var/lib/php/session/sess_mkplhlrvsou3bbr664kbp43hk1, O_RDWR) failed: Permission denied (13) /var/www/html/V/ThinkPHP/Common/functions.php 第 1263 行.
NOTIC: [8] Use of undefined constant upload - assumed 'upload' /var/www/html/V/Application/Home/Controller/UserController.class.php 第 161 行.
SQL: SHOW COLUMNS FROM `tp_upload` [ RunTime:0.0009s ]
SQL: SELECT * FROM `tp_upload` WHERE ( classify="今日晨读" ) ORDER BY id DESC LIMIT 5   [ RunTime:0.0007s ]
SQL: SELECT * FROM `tp_upload` WHERE ( classify="艺人数据分析" ) ORDER BY id DESC LIMIT 5   [ RunTime:0.0005s ]
SQL: SELECT * FROM `tp_upload` WHERE ( classify="电影数据分析" ) ORDER BY id DESC LIMIT 5   [ RunTime:0.0005s ]
SQL: SELECT * FROM `tp_upload` WHERE ( classify="影视项目总分析" ) ORDER BY id DESC LIMIT 5   [ RunTime:0.0005s ]
SQL: SELECT * FROM `tp_upload` WHERE ( classify="行业研究" ) ORDER BY id DESC LIMIT 5   [ RunTime:0.0006s ]
SQL: SELECT * FROM `tp_upload` WHERE ( classify="月咨询总结" ) ORDER BY id DESC LIMIT 5   [ RunTime:0.0006s ]
SQL: SELECT * FROM `tp_upload` WHERE ( classify="最新消息" ) ORDER BY id DESC LIMIT 5   [ RunTime:0.0006s ]
INFO: [ app_end ] --START--
INFO: Run Behavior\ShowPageTraceBehavior [ RunTime:0.000722s ]
INFO: [ app_end ] --END-- [ RunTime:0.000782s ]

[ 2017-07-12T00:53:28+08:00 ] 115.159.205.133 /V/index.php/Home/User/log.html
INFO: [ app_init ] --START--
INFO: Run Behavior\BuildLiteBehavior [ RunTime:0.000019s ]
INFO: [ app_init ] --END-- [ RunTime:0.000369s ]
INFO: [ app_begin ] --START--
INFO: Run Behavior\ReadHtmlCacheBehavior [ RunTime:0.000337s ]
INFO: [ app_begin ] --END-- [ RunTime:0.000378s ]
NOTIC: [2] session_start(): open(/var/lib/php/session/sess_mlqlg4c9tgdvuph5bbvvgob537, O_RDWR) failed: Permission denied (13) /var/www/html/V/ThinkPHP/Common/functions.php 第 1263 行.
NOTIC: [8] Use of undefined constant upload - assumed 'upload' /var/www/html/V/Application/Home/Controller/UserController.class.php 第 161 行.
SQL: SHOW COLUMNS FROM `tp_upload` [ RunTime:0.0009s ]
SQL: SELECT * FROM `tp_upload` WHERE ( classify="今日晨读" ) ORDER BY id DESC LIMIT 5   [ RunTime:0.0007s ]
SQL: SELECT * FROM `tp_upload` WHERE ( classify="艺人数据分析" ) ORDER BY id DESC LIMIT 5   [ RunTime:0.0006s ]
SQL: SELECT * FROM `tp_upload` WHERE ( classify="电影数据分析" ) ORDER BY id DESC LIMIT 5   [ RunTime:0.0006s ]
SQL: SELECT * FROM `tp_upload` WHERE ( classify="影视项目总分析" ) ORDER BY id DESC LIMIT 5   [ RunTime:0.0006s ]
SQL: SELECT * FROM `tp_upload` WHERE ( classify="行业研究" ) ORDER BY id DESC LIMIT 5   [ RunTime:0.0007s ]
SQL: SELECT * FROM `tp_upload` WHERE ( classify="月咨询总结" ) ORDER BY id DESC LIMIT 5   [ RunTime:0.0005s ]
SQL: SELECT * FROM `tp_upload` WHERE ( classify="最新消息" ) ORDER BY id DESC LIMIT 5   [ RunTime:0.0005s ]
INFO: [ app_end ] --START--
INFO: Run Behavior\ShowPageTraceBehavior [ RunTime:0.000692s ]
INFO: [ app_end ] --END-- [ RunTime:0.000755s ]

[ 2017-07-12T00:59:29+08:00 ] 115.159.205.133 /V/index.php/Home/User/log.html
INFO: [ app_init ] --START--
INFO: Run Behavior\BuildLiteBehavior [ RunTime:0.000016s ]
INFO: [ app_init ] --END-- [ RunTime:0.000303s ]
INFO: [ app_begin ] --START--
INFO: Run Behavior\ReadHtmlCacheBehavior [ RunTime:0.000350s ]
INFO: [ app_begin ] --END-- [ RunTime:0.000396s ]
NOTIC: [2] session_start(): open(/var/lib/php/session/sess_9no0c8k0a1nj7ed1juvrq31o40, O_RDWR) failed: Permission denied (13) /var/www/html/V/ThinkPHP/Common/functions.php 第 1263 行.
NOTIC: [8] Use of undefined constant upload - assumed 'upload' /var/www/html/V/Application/Home/Controller/UserController.class.php 第 161 行.
SQL: SHOW COLUMNS FROM `tp_upload` [ RunTime:0.0014s ]
SQL: SELECT * FROM `tp_upload` WHERE ( classify="今日晨读" ) ORDER BY id DESC LIMIT 5   [ RunTime:0.0009s ]
SQL: SELECT * FROM `tp_upload` WHERE ( classify="艺人数据分析" ) ORDER BY id DESC LIMIT 5   [ RunTime:0.0006s ]
SQL: SELECT * FROM `tp_upload` WHERE ( classify="电影数据分析" ) ORDER BY id DESC LIMIT 5   [ RunTime:0.0006s ]
SQL: SELECT * FROM `tp_upload` WHERE ( classify="影视项目总分析" ) ORDER BY id DESC LIMIT 5   [ RunTime:0.0005s ]
SQL: SELECT * FROM `tp_upload` WHERE ( classify="行业研究" ) ORDER BY id DESC LIMIT 5   [ RunTime:0.0005s ]
SQL: SELECT * FROM `tp_upload` WHERE ( classify="月咨询总结" ) ORDER BY id DESC LIMIT 5   [ RunTime:0.0006s ]
SQL: SELECT * FROM `tp_upload` WHERE ( classify="最新消息" ) ORDER BY id DESC LIMIT 5   [ RunTime:0.0008s ]
INFO: [ app_end ] --START--
INFO: Run Behavior\ShowPageTraceBehavior [ RunTime:0.000692s ]
INFO: [ app_end ] --END-- [ RunTime:0.000743s ]

[ 2017-07-12T00:59:29+08:00 ] 115.159.205.133 /V/index.php/Home/User/log.html
INFO: [ app_init ] --START--
INFO: Run Behavior\BuildLiteBehavior [ RunTime:0.000018s ]
INFO: [ app_init ] --END-- [ RunTime:0.000325s ]
INFO: [ app_begin ] --START--
INFO: Run Behavior\ReadHtmlCacheBehavior [ RunTime:0.000381s ]
INFO: [ app_begin ] --END-- [ RunTime:0.000445s ]
NOTIC: [2] session_start(): open(/var/lib/php/session/sess_dcjm9j8j38g4115gelqae0g5j3, O_RDWR) failed: Permission denied (13) /var/www/html/V/ThinkPHP/Common/functions.php 第 1263 行.
NOTIC: [8] Use of undefined constant upload - assumed 'upload' /var/www/html/V/Application/Home/Controller/UserController.class.php 第 161 行.
SQL: SHOW COLUMNS FROM `tp_upload` [ RunTime:0.0010s ]
SQL: SELECT * FROM `tp_upload` WHERE ( classify="今日晨读" ) ORDER BY id DESC LIMIT 5   [ RunTime:0.0007s ]
SQL: SELECT * FROM `tp_upload` WHERE ( classify="艺人数据分析" ) ORDER BY id DESC LIMIT 5   [ RunTime:0.0005s ]
SQL: SELECT * FROM `tp_upload` WHERE ( classify="电影数据分析" ) ORDER BY id DESC LIMIT 5   [ RunTime:0.0005s ]
SQL: SELECT * FROM `tp_upload` WHERE ( classify="影视项目总分析" ) ORDER BY id DESC LIMIT 5   [ RunTime:0.0005s ]
SQL: SELECT * FROM `tp_upload` WHERE ( classify="行业研究" ) ORDER BY id DESC LIMIT 5   [ RunTime:0.0005s ]
SQL: SELECT * FROM `tp_upload` WHERE ( classify="月咨询总结" ) ORDER BY id DESC LIMIT 5   [ RunTime:0.0005s ]
SQL: SELECT * FROM `tp_upload` WHERE ( classify="最新消息" ) ORDER BY id DESC LIMIT 5   [ RunTime:0.0004s ]
INFO: [ app_end ] --START--
INFO: Run Behavior\ShowPageTraceBehavior [ RunTime:0.000686s ]
INFO: [ app_end ] --END-- [ RunTime:0.000736s ]

[ 2017-07-12T00:59:29+08:00 ] 115.159.205.133 /V/index.php/Home/User/log.html
INFO: [ app_init ] --START--
INFO: Run Behavior\BuildLiteBehavior [ RunTime:0.000013s ]
INFO: [ app_init ] --END-- [ RunTime:0.000246s ]
INFO: [ app_begin ] --START--
INFO: Run Behavior\ReadHtmlCacheBehavior [ RunTime:0.000298s ]
INFO: [ app_begin ] --END-- [ RunTime:0.000338s ]
NOTIC: [2] session_start(): open(/var/lib/php/session/sess_m3rrlp88s2cj3e7pth54js94c5, O_RDWR) failed: Permission denied (13) /var/www/html/V/ThinkPHP/Common/functions.php 第 1263 行.
NOTIC: [8] Use of undefined constant upload - assumed 'upload' /var/www/html/V/Application/Home/Controller/UserController.class.php 第 161 行.
SQL: SHOW COLUMNS FROM `tp_upload` [ RunTime:0.0007s ]
SQL: SELECT * FROM `tp_upload` WHERE ( classify="今日晨读" ) ORDER BY id DESC LIMIT 5   [ RunTime:0.0007s ]
SQL: SELECT * FROM `tp_upload` WHERE ( classify="艺人数据分析" ) ORDER BY id DESC LIMIT 5   [ RunTime:0.0007s ]
SQL: SELECT * FROM `tp_upload` WHERE ( classify="电影数据分析" ) ORDER BY id DESC LIMIT 5   [ RunTime:0.0006s ]
SQL: SELECT * FROM `tp_upload` WHERE ( classify="影视项目总分析" ) ORDER BY id DESC LIMIT 5   [ RunTime:0.0005s ]
SQL: SELECT * FROM `tp_upload` WHERE ( classify="行业研究" ) ORDER BY id DESC LIMIT 5   [ RunTime:0.0006s ]
SQL: SELECT * FROM `tp_upload` WHERE ( classify="月咨询总结" ) ORDER BY id DESC LIMIT 5   [ RunTime:0.0006s ]
SQL: SELECT * FROM `tp_upload` WHERE ( classify="最新消息" ) ORDER BY id DESC LIMIT 5   [ RunTime:0.0006s ]
INFO: [ app_end ] --START--
INFO: Run Behavior\ShowPageTraceBehavior [ RunTime:0.000610s ]
INFO: [ app_end ] --END-- [ RunTime:0.000679s ]

[ 2017-07-12T00:59:29+08:00 ] 115.159.205.133 /V/index.php/Home/User/log.html
INFO: [ app_init ] --START--
INFO: Run Behavior\BuildLiteBehavior [ RunTime:0.000016s ]
INFO: [ app_init ] --END-- [ RunTime:0.000271s ]
INFO: [ app_begin ] --START--
INFO: Run Behavior\ReadHtmlCacheBehavior [ RunTime:0.000338s ]
INFO: [ app_begin ] --END-- [ RunTime:0.000380s ]
NOTIC: [2] session_start(): open(/var/lib/php/session/sess_vb8v59jod6d0ejkg9ibuab2ac7, O_RDWR) failed: Permission denied (13) /var/www/html/V/ThinkPHP/Common/functions.php 第 1263 行.
NOTIC: [8] Use of undefined constant upload - assumed 'upload' /var/www/html/V/Application/Home/Controller/UserController.class.php 第 161 行.
SQL: SHOW COLUMNS FROM `tp_upload` [ RunTime:0.0007s ]
SQL: SELECT * FROM `tp_upload` WHERE ( classify="今日晨读" ) ORDER BY id DESC LIMIT 5   [ RunTime:0.0006s ]
SQL: SELECT * FROM `tp_upload` WHERE ( classify="艺人数据分析" ) ORDER BY id DESC LIMIT 5   [ RunTime:0.0005s ]
SQL: SELECT * FROM `tp_upload` WHERE ( classify="电影数据分析" ) ORDER BY id DESC LIMIT 5   [ RunTime:0.0005s ]
SQL: SELECT * FROM `tp_upload` WHERE ( classify="影视项目总分析" ) ORDER BY id DESC LIMIT 5   [ RunTime:0.0005s ]
SQL: SELECT * FROM `tp_upload` WHERE ( classify="行业研究" ) ORDER BY id DESC LIMIT 5   [ RunTime:0.0005s ]
SQL: SELECT * FROM `tp_upload` WHERE ( classify="月咨询总结" ) ORDER BY id DESC LIMIT 5   [ RunTime:0.0007s ]
SQL: SELECT * FROM `tp_upload` WHERE ( classify="最新消息" ) ORDER BY id DESC LIMIT 5   [ RunTime:0.0005s ]
INFO: [ app_end ] --START--
INFO: Run Behavior\ShowPageTraceBehavior [ RunTime:0.001045s ]
INFO: [ app_end ] --END-- [ RunTime:0.001096s ]

[ 2017-07-12T00:59:37+08:00 ] 115.159.205.133 /V/index.php/Home/User/log.html
INFO: [ app_init ] --START--
INFO: Run Behavior\BuildLiteBehavior [ RunTime:0.000011s ]
INFO: [ app_init ] --END-- [ RunTime:0.000239s ]
INFO: [ app_begin ] --START--
INFO: Run Behavior\ReadHtmlCacheBehavior [ RunTime:0.000291s ]
INFO: [ app_begin ] --END-- [ RunTime:0.000328s ]
NOTIC: [2] session_start(): open(/var/lib/php/session/sess_kkc2fm6310mbjulfuhlt6h08i3, O_RDWR) failed: Permission denied (13) /var/www/html/V/ThinkPHP/Common/functions.php 第 1263 行.
NOTIC: [8] Use of undefined constant upload - assumed 'upload' /var/www/html/V/Application/Home/Controller/UserController.class.php 第 161 行.
SQL: SHOW COLUMNS FROM `tp_upload` [ RunTime:0.0008s ]
SQL: SELECT * FROM `tp_upload` WHERE ( classify="今日晨读" ) ORDER BY id DESC LIMIT 5   [ RunTime:0.0009s ]
SQL: SELECT * FROM `tp_upload` WHERE ( classify="艺人数据分析" ) ORDER BY id DESC LIMIT 5   [ RunTime:0.0005s ]
SQL: SELECT * FROM `tp_upload` WHERE ( classify="电影数据分析" ) ORDER BY id DESC LIMIT 5   [ RunTime:0.0005s ]
SQL: SELECT * FROM `tp_upload` WHERE ( classify="影视项目总分析" ) ORDER BY id DESC LIMIT 5   [ RunTime:0.0006s ]
SQL: SELECT * FROM `tp_upload` WHERE ( classify="行业研究" ) ORDER BY id DESC LIMIT 5   [ RunTime:0.0005s ]
SQL: SELECT * FROM `tp_upload` WHERE ( classify="月咨询总结" ) ORDER BY id DESC LIMIT 5   [ RunTime:0.0005s ]
SQL: SELECT * FROM `tp_upload` WHERE ( classify="最新消息" ) ORDER BY id DESC LIMIT 5   [ RunTime:0.0004s ]
INFO: [ app_end ] --START--
INFO: Run Behavior\ShowPageTraceBehavior [ RunTime:0.000431s ]
INFO: [ app_end ] --END-- [ RunTime:0.000489s ]

[ 2017-07-12T00:59:37+08:00 ] 115.159.205.133 /V/index.php/Home/User/log.html
INFO: [ app_init ] --START--
INFO: Run Behavior\BuildLiteBehavior [ RunTime:0.000013s ]
INFO: [ app_init ] --END-- [ RunTime:0.000267s ]
INFO: [ app_begin ] --START--
INFO: Run Behavior\ReadHtmlCacheBehavior [ RunTime:0.000340s ]
INFO: [ app_begin ] --END-- [ RunTime:0.000392s ]
NOTIC: [2] session_start(): open(/var/lib/php/session/sess_uscjj6bbibdihqc9cmeo73ppv6, O_RDWR) failed: Permission denied (13) /var/www/html/V/ThinkPHP/Common/functions.php 第 1263 行.
NOTIC: [8] Use of undefined constant upload - assumed 'upload' /var/www/html/V/Application/Home/Controller/UserController.class.php 第 161 行.
SQL: SHOW COLUMNS FROM `tp_upload` [ RunTime:0.0008s ]
SQL: SELECT * FROM `tp_upload` WHERE ( classify="今日晨读" ) ORDER BY id DESC LIMIT 5   [ RunTime:0.0006s ]
SQL: SELECT * FROM `tp_upload` WHERE ( classify="艺人数据分析" ) ORDER BY id DESC LIMIT 5   [ RunTime:0.0005s ]
SQL: SELECT * FROM `tp_upload` WHERE ( classify="电影数据分析" ) ORDER BY id DESC LIMIT 5   [ RunTime:0.0005s ]
SQL: SELECT * FROM `tp_upload` WHERE ( classify="影视项目总分析" ) ORDER BY id DESC LIMIT 5   [ RunTime:0.0005s ]
SQL: SELECT * FROM `tp_upload` WHERE ( classify="行业研究" ) ORDER BY id DESC LIMIT 5   [ RunTime:0.0004s ]
SQL: SELECT * FROM `tp_upload` WHERE ( classify="月咨询总结" ) ORDER BY id DESC LIMIT 5   [ RunTime:0.0005s ]
SQL: SELECT * FROM `tp_upload` WHERE ( classify="最新消息" ) ORDER BY id DESC LIMIT 5   [ RunTime:0.0005s ]
INFO: [ app_end ] --START--
INFO: Run Behavior\ShowPageTraceBehavior [ RunTime:0.000618s ]
INFO: [ app_end ] --END-- [ RunTime:0.000664s ]

[ 2017-07-12T00:59:37+08:00 ] 115.159.205.133 /V/index.php/Home/User/log.html
INFO: [ app_init ] --START--
INFO: Run Behavior\BuildLiteBehavior [ RunTime:0.000020s ]
INFO: [ app_init ] --END-- [ RunTime:0.000378s ]
INFO: [ app_begin ] --START--
INFO: Run Behavior\ReadHtmlCacheBehavior [ RunTime:0.000358s ]
INFO: [ app_begin ] --END-- [ RunTime:0.000429s ]
NOTIC: [2] session_start(): open(/var/lib/php/session/sess_2ueskhrcbc4tji13rqb5o65s13, O_RDWR) failed: Permission denied (13) /var/www/html/V/ThinkPHP/Common/functions.php 第 1263 行.
NOTIC: [8] Use of undefined constant upload - assumed 'upload' /var/www/html/V/Application/Home/Controller/UserController.class.php 第 161 行.
SQL: SHOW COLUMNS FROM `tp_upload` [ RunTime:0.0008s ]
SQL: SELECT * FROM `tp_upload` WHERE ( classify="今日晨读" ) ORDER BY id DESC LIMIT 5   [ RunTime:0.0007s ]
SQL: SELECT * FROM `tp_upload` WHERE ( classify="艺人数据分析" ) ORDER BY id DESC LIMIT 5   [ RunTime:0.0005s ]
SQL: SELECT * FROM `tp_upload` WHERE ( classify="电影数据分析" ) ORDER BY id DESC LIMIT 5   [ RunTime:0.0006s ]
SQL: SELECT * FROM `tp_upload` WHERE ( classify="影视项目总分析" ) ORDER BY id DESC LIMIT 5   [ RunTime:0.0005s ]
SQL: SELECT * FROM `tp_upload` WHERE ( classify="行业研究" ) ORDER BY id DESC LIMIT 5   [ RunTime:0.0005s ]
SQL: SELECT * FROM `tp_upload` WHERE ( classify="月咨询总结" ) ORDER BY id DESC LIMIT 5   [ RunTime:0.0005s ]
SQL: SELECT * FROM `tp_upload` WHERE ( classify="最新消息" ) ORDER BY id DESC LIMIT 5   [ RunTime:0.0005s ]
INFO: [ app_end ] --START--
INFO: Run Behavior\ShowPageTraceBehavior [ RunTime:0.000890s ]
INFO: [ app_end ] --END-- [ RunTime:0.000966s ]

[ 2017-07-12T00:59:37+08:00 ] 115.159.205.133 /V/index.php/Home/User/log.html
INFO: [ app_init ] --START--
INFO: Run Behavior\BuildLiteBehavior [ RunTime:0.000017s ]
INFO: [ app_init ] --END-- [ RunTime:0.000324s ]
INFO: [ app_begin ] --START--
INFO: Run Behavior\ReadHtmlCacheBehavior [ RunTime:0.000341s ]
INFO: [ app_begin ] --END-- [ RunTime:0.000386s ]
NOTIC: [2] session_start(): open(/var/lib/php/session/sess_ul6af84rlla4hrapb253fbc4o6, O_RDWR) failed: Permission denied (13) /var/www/html/V/ThinkPHP/Common/functions.php 第 1263 行.
NOTIC: [8] Use of undefined constant upload - assumed 'upload' /var/www/html/V/Application/Home/Controller/UserController.class.php 第 161 行.
SQL: SHOW COLUMNS FROM `tp_upload` [ RunTime:0.0009s ]
SQL: SELECT * FROM `tp_upload` WHERE ( classify="今日晨读" ) ORDER BY id DESC LIMIT 5   [ RunTime:0.0008s ]
SQL: SELECT * FROM `tp_upload` WHERE ( classify="艺人数据分析" ) ORDER BY id DESC LIMIT 5   [ RunTime:0.0005s ]
SQL: SELECT * FROM `tp_upload` WHERE ( classify="电影数据分析" ) ORDER BY id DESC LIMIT 5   [ RunTime:0.0005s ]
SQL: SELECT * FROM `tp_upload` WHERE ( classify="影视项目总分析" ) ORDER BY id DESC LIMIT 5   [ RunTime:0.0005s ]
SQL: SELECT * FROM `tp_upload` WHERE ( classify="行业研究" ) ORDER BY id DESC LIMIT 5   [ RunTime:0.0005s ]
SQL: SELECT * FROM `tp_upload` WHERE ( classify="月咨询总结" ) ORDER BY id DESC LIMIT 5   [ RunTime:0.0004s ]
SQL: SELECT * FROM `tp_upload` WHERE ( classify="最新消息" ) ORDER BY id DESC LIMIT 5   [ RunTime:0.0005s ]
INFO: [ app_end ] --START--
INFO: Run Behavior\ShowPageTraceBehavior [ RunTime:0.000609s ]
INFO: [ app_end ] --END-- [ RunTime:0.000660s ]

[ 2017-07-12T01:00:09+08:00 ] 115.159.205.133 /V/index.php/Home/User/log.html
INFO: [ app_init ] --START--
INFO: Run Behavior\BuildLiteBehavior [ RunTime:0.000022s ]
INFO: [ app_init ] --END-- [ RunTime:0.000418s ]
INFO: [ app_begin ] --START--
INFO: Run Behavior\ReadHtmlCacheBehavior [ RunTime:0.000546s ]
INFO: [ app_begin ] --END-- [ RunTime:0.000597s ]
NOTIC: [2] session_start(): open(/var/lib/php/session/sess_riv3nmu4pl958arlu5gh7sp4s5, O_RDWR) failed: Permission denied (13) /var/www/html/V/ThinkPHP/Common/functions.php 第 1263 行.
NOTIC: [8] Use of undefined constant upload - assumed 'upload' /var/www/html/V/Application/Home/Controller/UserController.class.php 第 161 行.
SQL: SHOW COLUMNS FROM `tp_upload` [ RunTime:0.0009s ]
SQL: SELECT * FROM `tp_upload` WHERE ( classify="今日晨读" ) ORDER BY id DESC LIMIT 5   [ RunTime:0.0008s ]
SQL: SELECT * FROM `tp_upload` WHERE ( classify="艺人数据分析" ) ORDER BY id DESC LIMIT 5   [ RunTime:0.0006s ]
SQL: SELECT * FROM `tp_upload` WHERE ( classify="电影数据分析" ) ORDER BY id DESC LIMIT 5   [ RunTime:0.0005s ]
SQL: SELECT * FROM `tp_upload` WHERE ( classify="影视项目总分析" ) ORDER BY id DESC LIMIT 5   [ RunTime:0.0005s ]
SQL: SELECT * FROM `tp_upload` WHERE ( classify="行业研究" ) ORDER BY id DESC LIMIT 5   [ RunTime:0.0005s ]
SQL: SELECT * FROM `tp_upload` WHERE ( classify="月咨询总结" ) ORDER BY id DESC LIMIT 5   [ RunTime:0.0005s ]
SQL: SELECT * FROM `tp_upload` WHERE ( classify="最新消息" ) ORDER BY id DESC LIMIT 5   [ RunTime:0.0005s ]
INFO: [ app_end ] --START--
INFO: Run Behavior\ShowPageTraceBehavior [ RunTime:0.000770s ]
INFO: [ app_end ] --END-- [ RunTime:0.000869s ]

[ 2017-07-12T02:34:18+08:00 ] 115.159.205.133 /V/index.php/Home/User/log.html
INFO: [ app_init ] --START--
INFO: Run Behavior\BuildLiteBehavior [ RunTime:0.000024s ]
INFO: [ app_init ] --END-- [ RunTime:0.000393s ]
INFO: [ app_begin ] --START--
INFO: Run Behavior\ReadHtmlCacheBehavior [ RunTime:0.000479s ]
INFO: [ app_begin ] --END-- [ RunTime:0.000536s ]
NOTIC: [2] session_start(): open(/var/lib/php/session/sess_3f5hkjk14to3o1lvg74qpc0m77, O_RDWR) failed: Permission denied (13) /var/www/html/V/ThinkPHP/Common/functions.php 第 1263 行.
NOTIC: [8] Use of undefined constant upload - assumed 'upload' /var/www/html/V/Application/Home/Controller/UserController.class.php 第 161 行.
SQL: SHOW COLUMNS FROM `tp_upload` [ RunTime:0.0009s ]
SQL: SELECT * FROM `tp_upload` WHERE ( classify="今日晨读" ) ORDER BY id DESC LIMIT 5   [ RunTime:0.0007s ]
SQL: SELECT * FROM `tp_upload` WHERE ( classify="艺人数据分析" ) ORDER BY id DESC LIMIT 5   [ RunTime:0.0005s ]
SQL: SELECT * FROM `tp_upload` WHERE ( classify="电影数据分析" ) ORDER BY id DESC LIMIT 5   [ RunTime:0.0006s ]
SQL: SELECT * FROM `tp_upload` WHERE ( classify="影视项目总分析" ) ORDER BY id DESC LIMIT 5   [ RunTime:0.0006s ]
SQL: SELECT * FROM `tp_upload` WHERE ( classify="行业研究" ) ORDER BY id DESC LIMIT 5   [ RunTime:0.0005s ]
SQL: SELECT * FROM `tp_upload` WHERE ( classify="月咨询总结" ) ORDER BY id DESC LIMIT 5   [ RunTime:0.0005s ]
SQL: SELECT * FROM `tp_upload` WHERE ( classify="最新消息" ) ORDER BY id DESC LIMIT 5   [ RunTime:0.0005s ]
INFO: [ app_end ] --START--
INFO: Run Behavior\ShowPageTraceBehavior [ RunTime:0.000925s ]
INFO: [ app_end ] --END-- [ RunTime:0.000997s ]

[ 2017-07-12T02:34:18+08:00 ] 115.159.205.133 /V/index.php/Home/User/log.html
INFO: [ app_init ] --START--
INFO: Run Behavior\BuildLiteBehavior [ RunTime:0.000019s ]
INFO: [ app_init ] --END-- [ RunTime:0.000377s ]
INFO: [ app_begin ] --START--
INFO: Run Behavior\ReadHtmlCacheBehavior [ RunTime:0.000381s ]
INFO: [ app_begin ] --END-- [ RunTime:0.000426s ]
NOTIC: [2] session_start(): open(/var/lib/php/session/sess_2bnvlidg1qgk1v4mam5i1vgsd3, O_RDWR) failed: Permission denied (13) /var/www/html/V/ThinkPHP/Common/functions.php 第 1263 行.
NOTIC: [8] Use of undefined constant upload - assumed 'upload' /var/www/html/V/Application/Home/Controller/UserController.class.php 第 161 行.
SQL: SHOW COLUMNS FROM `tp_upload` [ RunTime:0.0008s ]
SQL: SELECT * FROM `tp_upload` WHERE ( classify="今日晨读" ) ORDER BY id DESC LIMIT 5   [ RunTime:0.0007s ]
SQL: SELECT * FROM `tp_upload` WHERE ( classify="艺人数据分析" ) ORDER BY id DESC LIMIT 5   [ RunTime:0.0006s ]
SQL: SELECT * FROM `tp_upload` WHERE ( classify="电影数据分析" ) ORDER BY id DESC LIMIT 5   [ RunTime:0.0005s ]
SQL: SELECT * FROM `tp_upload` WHERE ( classify="影视项目总分析" ) ORDER BY id DESC LIMIT 5   [ RunTime:0.0005s ]
SQL: SELECT * FROM `tp_upload` WHERE ( classify="行业研究" ) ORDER BY id DESC LIMIT 5   [ RunTime:0.0005s ]
SQL: SELECT * FROM `tp_upload` WHERE ( classify="月咨询总结" ) ORDER BY id DESC LIMIT 5   [ RunTime:0.0005s ]
SQL: SELECT * FROM `tp_upload` WHERE ( classify="最新消息" ) ORDER BY id DESC LIMIT 5   [ RunTime:0.0005s ]
INFO: [ app_end ] --START--
INFO: Run Behavior\ShowPageTraceBehavior [ RunTime:0.000742s ]
INFO: [ app_end ] --END-- [ RunTime:0.000799s ]

[ 2017-07-12T02:34:19+08:00 ] 115.159.205.133 /V/index.php/Home/User/log.html
INFO: [ app_init ] --START--
INFO: Run Behavior\BuildLiteBehavior [ RunTime:0.000012s ]
INFO: [ app_init ] --END-- [ RunTime:0.000239s ]
INFO: [ app_begin ] --START--
INFO: Run Behavior\ReadHtmlCacheBehavior [ RunTime:0.000286s ]
INFO: [ app_begin ] --END-- [ RunTime:0.000322s ]
NOTIC: [2] session_start(): open(/var/lib/php/session/sess_i6do9r4nuerl8t9f7nar77b1m3, O_RDWR) failed: Permission denied (13) /var/www/html/V/ThinkPHP/Common/functions.php 第 1263 行.
NOTIC: [8] Use of undefined constant upload - assumed 'upload' /var/www/html/V/Application/Home/Controller/UserController.class.php 第 161 行.
SQL: SHOW COLUMNS FROM `tp_upload` [ RunTime:0.0008s ]
SQL: SELECT * FROM `tp_upload` WHERE ( classify="今日晨读" ) ORDER BY id DESC LIMIT 5   [ RunTime:0.0006s ]
SQL: SELECT * FROM `tp_upload` WHERE ( classify="艺人数据分析" ) ORDER BY id DESC LIMIT 5   [ RunTime:0.0005s ]
SQL: SELECT * FROM `tp_upload` WHERE ( classify="电影数据分析" ) ORDER BY id DESC LIMIT 5   [ RunTime:0.0005s ]
SQL: SELECT * FROM `tp_upload` WHERE ( classify="影视项目总分析" ) ORDER BY id DESC LIMIT 5   [ RunTime:0.0005s ]
SQL: SELECT * FROM `tp_upload` WHERE ( classify="行业研究" ) ORDER BY id DESC LIMIT 5   [ RunTime:0.0005s ]
SQL: SELECT * FROM `tp_upload` WHERE ( classify="月咨询总结" ) ORDER BY id DESC LIMIT 5   [ RunTime:0.0005s ]
SQL: SELECT * FROM `tp_upload` WHERE ( classify="最新消息" ) ORDER BY id DESC LIMIT 5   [ RunTime:0.0009s ]
INFO: [ app_end ] --START--
INFO: Run Behavior\ShowPageTraceBehavior [ RunTime:0.000626s ]
INFO: [ app_end ] --END-- [ RunTime:0.000680s ]

[ 2017-07-12T02:34:19+08:00 ] 115.159.205.133 /V/index.php/Home/User/log.html
INFO: [ app_init ] --START--
INFO: Run Behavior\BuildLiteBehavior [ RunTime:0.000013s ]
INFO: [ app_init ] --END-- [ RunTime:0.000730s ]
INFO: [ app_begin ] --START--
INFO: Run Behavior\ReadHtmlCacheBehavior [ RunTime:0.000453s ]
INFO: [ app_begin ] --END-- [ RunTime:0.000508s ]
NOTIC: [2] session_start(): open(/var/lib/php/session/sess_r191ups85pq7j0e9r8s15di3p0, O_RDWR) failed: Permission denied (13) /var/www/html/V/ThinkPHP/Common/functions.php 第 1263 行.
NOTIC: [8] Use of undefined constant upload - assumed 'upload' /var/www/html/V/Application/Home/Controller/UserController.class.php 第 161 行.
SQL: SHOW COLUMNS FROM `tp_upload` [ RunTime:0.0008s ]
SQL: SELECT * FROM `tp_upload` WHERE ( classify="今日晨读" ) ORDER BY id DESC LIMIT 5   [ RunTime:0.0007s ]
SQL: SELECT * FROM `tp_upload` WHERE ( classify="艺人数据分析" ) ORDER BY id DESC LIMIT 5   [ RunTime:0.0005s ]
SQL: SELECT * FROM `tp_upload` WHERE ( classify="电影数据分析" ) ORDER BY id DESC LIMIT 5   [ RunTime:0.0005s ]
SQL: SELECT * FROM `tp_upload` WHERE ( classify="影视项目总分析" ) ORDER BY id DESC LIMIT 5   [ RunTime:0.0005s ]
SQL: SELECT * FROM `tp_upload` WHERE ( classify="行业研究" ) ORDER BY id DESC LIMIT 5   [ RunTime:0.0004s ]
SQL: SELECT * FROM `tp_upload` WHERE ( classify="月咨询总结" ) ORDER BY id DESC LIMIT 5   [ RunTime:0.0005s ]
SQL: SELECT * FROM `tp_upload` WHERE ( classify="最新消息" ) ORDER BY id DESC LIMIT 5   [ RunTime:0.0005s ]
INFO: [ app_end ] --START--
INFO: Run Behavior\ShowPageTraceBehavior [ RunTime:0.000623s ]
INFO: [ app_end ] --END-- [ RunTime:0.000676s ]

[ 2017-07-12T09:43:23+08:00 ] 115.159.205.133 /V/index.php/Home/User/log.html
INFO: [ app_init ] --START--
INFO: Run Behavior\BuildLiteBehavior [ RunTime:0.000022s ]
INFO: [ app_init ] --END-- [ RunTime:0.000432s ]
INFO: [ app_begin ] --START--
INFO: Run Behavior\ReadHtmlCacheBehavior [ RunTime:0.000411s ]
INFO: [ app_begin ] --END-- [ RunTime:0.000458s ]
NOTIC: [2] session_start(): open(/var/lib/php/session/sess_j6fa6votk0jt623co48kno1hj4, O_RDWR) failed: Permission denied (13) /var/www/html/V/ThinkPHP/Common/functions.php 第 1263 行.
NOTIC: [8] Use of undefined constant upload - assumed 'upload' /var/www/html/V/Application/Home/Controller/UserController.class.php 第 161 行.
SQL: SHOW COLUMNS FROM `tp_upload` [ RunTime:0.0008s ]
SQL: SELECT * FROM `tp_upload` WHERE ( classify="今日晨读" ) ORDER BY id DESC LIMIT 5   [ RunTime:0.0008s ]
SQL: SELECT * FROM `tp_upload` WHERE ( classify="艺人数据分析" ) ORDER BY id DESC LIMIT 5   [ RunTime:0.0005s ]
SQL: SELECT * FROM `tp_upload` WHERE ( classify="电影数据分析" ) ORDER BY id DESC LIMIT 5   [ RunTime:0.0005s ]
SQL: SELECT * FROM `tp_upload` WHERE ( classify="影视项目总分析" ) ORDER BY id DESC LIMIT 5   [ RunTime:0.0005s ]
SQL: SELECT * FROM `tp_upload` WHERE ( classify="行业研究" ) ORDER BY id DESC LIMIT 5   [ RunTime:0.0005s ]
SQL: SELECT * FROM `tp_upload` WHERE ( classify="月咨询总结" ) ORDER BY id DESC LIMIT 5   [ RunTime:0.0005s ]
SQL: SELECT * FROM `tp_upload` WHERE ( classify="最新消息" ) ORDER BY id DESC LIMIT 5   [ RunTime:0.0005s ]
INFO: [ app_end ] --START--
INFO: Run Behavior\ShowPageTraceBehavior [ RunTime:0.000784s ]
INFO: [ app_end ] --END-- [ RunTime:0.000844s ]

[ 2017-07-12T09:43:23+08:00 ] 115.159.205.133 /V/index.php/Home/User/log.html
INFO: [ app_init ] --START--
INFO: Run Behavior\BuildLiteBehavior [ RunTime:0.000015s ]
INFO: [ app_init ] --END-- [ RunTime:0.000302s ]
INFO: [ app_begin ] --START--
INFO: Run Behavior\ReadHtmlCacheBehavior [ RunTime:0.000355s ]
INFO: [ app_begin ] --END-- [ RunTime:0.000443s ]
NOTIC: [2] session_start(): open(/var/lib/php/session/sess_scjahdfr90cm1l2j8up3aue1u5, O_RDWR) failed: Permission denied (13) /var/www/html/V/ThinkPHP/Common/functions.php 第 1263 行.
NOTIC: [8] Use of undefined constant upload - assumed 'upload' /var/www/html/V/Application/Home/Controller/UserController.class.php 第 161 行.
SQL: SHOW COLUMNS FROM `tp_upload` [ RunTime:0.0008s ]
SQL: SELECT * FROM `tp_upload` WHERE ( classify="今日晨读" ) ORDER BY id DESC LIMIT 5   [ RunTime:0.0006s ]
SQL: SELECT * FROM `tp_upload` WHERE ( classify="艺人数据分析" ) ORDER BY id DESC LIMIT 5   [ RunTime:0.0006s ]
SQL: SELECT * FROM `tp_upload` WHERE ( classify="电影数据分析" ) ORDER BY id DESC LIMIT 5   [ RunTime:0.0005s ]
SQL: SELECT * FROM `tp_upload` WHERE ( classify="影视项目总分析" ) ORDER BY id DESC LIMIT 5   [ RunTime:0.0006s ]
SQL: SELECT * FROM `tp_upload` WHERE ( classify="行业研究" ) ORDER BY id DESC LIMIT 5   [ RunTime:0.0005s ]
SQL: SELECT * FROM `tp_upload` WHERE ( classify="月咨询总结" ) ORDER BY id DESC LIMIT 5   [ RunTime:0.0006s ]
SQL: SELECT * FROM `tp_upload` WHERE ( classify="最新消息" ) ORDER BY id DESC LIMIT 5   [ RunTime:0.0005s ]
INFO: [ app_end ] --START--
INFO: Run Behavior\ShowPageTraceBehavior [ RunTime:0.000880s ]
INFO: [ app_end ] --END-- [ RunTime:0.000939s ]

[ 2017-07-12T09:43:24+08:00 ] 115.159.205.133 /V/index.php/Home/User/log.html
INFO: [ app_init ] --START--
INFO: Run Behavior\BuildLiteBehavior [ RunTime:0.000015s ]
INFO: [ app_init ] --END-- [ RunTime:0.000274s ]
INFO: [ app_begin ] --START--
INFO: Run Behavior\ReadHtmlCacheBehavior [ RunTime:0.000303s ]
INFO: [ app_begin ] --END-- [ RunTime:0.000407s ]
NOTIC: [2] session_start(): open(/var/lib/php/session/sess_qhst4uqsqt702nvl52788e7q81, O_RDWR) failed: Permission denied (13) /var/www/html/V/ThinkPHP/Common/functions.php 第 1263 行.
NOTIC: [8] Use of undefined constant upload - assumed 'upload' /var/www/html/V/Application/Home/Controller/UserController.class.php 第 161 行.
SQL: SHOW COLUMNS FROM `tp_upload` [ RunTime:0.0009s ]
SQL: SELECT * FROM `tp_upload` WHERE ( classify="今日晨读" ) ORDER BY id DESC LIMIT 5   [ RunTime:0.0006s ]
SQL: SELECT * FROM `tp_upload` WHERE ( classify="艺人数据分析" ) ORDER BY id DESC LIMIT 5   [ RunTime:0.0008s ]
SQL: SELECT * FROM `tp_upload` WHERE ( classify="电影数据分析" ) ORDER BY id DESC LIMIT 5   [ RunTime:0.0007s ]
SQL: SELECT * FROM `tp_upload` WHERE ( classify="影视项目总分析" ) ORDER BY id DESC LIMIT 5   [ RunTime:0.0005s ]
SQL: SELECT * FROM `tp_upload` WHERE ( classify="行业研究" ) ORDER BY id DESC LIMIT 5   [ RunTime:0.0005s ]
SQL: SELECT * FROM `tp_upload` WHERE ( classify="月咨询总结" ) ORDER BY id DESC LIMIT 5   [ RunTime:0.0005s ]
SQL: SELECT * FROM `tp_upload` WHERE ( classify="最新消息" ) ORDER BY id DESC LIMIT 5   [ RunTime:0.0005s ]
INFO: [ app_end ] --START--
INFO: Run Behavior\ShowPageTraceBehavior [ RunTime:0.000835s ]
INFO: [ app_end ] --END-- [ RunTime:0.000936s ]

[ 2017-07-12T09:43:24+08:00 ] 115.159.205.133 /V/index.php/Home/User/log.html
INFO: [ app_init ] --START--
INFO: Run Behavior\BuildLiteBehavior [ RunTime:0.000016s ]
INFO: [ app_init ] --END-- [ RunTime:0.000315s ]
INFO: [ app_begin ] --START--
INFO: Run Behavior\ReadHtmlCacheBehavior [ RunTime:0.000358s ]
INFO: [ app_begin ] --END-- [ RunTime:0.000400s ]
NOTIC: [2] session_start(): open(/var/lib/php/session/sess_tvltmpmcjtkgfvms31g33sv287, O_RDWR) failed: Permission denied (13) /var/www/html/V/ThinkPHP/Common/functions.php 第 1263 行.
NOTIC: [8] Use of undefined constant upload - assumed 'upload' /var/www/html/V/Application/Home/Controller/UserController.class.php 第 161 行.
SQL: SHOW COLUMNS FROM `tp_upload` [ RunTime:0.0110s ]
SQL: SELECT * FROM `tp_upload` WHERE ( classify="今日晨读" ) ORDER BY id DESC LIMIT 5   [ RunTime:0.0105s ]
SQL: SELECT * FROM `tp_upload` WHERE ( classify="艺人数据分析" ) ORDER BY id DESC LIMIT 5   [ RunTime:0.0007s ]
SQL: SELECT * FROM `tp_upload` WHERE ( classify="电影数据分析" ) ORDER BY id DESC LIMIT 5   [ RunTime:0.0096s ]
SQL: SELECT * FROM `tp_upload` WHERE ( classify="影视项目总分析" ) ORDER BY id DESC LIMIT 5   [ RunTime:0.0005s ]
SQL: SELECT * FROM `tp_upload` WHERE ( classify="行业研究" ) ORDER BY id DESC LIMIT 5   [ RunTime:0.0008s ]
SQL: SELECT * FROM `tp_upload` WHERE ( classify="月咨询总结" ) ORDER BY id DESC LIMIT 5   [ RunTime:0.0005s ]
SQL: SELECT * FROM `tp_upload` WHERE ( classify="最新消息" ) ORDER BY id DESC LIMIT 5   [ RunTime:0.0005s ]
INFO: [ app_end ] --START--
INFO: Run Behavior\ShowPageTraceBehavior [ RunTime:0.000708s ]
INFO: [ app_end ] --END-- [ RunTime:0.000757s ]

[ 2017-07-12T09:52:15+08:00 ] 115.159.205.133 /V/index.php/Home/User/log.html
INFO: [ app_init ] --START--
INFO: Run Behavior\BuildLiteBehavior [ RunTime:0.000013s ]
INFO: [ app_init ] --END-- [ RunTime:0.000241s ]
INFO: [ app_begin ] --START--
INFO: Run Behavior\ReadHtmlCacheBehavior [ RunTime:0.000290s ]
INFO: [ app_begin ] --END-- [ RunTime:0.000328s ]
NOTIC: [2] session_start(): open(/var/lib/php/session/sess_icqsoaborviu0p88dlbrf0khn7, O_RDWR) failed: Permission denied (13) /var/www/html/V/ThinkPHP/Common/functions.php 第 1263 行.
NOTIC: [8] Use of undefined constant upload - assumed 'upload' /var/www/html/V/Application/Home/Controller/UserController.class.php 第 161 行.
SQL: SHOW COLUMNS FROM `tp_upload` [ RunTime:0.0022s ]
SQL: SELECT * FROM `tp_upload` WHERE ( classify="今日晨读" ) ORDER BY id DESC LIMIT 5   [ RunTime:0.0009s ]
SQL: SELECT * FROM `tp_upload` WHERE ( classify="艺人数据分析" ) ORDER BY id DESC LIMIT 5   [ RunTime:0.0015s ]
SQL: SELECT * FROM `tp_upload` WHERE ( classify="电影数据分析" ) ORDER BY id DESC LIMIT 5   [ RunTime:0.0013s ]
SQL: SELECT * FROM `tp_upload` WHERE ( classify="影视项目总分析" ) ORDER BY id DESC LIMIT 5   [ RunTime:0.0008s ]
SQL: SELECT * FROM `tp_upload` WHERE ( classify="行业研究" ) ORDER BY id DESC LIMIT 5   [ RunTime:0.0109s ]
SQL: SELECT * FROM `tp_upload` WHERE ( classify="月咨询总结" ) ORDER BY id DESC LIMIT 5   [ RunTime:0.0104s ]
SQL: SELECT * FROM `tp_upload` WHERE ( classify="最新消息" ) ORDER BY id DESC LIMIT 5   [ RunTime:0.0107s ]
INFO: [ app_end ] --START--
INFO: Run Behavior\ShowPageTraceBehavior [ RunTime:0.000656s ]
INFO: [ app_end ] --END-- [ RunTime:0.000706s ]

[ 2017-07-12T09:52:15+08:00 ] 115.159.205.133 /V/index.php/Home/User/log.html
INFO: [ app_init ] --START--
INFO: Run Behavior\BuildLiteBehavior [ RunTime:0.000013s ]
INFO: [ app_init ] --END-- [ RunTime:0.000738s ]
INFO: [ app_begin ] --START--
INFO: Run Behavior\ReadHtmlCacheBehavior [ RunTime:0.000465s ]
INFO: [ app_begin ] --END-- [ RunTime:0.000510s ]
NOTIC: [2] session_start(): open(/var/lib/php/session/sess_3uc2gvaq68saihsavkmj89tsn2, O_RDWR) failed: Permission denied (13) /var/www/html/V/ThinkPHP/Common/functions.php 第 1263 行.
NOTIC: [8] Use of undefined constant upload - assumed 'upload' /var/www/html/V/Application/Home/Controller/UserController.class.php 第 161 行.
SQL: SHOW COLUMNS FROM `tp_upload` [ RunTime:0.0009s ]
SQL: SELECT * FROM `tp_upload` WHERE ( classify="今日晨读" ) ORDER BY id DESC LIMIT 5   [ RunTime:0.0007s ]
SQL: SELECT * FROM `tp_upload` WHERE ( classify="艺人数据分析" ) ORDER BY id DESC LIMIT 5   [ RunTime:0.0005s ]
SQL: SELECT * FROM `tp_upload` WHERE ( classify="电影数据分析" ) ORDER BY id DESC LIMIT 5   [ RunTime:0.0005s ]
SQL: SELECT * FROM `tp_upload` WHERE ( classify="影视项目总分析" ) ORDER BY id DESC LIMIT 5   [ RunTime:0.0005s ]
SQL: SELECT * FROM `tp_upload` WHERE ( classify="行业研究" ) ORDER BY id DESC LIMIT 5   [ RunTime:0.0005s ]
SQL: SELECT * FROM `tp_upload` WHERE ( classify="月咨询总结" ) ORDER BY id DESC LIMIT 5   [ RunTime:0.0005s ]
SQL: SELECT * FROM `tp_upload` WHERE ( classify="最新消息" ) ORDER BY id DESC LIMIT 5   [ RunTime:0.0005s ]
INFO: [ app_end ] --START--
INFO: Run Behavior\ShowPageTraceBehavior [ RunTime:0.000710s ]
INFO: [ app_end ] --END-- [ RunTime:0.000764s ]

[ 2017-07-12T09:52:16+08:00 ] 115.159.205.133 /V/index.php/Home/User/log.html
INFO: [ app_init ] --START--
INFO: Run Behavior\BuildLiteBehavior [ RunTime:0.000014s ]
INFO: [ app_init ] --END-- [ RunTime:0.000284s ]
INFO: [ app_begin ] --START--
INFO: Run Behavior\ReadHtmlCacheBehavior [ RunTime:0.000369s ]
INFO: [ app_begin ] --END-- [ RunTime:0.000941s ]
NOTIC: [2] session_start(): open(/var/lib/php/session/sess_drj7233qa0k1hkfkm4fbu97u02, O_RDWR) failed: Permission denied (13) /var/www/html/V/ThinkPHP/Common/functions.php 第 1263 行.
NOTIC: [8] Use of undefined constant upload - assumed 'upload' /var/www/html/V/Application/Home/Controller/UserController.class.php 第 161 行.
SQL: SHOW COLUMNS FROM `tp_upload` [ RunTime:0.0008s ]
SQL: SELECT * FROM `tp_upload` WHERE ( classify="今日晨读" ) ORDER BY id DESC LIMIT 5   [ RunTime:0.0007s ]
SQL: SELECT * FROM `tp_upload` WHERE ( classify="艺人数据分析" ) ORDER BY id DESC LIMIT 5   [ RunTime:0.0005s ]
SQL: SELECT * FROM `tp_upload` WHERE ( classify="电影数据分析" ) ORDER BY id DESC LIMIT 5   [ RunTime:0.0009s ]
SQL: SELECT * FROM `tp_upload` WHERE ( classify="影视项目总分析" ) ORDER BY id DESC LIMIT 5   [ RunTime:0.0008s ]
SQL: SELECT * FROM `tp_upload` WHERE ( classify="行业研究" ) ORDER BY id DESC LIMIT 5   [ RunTime:0.0006s ]
SQL: SELECT * FROM `tp_upload` WHERE ( classify="月咨询总结" ) ORDER BY id DESC LIMIT 5   [ RunTime:0.2012s ]
SQL: SELECT * FROM `tp_upload` WHERE ( classify="最新消息" ) ORDER BY id DESC LIMIT 5   [ RunTime:0.0006s ]
INFO: [ app_end ] --START--
INFO: Run Behavior\ShowPageTraceBehavior [ RunTime:0.000649s ]
INFO: [ app_end ] --END-- [ RunTime:0.000792s ]

[ 2017-07-12T09:52:17+08:00 ] 115.159.205.133 /V/index.php/Home/User/log.html
INFO: [ app_init ] --START--
INFO: Run Behavior\BuildLiteBehavior [ RunTime:0.000016s ]
INFO: [ app_init ] --END-- [ RunTime:0.000310s ]
INFO: [ app_begin ] --START--
INFO: Run Behavior\ReadHtmlCacheBehavior [ RunTime:0.000631s ]
INFO: [ app_begin ] --END-- [ RunTime:0.000670s ]
NOTIC: [2] session_start(): open(/var/lib/php/session/sess_jahgl30n7i4moc3mggkbmovbl4, O_RDWR) failed: Permission denied (13) /var/www/html/V/ThinkPHP/Common/functions.php 第 1263 行.
NOTIC: [8] Use of undefined constant upload - assumed 'upload' /var/www/html/V/Application/Home/Controller/UserController.class.php 第 161 行.
SQL: SHOW COLUMNS FROM `tp_upload` [ RunTime:0.0009s ]
SQL: SELECT * FROM `tp_upload` WHERE ( classify="今日晨读" ) ORDER BY id DESC LIMIT 5   [ RunTime:0.0007s ]
SQL: SELECT * FROM `tp_upload` WHERE ( classify="艺人数据分析" ) ORDER BY id DESC LIMIT 5   [ RunTime:0.0006s ]
SQL: SELECT * FROM `tp_upload` WHERE ( classify="电影数据分析" ) ORDER BY id DESC LIMIT 5   [ RunTime:0.0006s ]
SQL: SELECT * FROM `tp_upload` WHERE ( classify="影视项目总分析" ) ORDER BY id DESC LIMIT 5   [ RunTime:0.0006s ]
SQL: SELECT * FROM `tp_upload` WHERE ( classify="行业研究" ) ORDER BY id DESC LIMIT 5   [ RunTime:0.0009s ]
SQL: SELECT * FROM `tp_upload` WHERE ( classify="月咨询总结" ) ORDER BY id DESC LIMIT 5   [ RunTime:0.0005s ]
SQL: SELECT * FROM `tp_upload` WHERE ( classify="最新消息" ) ORDER BY id DESC LIMIT 5   [ RunTime:0.0005s ]
INFO: [ app_end ] --START--
INFO: Run Behavior\ShowPageTraceBehavior [ RunTime:0.000573s ]
INFO: [ app_end ] --END-- [ RunTime:0.000658s ]

[ 2017-07-12T09:52:56+08:00 ] 115.159.205.133 /V/index.php/Home/User/log.html
INFO: [ app_init ] --START--
INFO: Run Behavior\BuildLiteBehavior [ RunTime:0.000073s ]
INFO: [ app_init ] --END-- [ RunTime:0.000414s ]
INFO: [ app_begin ] --START--
INFO: Run Behavior\ReadHtmlCacheBehavior [ RunTime:0.000346s ]
INFO: [ app_begin ] --END-- [ RunTime:0.000390s ]
NOTIC: [2] session_start(): open(/var/lib/php/session/sess_2b2q2rgvnjc11u2v2t9pa50tp2, O_RDWR) failed: Permission denied (13) /var/www/html/V/ThinkPHP/Common/functions.php 第 1263 行.
NOTIC: [8] Use of undefined constant upload - assumed 'upload' /var/www/html/V/Application/Home/Controller/UserController.class.php 第 161 行.
SQL: SHOW COLUMNS FROM `tp_upload` [ RunTime:0.0010s ]
SQL: SELECT * FROM `tp_upload` WHERE ( classify="今日晨读" ) ORDER BY id DESC LIMIT 5   [ RunTime:0.0007s ]
SQL: SELECT * FROM `tp_upload` WHERE ( classify="艺人数据分析" ) ORDER BY id DESC LIMIT 5   [ RunTime:0.0006s ]
SQL: SELECT * FROM `tp_upload` WHERE ( classify="电影数据分析" ) ORDER BY id DESC LIMIT 5   [ RunTime:0.0006s ]
SQL: SELECT * FROM `tp_upload` WHERE ( classify="影视项目总分析" ) ORDER BY id DESC LIMIT 5   [ RunTime:0.0005s ]
SQL: SELECT * FROM `tp_upload` WHERE ( classify="行业研究" ) ORDER BY id DESC LIMIT 5   [ RunTime:0.0007s ]
SQL: SELECT * FROM `tp_upload` WHERE ( classify="月咨询总结" ) ORDER BY id DESC LIMIT 5   [ RunTime:0.0006s ]
SQL: SELECT * FROM `tp_upload` WHERE ( classify="最新消息" ) ORDER BY id DESC LIMIT 5   [ RunTime:0.0005s ]
INFO: [ app_end ] --START--
INFO: Run Behavior\ShowPageTraceBehavior [ RunTime:0.000630s ]
INFO: [ app_end ] --END-- [ RunTime:0.000688s ]

[ 2017-07-12T10:41:29+08:00 ] 115.159.205.133 /V/index.php/Home/User/log.html
INFO: [ app_init ] --START--
INFO: Run Behavior\BuildLiteBehavior [ RunTime:0.000016s ]
INFO: [ app_init ] --END-- [ RunTime:0.000282s ]
INFO: [ app_begin ] --START--
INFO: Run Behavior\ReadHtmlCacheBehavior [ RunTime:0.000307s ]
INFO: [ app_begin ] --END-- [ RunTime:0.000342s ]
NOTIC: [2] session_start(): open(/var/lib/php/session/sess_h9hk3cu9htj67s4m66c6ltq7n4, O_RDWR) failed: Permission denied (13) /var/www/html/V/ThinkPHP/Common/functions.php 第 1263 行.
NOTIC: [8] Use of undefined constant upload - assumed 'upload' /var/www/html/V/Application/Home/Controller/UserController.class.php 第 161 行.
SQL: SHOW COLUMNS FROM `tp_upload` [ RunTime:0.0009s ]
SQL: SELECT * FROM `tp_upload` WHERE ( classify="今日晨读" ) ORDER BY id DESC LIMIT 5   [ RunTime:0.0006s ]
SQL: SELECT * FROM `tp_upload` WHERE ( classify="艺人数据分析" ) ORDER BY id DESC LIMIT 5   [ RunTime:0.0006s ]
SQL: SELECT * FROM `tp_upload` WHERE ( classify="电影数据分析" ) ORDER BY id DESC LIMIT 5   [ RunTime:0.0009s ]
SQL: SELECT * FROM `tp_upload` WHERE ( classify="影视项目总分析" ) ORDER BY id DESC LIMIT 5   [ RunTime:0.0005s ]
SQL: SELECT * FROM `tp_upload` WHERE ( classify="行业研究" ) ORDER BY id DESC LIMIT 5   [ RunTime:0.0005s ]
SQL: SELECT * FROM `tp_upload` WHERE ( classify="月咨询总结" ) ORDER BY id DESC LIMIT 5   [ RunTime:0.0007s ]
SQL: SELECT * FROM `tp_upload` WHERE ( classify="最新消息" ) ORDER BY id DESC LIMIT 5   [ RunTime:0.0005s ]
INFO: [ app_end ] --START--
INFO: Run Behavior\ShowPageTraceBehavior [ RunTime:0.000626s ]
INFO: [ app_end ] --END-- [ RunTime:0.000670s ]

[ 2017-07-12T10:41:29+08:00 ] 115.159.205.133 /V/index.php/Home/User/log.html
INFO: [ app_init ] --START--
INFO: Run Behavior\BuildLiteBehavior [ RunTime:0.000015s ]
INFO: [ app_init ] --END-- [ RunTime:0.000337s ]
INFO: [ app_begin ] --START--
INFO: Run Behavior\ReadHtmlCacheBehavior [ RunTime:0.001037s ]
INFO: [ app_begin ] --END-- [ RunTime:0.001085s ]
NOTIC: [2] session_start(): open(/var/lib/php/session/sess_v5oa3pojkd5dufa464ptg33mj1, O_RDWR) failed: Permission denied (13) /var/www/html/V/ThinkPHP/Common/functions.php 第 1263 行.
NOTIC: [8] Use of undefined constant upload - assumed 'upload' /var/www/html/V/Application/Home/Controller/UserController.class.php 第 161 行.
SQL: SHOW COLUMNS FROM `tp_upload` [ RunTime:0.0008s ]
SQL: SELECT * FROM `tp_upload` WHERE ( classify="今日晨读" ) ORDER BY id DESC LIMIT 5   [ RunTime:0.0006s ]
SQL: SELECT * FROM `tp_upload` WHERE ( classify="艺人数据分析" ) ORDER BY id DESC LIMIT 5   [ RunTime:0.0012s ]
SQL: SELECT * FROM `tp_upload` WHERE ( classify="电影数据分析" ) ORDER BY id DESC LIMIT 5   [ RunTime:0.0005s ]
SQL: SELECT * FROM `tp_upload` WHERE ( classify="影视项目总分析" ) ORDER BY id DESC LIMIT 5   [ RunTime:0.0005s ]
SQL: SELECT * FROM `tp_upload` WHERE ( classify="行业研究" ) ORDER BY id DESC LIMIT 5   [ RunTime:0.0006s ]
SQL: SELECT * FROM `tp_upload` WHERE ( classify="月咨询总结" ) ORDER BY id DESC LIMIT 5   [ RunTime:0.0005s ]
SQL: SELECT * FROM `tp_upload` WHERE ( classify="最新消息" ) ORDER BY id DESC LIMIT 5   [ RunTime:0.0005s ]
INFO: [ app_end ] --START--
INFO: Run Behavior\ShowPageTraceBehavior [ RunTime:0.000789s ]
INFO: [ app_end ] --END-- [ RunTime:0.000877s ]

[ 2017-07-12T10:41:29+08:00 ] 115.159.205.133 /V/index.php/Home/User/log.html
INFO: [ app_init ] --START--
INFO: Run Behavior\BuildLiteBehavior [ RunTime:0.000027s ]
INFO: [ app_init ] --END-- [ RunTime:0.000392s ]
INFO: [ app_begin ] --START--
INFO: Run Behavior\ReadHtmlCacheBehavior [ RunTime:0.000352s ]
INFO: [ app_begin ] --END-- [ RunTime:0.000395s ]
NOTIC: [2] session_start(): open(/var/lib/php/session/sess_e1of9mpr1fobhhjbb9j1qkhvn5, O_RDWR) failed: Permission denied (13) /var/www/html/V/ThinkPHP/Common/functions.php 第 1263 行.
NOTIC: [8] Use of undefined constant upload - assumed 'upload' /var/www/html/V/Application/Home/Controller/UserController.class.php 第 161 行.
SQL: SHOW COLUMNS FROM `tp_upload` [ RunTime:0.0008s ]
SQL: SELECT * FROM `tp_upload` WHERE ( classify="今日晨读" ) ORDER BY id DESC LIMIT 5   [ RunTime:0.0006s ]
SQL: SELECT * FROM `tp_upload` WHERE ( classify="艺人数据分析" ) ORDER BY id DESC LIMIT 5   [ RunTime:0.0005s ]
SQL: SELECT * FROM `tp_upload` WHERE ( classify="电影数据分析" ) ORDER BY id DESC LIMIT 5   [ RunTime:0.0007s ]
SQL: SELECT * FROM `tp_upload` WHERE ( classify="影视项目总分析" ) ORDER BY id DESC LIMIT 5   [ RunTime:0.0005s ]
SQL: SELECT * FROM `tp_upload` WHERE ( classify="行业研究" ) ORDER BY id DESC LIMIT 5   [ RunTime:0.0005s ]
SQL: SELECT * FROM `tp_upload` WHERE ( classify="月咨询总结" ) ORDER BY id DESC LIMIT 5   [ RunTime:0.0005s ]
SQL: SELECT * FROM `tp_upload` WHERE ( classify="最新消息" ) ORDER BY id DESC LIMIT 5   [ RunTime:0.0005s ]
INFO: [ app_end ] --START--
INFO: Run Behavior\ShowPageTraceBehavior [ RunTime:0.000839s ]
INFO: [ app_end ] --END-- [ RunTime:0.000907s ]

[ 2017-07-12T10:41:29+08:00 ] 115.159.205.133 /V/index.php/Home/User/log.html
INFO: [ app_init ] --START--
INFO: Run Behavior\BuildLiteBehavior [ RunTime:0.000014s ]
INFO: [ app_init ] --END-- [ RunTime:0.000334s ]
INFO: [ app_begin ] --START--
INFO: Run Behavior\ReadHtmlCacheBehavior [ RunTime:0.000529s ]
INFO: [ app_begin ] --END-- [ RunTime:0.000568s ]
NOTIC: [2] session_start(): open(/var/lib/php/session/sess_st59c4p5k9h34a4ucpk45bhsr3, O_RDWR) failed: Permission denied (13) /var/www/html/V/ThinkPHP/Common/functions.php 第 1263 行.
NOTIC: [8] Use of undefined constant upload - assumed 'upload' /var/www/html/V/Application/Home/Controller/UserController.class.php 第 161 行.
SQL: SHOW COLUMNS FROM `tp_upload` [ RunTime:0.0009s ]
SQL: SELECT * FROM `tp_upload` WHERE ( classify="今日晨读" ) ORDER BY id DESC LIMIT 5   [ RunTime:0.0007s ]
SQL: SELECT * FROM `tp_upload` WHERE ( classify="艺人数据分析" ) ORDER BY id DESC LIMIT 5   [ RunTime:0.0007s ]
SQL: SELECT * FROM `tp_upload` WHERE ( classify="电影数据分析" ) ORDER BY id DESC LIMIT 5   [ RunTime:0.0006s ]
SQL: SELECT * FROM `tp_upload` WHERE ( classify="影视项目总分析" ) ORDER BY id DESC LIMIT 5   [ RunTime:0.0006s ]
SQL: SELECT * FROM `tp_upload` WHERE ( classify="行业研究" ) ORDER BY id DESC LIMIT 5   [ RunTime:0.0005s ]
SQL: SELECT * FROM `tp_upload` WHERE ( classify="月咨询总结" ) ORDER BY id DESC LIMIT 5   [ RunTime:0.0005s ]
SQL: SELECT * FROM `tp_upload` WHERE ( classify="最新消息" ) ORDER BY id DESC LIMIT 5   [ RunTime:0.0007s ]
INFO: [ app_end ] --START--
INFO: Run Behavior\ShowPageTraceBehavior [ RunTime:0.000773s ]
INFO: [ app_end ] --END-- [ RunTime:0.000827s ]

[ 2017-07-12T10:48:25+08:00 ] 115.159.205.133 /V/index.php/Home/User/log.html
INFO: [ app_init ] --START--
INFO: Run Behavior\BuildLiteBehavior [ RunTime:0.000013s ]
INFO: [ app_init ] --END-- [ RunTime:0.000256s ]
INFO: [ app_begin ] --START--
INFO: Run Behavior\ReadHtmlCacheBehavior [ RunTime:0.000312s ]
INFO: [ app_begin ] --END-- [ RunTime:0.000367s ]
NOTIC: [2] session_start(): open(/var/lib/php/session/sess_g5k6h01srt8bf8ug66vo2peri5, O_RDWR) failed: Permission denied (13) /var/www/html/V/ThinkPHP/Common/functions.php 第 1263 行.
NOTIC: [8] Use of undefined constant upload - assumed 'upload' /var/www/html/V/Application/Home/Controller/UserController.class.php 第 161 行.
SQL: SHOW COLUMNS FROM `tp_upload` [ RunTime:0.0010s ]
SQL: SELECT * FROM `tp_upload` WHERE ( classify="今日晨读" ) ORDER BY id DESC LIMIT 5   [ RunTime:0.0006s ]
SQL: SELECT * FROM `tp_upload` WHERE ( classify="艺人数据分析" ) ORDER BY id DESC LIMIT 5   [ RunTime:0.0006s ]
SQL: SELECT * FROM `tp_upload` WHERE ( classify="电影数据分析" ) ORDER BY id DESC LIMIT 5   [ RunTime:0.0006s ]
SQL: SELECT * FROM `tp_upload` WHERE ( classify="影视项目总分析" ) ORDER BY id DESC LIMIT 5   [ RunTime:0.0005s ]
SQL: SELECT * FROM `tp_upload` WHERE ( classify="行业研究" ) ORDER BY id DESC LIMIT 5   [ RunTime:0.0005s ]
SQL: SELECT * FROM `tp_upload` WHERE ( classify="月咨询总结" ) ORDER BY id DESC LIMIT 5   [ RunTime:0.0005s ]
SQL: SELECT * FROM `tp_upload` WHERE ( classify="最新消息" ) ORDER BY id DESC LIMIT 5   [ RunTime:0.0005s ]
INFO: [ app_end ] --START--
INFO: Run Behavior\ShowPageTraceBehavior [ RunTime:0.000711s ]
INFO: [ app_end ] --END-- [ RunTime:0.000778s ]

[ 2017-07-12T10:48:26+08:00 ] 115.159.205.133 /V/index.php/Home/User/log.html
INFO: [ app_init ] --START--
INFO: Run Behavior\BuildLiteBehavior [ RunTime:0.000012s ]
INFO: [ app_init ] --END-- [ RunTime:0.000239s ]
INFO: [ app_begin ] --START--
INFO: Run Behavior\ReadHtmlCacheBehavior [ RunTime:0.000288s ]
INFO: [ app_begin ] --END-- [ RunTime:0.000325s ]
NOTIC: [2] session_start(): open(/var/lib/php/session/sess_ermv28rplpn1k23vn0pia85to0, O_RDWR) failed: Permission denied (13) /var/www/html/V/ThinkPHP/Common/functions.php 第 1263 行.
NOTIC: [8] Use of undefined constant upload - assumed 'upload' /var/www/html/V/Application/Home/Controller/UserController.class.php 第 161 行.
SQL: SHOW COLUMNS FROM `tp_upload` [ RunTime:0.0008s ]
SQL: SELECT * FROM `tp_upload` WHERE ( classify="今日晨读" ) ORDER BY id DESC LIMIT 5   [ RunTime:0.0006s ]
SQL: SELECT * FROM `tp_upload` WHERE ( classify="艺人数据分析" ) ORDER BY id DESC LIMIT 5   [ RunTime:0.0006s ]
SQL: SELECT * FROM `tp_upload` WHERE ( classify="电影数据分析" ) ORDER BY id DESC LIMIT 5   [ RunTime:0.0006s ]
SQL: SELECT * FROM `tp_upload` WHERE ( classify="影视项目总分析" ) ORDER BY id DESC LIMIT 5   [ RunTime:0.0006s ]
SQL: SELECT * FROM `tp_upload` WHERE ( classify="行业研究" ) ORDER BY id DESC LIMIT 5   [ RunTime:0.0005s ]
SQL: SELECT * FROM `tp_upload` WHERE ( classify="月咨询总结" ) ORDER BY id DESC LIMIT 5   [ RunTime:0.0005s ]
SQL: SELECT * FROM `tp_upload` WHERE ( classify="最新消息" ) ORDER BY id DESC LIMIT 5   [ RunTime:0.0005s ]
INFO: [ app_end ] --START--
INFO: Run Behavior\ShowPageTraceBehavior [ RunTime:0.000671s ]
INFO: [ app_end ] --END-- [ RunTime:0.000735s ]

[ 2017-07-12T10:48:26+08:00 ] 115.159.205.133 /V/index.php/Home/User/log.html
INFO: [ app_init ] --START--
INFO: Run Behavior\BuildLiteBehavior [ RunTime:0.000012s ]
INFO: [ app_init ] --END-- [ RunTime:0.000259s ]
INFO: [ app_begin ] --START--
INFO: Run Behavior\ReadHtmlCacheBehavior [ RunTime:0.000420s ]
INFO: [ app_begin ] --END-- [ RunTime:0.000464s ]
NOTIC: [2] session_start(): open(/var/lib/php/session/sess_9q49corl3p2miqi3nrklbjp8r2, O_RDWR) failed: Permission denied (13) /var/www/html/V/ThinkPHP/Common/functions.php 第 1263 行.
NOTIC: [8] Use of undefined constant upload - assumed 'upload' /var/www/html/V/Application/Home/Controller/UserController.class.php 第 161 行.
SQL: SHOW COLUMNS FROM `tp_upload` [ RunTime:0.0009s ]
SQL: SELECT * FROM `tp_upload` WHERE ( classify="今日晨读" ) ORDER BY id DESC LIMIT 5   [ RunTime:0.0007s ]
SQL: SELECT * FROM `tp_upload` WHERE ( classify="艺人数据分析" ) ORDER BY id DESC LIMIT 5   [ RunTime:0.0006s ]
SQL: SELECT * FROM `tp_upload` WHERE ( classify="电影数据分析" ) ORDER BY id DESC LIMIT 5   [ RunTime:0.0008s ]
SQL: SELECT * FROM `tp_upload` WHERE ( classify="影视项目总分析" ) ORDER BY id DESC LIMIT 5   [ RunTime:0.0005s ]
SQL: SELECT * FROM `tp_upload` WHERE ( classify="行业研究" ) ORDER BY id DESC LIMIT 5   [ RunTime:0.0005s ]
SQL: SELECT * FROM `tp_upload` WHERE ( classify="月咨询总结" ) ORDER BY id DESC LIMIT 5   [ RunTime:0.0005s ]
SQL: SELECT * FROM `tp_upload` WHERE ( classify="最新消息" ) ORDER BY id DESC LIMIT 5   [ RunTime:0.0006s ]
INFO: [ app_end ] --START--
INFO: Run Behavior\ShowPageTraceBehavior [ RunTime:0.000728s ]
INFO: [ app_end ] --END-- [ RunTime:0.000783s ]

[ 2017-07-12T10:48:26+08:00 ] 115.159.205.133 /V/index.php/Home/User/log.html
INFO: [ app_init ] --START--
INFO: Run Behavior\BuildLiteBehavior [ RunTime:0.000014s ]
INFO: [ app_init ] --END-- [ RunTime:0.000295s ]
INFO: [ app_begin ] --START--
INFO: Run Behavior\ReadHtmlCacheBehavior [ RunTime:0.000677s ]
INFO: [ app_begin ] --END-- [ RunTime:0.000727s ]
NOTIC: [2] session_start(): open(/var/lib/php/session/sess_6lc86ec0s4s1ad05rs8nkpkm04, O_RDWR) failed: Permission denied (13) /var/www/html/V/ThinkPHP/Common/functions.php 第 1263 行.
NOTIC: [8] Use of undefined constant upload - assumed 'upload' /var/www/html/V/Application/Home/Controller/UserController.class.php 第 161 行.
SQL: SHOW COLUMNS FROM `tp_upload` [ RunTime:0.0009s ]
SQL: SELECT * FROM `tp_upload` WHERE ( classify="今日晨读" ) ORDER BY id DESC LIMIT 5   [ RunTime:0.0006s ]
SQL: SELECT * FROM `tp_upload` WHERE ( classify="艺人数据分析" ) ORDER BY id DESC LIMIT 5   [ RunTime:0.0005s ]
SQL: SELECT * FROM `tp_upload` WHERE ( classify="电影数据分析" ) ORDER BY id DESC LIMIT 5   [ RunTime:0.0005s ]
SQL: SELECT * FROM `tp_upload` WHERE ( classify="影视项目总分析" ) ORDER BY id DESC LIMIT 5   [ RunTime:0.0005s ]
SQL: SELECT * FROM `tp_upload` WHERE ( classify="行业研究" ) ORDER BY id DESC LIMIT 5   [ RunTime:0.0005s ]
SQL: SELECT * FROM `tp_upload` WHERE ( classify="月咨询总结" ) ORDER BY id DESC LIMIT 5   [ RunTime:0.0005s ]
SQL: SELECT * FROM `tp_upload` WHERE ( classify="最新消息" ) ORDER BY id DESC LIMIT 5   [ RunTime:0.0005s ]
INFO: [ app_end ] --START--
INFO: Run Behavior\ShowPageTraceBehavior [ RunTime:0.000642s ]
INFO: [ app_end ] --END-- [ RunTime:0.000685s ]

[ 2017-07-12T10:59:59+08:00 ] 115.159.205.133 /V/index.php/Home/User/log.html
INFO: [ app_init ] --START--
INFO: Run Behavior\BuildLiteBehavior [ RunTime:0.000016s ]
INFO: [ app_init ] --END-- [ RunTime:0.000366s ]
INFO: [ app_begin ] --START--
INFO: Run Behavior\ReadHtmlCacheBehavior [ RunTime:0.000459s ]
INFO: [ app_begin ] --END-- [ RunTime:0.000533s ]
NOTIC: [2] session_start(): open(/var/lib/php/session/sess_5i6dedeoiv705f47fov8apiae6, O_RDWR) failed: Permission denied (13) /var/www/html/V/ThinkPHP/Common/functions.php 第 1263 行.
NOTIC: [8] Use of undefined constant upload - assumed 'upload' /var/www/html/V/Application/Home/Controller/UserController.class.php 第 161 行.
SQL: SHOW COLUMNS FROM `tp_upload` [ RunTime:0.0009s ]
SQL: SELECT * FROM `tp_upload` WHERE ( classify="今日晨读" ) ORDER BY id DESC LIMIT 5   [ RunTime:0.0006s ]
SQL: SELECT * FROM `tp_upload` WHERE ( classify="艺人数据分析" ) ORDER BY id DESC LIMIT 5   [ RunTime:0.0006s ]
SQL: SELECT * FROM `tp_upload` WHERE ( classify="电影数据分析" ) ORDER BY id DESC LIMIT 5   [ RunTime:0.0005s ]
SQL: SELECT * FROM `tp_upload` WHERE ( classify="影视项目总分析" ) ORDER BY id DESC LIMIT 5   [ RunTime:0.0005s ]
SQL: SELECT * FROM `tp_upload` WHERE ( classify="行业研究" ) ORDER BY id DESC LIMIT 5   [ RunTime:0.0008s ]
SQL: SELECT * FROM `tp_upload` WHERE ( classify="月咨询总结" ) ORDER BY id DESC LIMIT 5   [ RunTime:0.0005s ]
SQL: SELECT * FROM `tp_upload` WHERE ( classify="最新消息" ) ORDER BY id DESC LIMIT 5   [ RunTime:0.0006s ]
INFO: [ app_end ] --START--
INFO: Run Behavior\ShowPageTraceBehavior [ RunTime:0.000632s ]
INFO: [ app_end ] --END-- [ RunTime:0.000679s ]

[ 2017-07-12T12:54:30+08:00 ] 115.159.205.133 /V/index.php/Home/User/log.html
INFO: [ app_init ] --START--
INFO: Run Behavior\BuildLiteBehavior [ RunTime:0.000017s ]
INFO: [ app_init ] --END-- [ RunTime:0.000283s ]
INFO: [ app_begin ] --START--
INFO: Run Behavior\ReadHtmlCacheBehavior [ RunTime:0.000339s ]
INFO: [ app_begin ] --END-- [ RunTime:0.000378s ]
NOTIC: [2] session_start(): open(/var/lib/php/session/sess_k2krnus0poifehl62kgvioq6g4, O_RDWR) failed: Permission denied (13) /var/www/html/V/ThinkPHP/Common/functions.php 第 1263 行.
NOTIC: [8] Use of undefined constant upload - assumed 'upload' /var/www/html/V/Application/Home/Controller/UserController.class.php 第 161 行.
SQL: SHOW COLUMNS FROM `tp_upload` [ RunTime:0.0009s ]
SQL: SELECT * FROM `tp_upload` WHERE ( classify="今日晨读" ) ORDER BY id DESC LIMIT 5   [ RunTime:0.0006s ]
SQL: SELECT * FROM `tp_upload` WHERE ( classify="艺人数据分析" ) ORDER BY id DESC LIMIT 5   [ RunTime:0.0006s ]
SQL: SELECT * FROM `tp_upload` WHERE ( classify="电影数据分析" ) ORDER BY id DESC LIMIT 5   [ RunTime:0.0005s ]
SQL: SELECT * FROM `tp_upload` WHERE ( classify="影视项目总分析" ) ORDER BY id DESC LIMIT 5   [ RunTime:0.0006s ]
SQL: SELECT * FROM `tp_upload` WHERE ( classify="行业研究" ) ORDER BY id DESC LIMIT 5   [ RunTime:0.0005s ]
SQL: SELECT * FROM `tp_upload` WHERE ( classify="月咨询总结" ) ORDER BY id DESC LIMIT 5   [ RunTime:0.0005s ]
SQL: SELECT * FROM `tp_upload` WHERE ( classify="最新消息" ) ORDER BY id DESC LIMIT 5   [ RunTime:0.0006s ]
INFO: [ app_end ] --START--
INFO: Run Behavior\ShowPageTraceBehavior [ RunTime:0.001195s ]
INFO: [ app_end ] --END-- [ RunTime:0.001268s ]

[ 2017-07-12T12:58:32+08:00 ] 115.159.205.133 /V/index.php/Home/User/log.html
INFO: [ app_init ] --START--
INFO: Run Behavior\BuildLiteBehavior [ RunTime:0.000014s ]
INFO: [ app_init ] --END-- [ RunTime:0.000279s ]
INFO: [ app_begin ] --START--
INFO: Run Behavior\ReadHtmlCacheBehavior [ RunTime:0.000319s ]
INFO: [ app_begin ] --END-- [ RunTime:0.000358s ]
NOTIC: [2] session_start(): open(/var/lib/php/session/sess_mklle2tp2du83ujjeffta91d92, O_RDWR) failed: Permission denied (13) /var/www/html/V/ThinkPHP/Common/functions.php 第 1263 行.
NOTIC: [8] Use of undefined constant upload - assumed 'upload' /var/www/html/V/Application/Home/Controller/UserController.class.php 第 161 行.
SQL: SHOW COLUMNS FROM `tp_upload` [ RunTime:0.0009s ]
SQL: SELECT * FROM `tp_upload` WHERE ( classify="今日晨读" ) ORDER BY id DESC LIMIT 5   [ RunTime:0.0007s ]
SQL: SELECT * FROM `tp_upload` WHERE ( classify="艺人数据分析" ) ORDER BY id DESC LIMIT 5   [ RunTime:0.0009s ]
SQL: SELECT * FROM `tp_upload` WHERE ( classify="电影数据分析" ) ORDER BY id DESC LIMIT 5   [ RunTime:0.0005s ]
SQL: SELECT * FROM `tp_upload` WHERE ( classify="影视项目总分析" ) ORDER BY id DESC LIMIT 5   [ RunTime:0.0006s ]
SQL: SELECT * FROM `tp_upload` WHERE ( classify="行业研究" ) ORDER BY id DESC LIMIT 5   [ RunTime:0.0005s ]
SQL: SELECT * FROM `tp_upload` WHERE ( classify="月咨询总结" ) ORDER BY id DESC LIMIT 5   [ RunTime:0.0006s ]
SQL: SELECT * FROM `tp_upload` WHERE ( classify="最新消息" ) ORDER BY id DESC LIMIT 5   [ RunTime:0.0005s ]
INFO: [ app_end ] --START--
INFO: Run Behavior\ShowPageTraceBehavior [ RunTime:0.000893s ]
INFO: [ app_end ] --END-- [ RunTime:0.000952s ]

[ 2017-07-12T12:58:32+08:00 ] 115.159.205.133 /V/index.php/Home/User/log.html
INFO: [ app_init ] --START--
INFO: Run Behavior\BuildLiteBehavior [ RunTime:0.000013s ]
INFO: [ app_init ] --END-- [ RunTime:0.000270s ]
INFO: [ app_begin ] --START--
INFO: Run Behavior\ReadHtmlCacheBehavior [ RunTime:0.000814s ]
INFO: [ app_begin ] --END-- [ RunTime:0.000859s ]
NOTIC: [2] session_start(): open(/var/lib/php/session/sess_onb9vd6hf8618b33p6ci7huh50, O_RDWR) failed: Permission denied (13) /var/www/html/V/ThinkPHP/Common/functions.php 第 1263 行.
NOTIC: [8] Use of undefined constant upload - assumed 'upload' /var/www/html/V/Application/Home/Controller/UserController.class.php 第 161 行.
SQL: SHOW COLUMNS FROM `tp_upload` [ RunTime:0.0008s ]
SQL: SELECT * FROM `tp_upload` WHERE ( classify="今日晨读" ) ORDER BY id DESC LIMIT 5   [ RunTime:0.0006s ]
SQL: SELECT * FROM `tp_upload` WHERE ( classify="艺人数据分析" ) ORDER BY id DESC LIMIT 5   [ RunTime:0.0009s ]
SQL: SELECT * FROM `tp_upload` WHERE ( classify="电影数据分析" ) ORDER BY id DESC LIMIT 5   [ RunTime:0.0006s ]
SQL: SELECT * FROM `tp_upload` WHERE ( classify="影视项目总分析" ) ORDER BY id DESC LIMIT 5   [ RunTime:0.0005s ]
SQL: SELECT * FROM `tp_upload` WHERE ( classify="行业研究" ) ORDER BY id DESC LIMIT 5   [ RunTime:0.0006s ]
SQL: SELECT * FROM `tp_upload` WHERE ( classify="月咨询总结" ) ORDER BY id DESC LIMIT 5   [ RunTime:0.0011s ]
SQL: SELECT * FROM `tp_upload` WHERE ( classify="最新消息" ) ORDER BY id DESC LIMIT 5   [ RunTime:0.0006s ]
INFO: [ app_end ] --START--
INFO: Run Behavior\ShowPageTraceBehavior [ RunTime:0.000638s ]
INFO: [ app_end ] --END-- [ RunTime:0.000684s ]

[ 2017-07-12T12:58:32+08:00 ] 115.159.205.133 /V/index.php/Home/User/log.html
INFO: [ app_init ] --START--
INFO: Run Behavior\BuildLiteBehavior [ RunTime:0.000017s ]
INFO: [ app_init ] --END-- [ RunTime:0.000357s ]
INFO: [ app_begin ] --START--
INFO: Run Behavior\ReadHtmlCacheBehavior [ RunTime:0.000359s ]
INFO: [ app_begin ] --END-- [ RunTime:0.000401s ]
NOTIC: [2] session_start(): open(/var/lib/php/session/sess_ak337v5gv63c7p5i2a07cbhk00, O_RDWR) failed: Permission denied (13) /var/www/html/V/ThinkPHP/Common/functions.php 第 1263 行.
NOTIC: [8] Use of undefined constant upload - assumed 'upload' /var/www/html/V/Application/Home/Controller/UserController.class.php 第 161 行.
SQL: SHOW COLUMNS FROM `tp_upload` [ RunTime:0.0110s ]
SQL: SELECT * FROM `tp_upload` WHERE ( classify="今日晨读" ) ORDER BY id DESC LIMIT 5   [ RunTime:0.0106s ]
SQL: SELECT * FROM `tp_upload` WHERE ( classify="艺人数据分析" ) ORDER BY id DESC LIMIT 5   [ RunTime:0.0011s ]
SQL: SELECT * FROM `tp_upload` WHERE ( classify="电影数据分析" ) ORDER BY id DESC LIMIT 5   [ RunTime:0.0104s ]
SQL: SELECT * FROM `tp_upload` WHERE ( classify="影视项目总分析" ) ORDER BY id DESC LIMIT 5   [ RunTime:0.0014s ]
SQL: SELECT * FROM `tp_upload` WHERE ( classify="行业研究" ) ORDER BY id DESC LIMIT 5   [ RunTime:0.0007s ]
SQL: SELECT * FROM `tp_upload` WHERE ( classify="月咨询总结" ) ORDER BY id DESC LIMIT 5   [ RunTime:0.0006s ]
SQL: SELECT * FROM `tp_upload` WHERE ( classify="最新消息" ) ORDER BY id DESC LIMIT 5   [ RunTime:0.0026s ]
INFO: [ app_end ] --START--
INFO: Run Behavior\ShowPageTraceBehavior [ RunTime:0.000499s ]
INFO: [ app_end ] --END-- [ RunTime:0.000548s ]

[ 2017-07-12T12:58:32+08:00 ] 115.159.205.133 /V/index.php/Home/User/log.html
INFO: [ app_init ] --START--
INFO: Run Behavior\BuildLiteBehavior [ RunTime:0.000015s ]
INFO: [ app_init ] --END-- [ RunTime:0.000346s ]
INFO: [ app_begin ] --START--
INFO: Run Behavior\ReadHtmlCacheBehavior [ RunTime:0.024006s ]
INFO: [ app_begin ] --END-- [ RunTime:0.024108s ]
NOTIC: [2] session_start(): open(/var/lib/php/session/sess_4psmmblhanukqfkn3utr9bfrr4, O_RDWR) failed: Permission denied (13) /var/www/html/V/ThinkPHP/Common/functions.php 第 1263 行.
NOTIC: [8] Use of undefined constant upload - assumed 'upload' /var/www/html/V/Application/Home/Controller/UserController.class.php 第 161 行.
SQL: SHOW COLUMNS FROM `tp_upload` [ RunTime:0.0107s ]
SQL: SELECT * FROM `tp_upload` WHERE ( classify="今日晨读" ) ORDER BY id DESC LIMIT 5   [ RunTime:0.0008s ]
SQL: SELECT * FROM `tp_upload` WHERE ( classify="艺人数据分析" ) ORDER BY id DESC LIMIT 5   [ RunTime:0.0106s ]
SQL: SELECT * FROM `tp_upload` WHERE ( classify="电影数据分析" ) ORDER BY id DESC LIMIT 5   [ RunTime:0.0008s ]
SQL: SELECT * FROM `tp_upload` WHERE ( classify="影视项目总分析" ) ORDER BY id DESC LIMIT 5   [ RunTime:0.0006s ]
SQL: SELECT * FROM `tp_upload` WHERE ( classify="行业研究" ) ORDER BY id DESC LIMIT 5   [ RunTime:0.0006s ]
SQL: SELECT * FROM `tp_upload` WHERE ( classify="月咨询总结" ) ORDER BY id DESC LIMIT 5   [ RunTime:0.0057s ]
SQL: SELECT * FROM `tp_upload` WHERE ( classify="最新消息" ) ORDER BY id DESC LIMIT 5   [ RunTime:0.0006s ]
INFO: [ app_end ] --START--
INFO: Run Behavior\ShowPageTraceBehavior [ RunTime:0.000440s ]
INFO: [ app_end ] --END-- [ RunTime:0.000493s ]

[ 2017-07-12T12:58:37+08:00 ] 115.159.205.133 /V/index.php/Home/User/log.html
INFO: [ app_init ] --START--
INFO: Run Behavior\BuildLiteBehavior [ RunTime:0.000014s ]
INFO: [ app_init ] --END-- [ RunTime:0.000272s ]
INFO: [ app_begin ] --START--
INFO: Run Behavior\ReadHtmlCacheBehavior [ RunTime:0.000338s ]
INFO: [ app_begin ] --END-- [ RunTime:0.000377s ]
NOTIC: [2] session_start(): open(/var/lib/php/session/sess_0maep1aap88h0c0gc0l5uc9fb4, O_RDWR) failed: Permission denied (13) /var/www/html/V/ThinkPHP/Common/functions.php 第 1263 行.
NOTIC: [8] Use of undefined constant upload - assumed 'upload' /var/www/html/V/Application/Home/Controller/UserController.class.php 第 161 行.
SQL: SHOW COLUMNS FROM `tp_upload` [ RunTime:0.0008s ]
SQL: SELECT * FROM `tp_upload` WHERE ( classify="今日晨读" ) ORDER BY id DESC LIMIT 5   [ RunTime:0.0007s ]
SQL: SELECT * FROM `tp_upload` WHERE ( classify="艺人数据分析" ) ORDER BY id DESC LIMIT 5   [ RunTime:0.0005s ]
SQL: SELECT * FROM `tp_upload` WHERE ( classify="电影数据分析" ) ORDER BY id DESC LIMIT 5   [ RunTime:0.0005s ]
SQL: SELECT * FROM `tp_upload` WHERE ( classify="影视项目总分析" ) ORDER BY id DESC LIMIT 5   [ RunTime:0.0005s ]
SQL: SELECT * FROM `tp_upload` WHERE ( classify="行业研究" ) ORDER BY id DESC LIMIT 5   [ RunTime:0.0005s ]
SQL: SELECT * FROM `tp_upload` WHERE ( classify="月咨询总结" ) ORDER BY id DESC LIMIT 5   [ RunTime:0.0005s ]
SQL: SELECT * FROM `tp_upload` WHERE ( classify="最新消息" ) ORDER BY id DESC LIMIT 5   [ RunTime:0.0005s ]
INFO: [ app_end ] --START--
INFO: Run Behavior\ShowPageTraceBehavior [ RunTime:0.000705s ]
INFO: [ app_end ] --END-- [ RunTime:0.000761s ]

[ 2017-07-12T14:08:22+08:00 ] 115.159.205.133 /V/index.php/Home/User/log.html
INFO: [ app_init ] --START--
INFO: Run Behavior\BuildLiteBehavior [ RunTime:0.000017s ]
INFO: [ app_init ] --END-- [ RunTime:0.000317s ]
INFO: [ app_begin ] --START--
INFO: Run Behavior\ReadHtmlCacheBehavior [ RunTime:0.001260s ]
INFO: [ app_begin ] --END-- [ RunTime:0.001315s ]
NOTIC: [2] session_start(): open(/var/lib/php/session/sess_7hghpn1p5jp4q82bnn46pgdu20, O_RDWR) failed: Permission denied (13) /var/www/html/V/ThinkPHP/Common/functions.php 第 1263 行.
NOTIC: [8] Use of undefined constant upload - assumed 'upload' /var/www/html/V/Application/Home/Controller/UserController.class.php 第 161 行.
SQL: SHOW COLUMNS FROM `tp_upload` [ RunTime:0.0008s ]
SQL: SELECT * FROM `tp_upload` WHERE ( classify="今日晨读" ) ORDER BY id DESC LIMIT 5   [ RunTime:0.0007s ]
SQL: SELECT * FROM `tp_upload` WHERE ( classify="艺人数据分析" ) ORDER BY id DESC LIMIT 5   [ RunTime:0.0005s ]
SQL: SELECT * FROM `tp_upload` WHERE ( classify="电影数据分析" ) ORDER BY id DESC LIMIT 5   [ RunTime:0.0006s ]
SQL: SELECT * FROM `tp_upload` WHERE ( classify="影视项目总分析" ) ORDER BY id DESC LIMIT 5   [ RunTime:0.0006s ]
SQL: SELECT * FROM `tp_upload` WHERE ( classify="行业研究" ) ORDER BY id DESC LIMIT 5   [ RunTime:0.0005s ]
SQL: SELECT * FROM `tp_upload` WHERE ( classify="月咨询总结" ) ORDER BY id DESC LIMIT 5   [ RunTime:0.0009s ]
SQL: SELECT * FROM `tp_upload` WHERE ( classify="最新消息" ) ORDER BY id DESC LIMIT 5   [ RunTime:0.0005s ]
INFO: [ app_end ] --START--
INFO: Run Behavior\ShowPageTraceBehavior [ RunTime:0.000740s ]
INFO: [ app_end ] --END-- [ RunTime:0.000793s ]

[ 2017-07-12T15:11:45+08:00 ] 115.159.205.133 /V/index.php/Home/User/log.html
INFO: [ app_init ] --START--
INFO: Run Behavior\BuildLiteBehavior [ RunTime:0.000013s ]
INFO: [ app_init ] --END-- [ RunTime:0.000312s ]
INFO: [ app_begin ] --START--
INFO: Run Behavior\ReadHtmlCacheBehavior [ RunTime:0.000301s ]
INFO: [ app_begin ] --END-- [ RunTime:0.000339s ]
NOTIC: [2] session_start(): open(/var/lib/php/session/sess_6lshrkhouklp64vn3k7n44sl37, O_RDWR) failed: Permission denied (13) /var/www/html/V/ThinkPHP/Common/functions.php 第 1263 行.
NOTIC: [8] Use of undefined constant upload - assumed 'upload' /var/www/html/V/Application/Home/Controller/UserController.class.php 第 161 行.
SQL: SHOW COLUMNS FROM `tp_upload` [ RunTime:0.0009s ]
SQL: SELECT * FROM `tp_upload` WHERE ( classify="今日晨读" ) ORDER BY id DESC LIMIT 5   [ RunTime:0.0006s ]
SQL: SELECT * FROM `tp_upload` WHERE ( classify="艺人数据分析" ) ORDER BY id DESC LIMIT 5   [ RunTime:0.0005s ]
SQL: SELECT * FROM `tp_upload` WHERE ( classify="电影数据分析" ) ORDER BY id DESC LIMIT 5   [ RunTime:0.0005s ]
SQL: SELECT * FROM `tp_upload` WHERE ( classify="影视项目总分析" ) ORDER BY id DESC LIMIT 5   [ RunTime:0.0005s ]
SQL: SELECT * FROM `tp_upload` WHERE ( classify="行业研究" ) ORDER BY id DESC LIMIT 5   [ RunTime:0.0008s ]
SQL: SELECT * FROM `tp_upload` WHERE ( classify="月咨询总结" ) ORDER BY id DESC LIMIT 5   [ RunTime:0.0007s ]
SQL: SELECT * FROM `tp_upload` WHERE ( classify="最新消息" ) ORDER BY id DESC LIMIT 5   [ RunTime:0.0005s ]
INFO: [ app_end ] --START--
INFO: Run Behavior\ShowPageTraceBehavior [ RunTime:0.000605s ]
INFO: [ app_end ] --END-- [ RunTime:0.000661s ]

[ 2017-07-12T15:11:46+08:00 ] 115.159.205.133 /V/index.php/Home/User/log.html
INFO: [ app_init ] --START--
INFO: Run Behavior\BuildLiteBehavior [ RunTime:0.000013s ]
INFO: [ app_init ] --END-- [ RunTime:0.000248s ]
INFO: [ app_begin ] --START--
INFO: Run Behavior\ReadHtmlCacheBehavior [ RunTime:0.000286s ]
INFO: [ app_begin ] --END-- [ RunTime:0.000324s ]
NOTIC: [2] session_start(): open(/var/lib/php/session/sess_mm5vkp35jgfs96k9htosji5ts2, O_RDWR) failed: Permission denied (13) /var/www/html/V/ThinkPHP/Common/functions.php 第 1263 行.
NOTIC: [8] Use of undefined constant upload - assumed 'upload' /var/www/html/V/Application/Home/Controller/UserController.class.php 第 161 行.
SQL: SHOW COLUMNS FROM `tp_upload` [ RunTime:0.0110s ]
SQL: SELECT * FROM `tp_upload` WHERE ( classify="今日晨读" ) ORDER BY id DESC LIMIT 5   [ RunTime:0.0011s ]
SQL: SELECT * FROM `tp_upload` WHERE ( classify="艺人数据分析" ) ORDER BY id DESC LIMIT 5   [ RunTime:0.0104s ]
SQL: SELECT * FROM `tp_upload` WHERE ( classify="电影数据分析" ) ORDER BY id DESC LIMIT 5   [ RunTime:0.0107s ]
SQL: SELECT * FROM `tp_upload` WHERE ( classify="影视项目总分析" ) ORDER BY id DESC LIMIT 5   [ RunTime:0.0022s ]
SQL: SELECT * FROM `tp_upload` WHERE ( classify="行业研究" ) ORDER BY id DESC LIMIT 5   [ RunTime:0.0012s ]
SQL: SELECT * FROM `tp_upload` WHERE ( classify="月咨询总结" ) ORDER BY id DESC LIMIT 5   [ RunTime:0.0112s ]
SQL: SELECT * FROM `tp_upload` WHERE ( classify="最新消息" ) ORDER BY id DESC LIMIT 5   [ RunTime:0.0008s ]
INFO: [ app_end ] --START--
INFO: Run Behavior\ShowPageTraceBehavior [ RunTime:0.000630s ]
INFO: [ app_end ] --END-- [ RunTime:0.000676s ]

[ 2017-07-12T15:11:46+08:00 ] 115.159.205.133 /V/index.php/Home/User/log.html
INFO: [ app_init ] --START--
INFO: Run Behavior\BuildLiteBehavior [ RunTime:0.000014s ]
INFO: [ app_init ] --END-- [ RunTime:0.000270s ]
INFO: [ app_begin ] --START--
INFO: Run Behavior\ReadHtmlCacheBehavior [ RunTime:0.000315s ]
INFO: [ app_begin ] --END-- [ RunTime:0.000352s ]
NOTIC: [2] session_start(): open(/var/lib/php/session/sess_f347gkfmfch0j06vkopqc9gr71, O_RDWR) failed: Permission denied (13) /var/www/html/V/ThinkPHP/Common/functions.php 第 1263 行.
NOTIC: [8] Use of undefined constant upload - assumed 'upload' /var/www/html/V/Application/Home/Controller/UserController.class.php 第 161 行.
SQL: SHOW COLUMNS FROM `tp_upload` [ RunTime:0.0018s ]
SQL: SELECT * FROM `tp_upload` WHERE ( classify="今日晨读" ) ORDER BY id DESC LIMIT 5   [ RunTime:0.0007s ]
SQL: SELECT * FROM `tp_upload` WHERE ( classify="艺人数据分析" ) ORDER BY id DESC LIMIT 5   [ RunTime:0.0122s ]
SQL: SELECT * FROM `tp_upload` WHERE ( classify="电影数据分析" ) ORDER BY id DESC LIMIT 5   [ RunTime:0.0034s ]
SQL: SELECT * FROM `tp_upload` WHERE ( classify="影视项目总分析" ) ORDER BY id DESC LIMIT 5   [ RunTime:0.0108s ]
SQL: SELECT * FROM `tp_upload` WHERE ( classify="行业研究" ) ORDER BY id DESC LIMIT 5   [ RunTime:0.0061s ]
SQL: SELECT * FROM `tp_upload` WHERE ( classify="月咨询总结" ) ORDER BY id DESC LIMIT 5   [ RunTime:0.0013s ]
SQL: SELECT * FROM `tp_upload` WHERE ( classify="最新消息" ) ORDER BY id DESC LIMIT 5   [ RunTime:0.0005s ]
INFO: [ app_end ] --START--
INFO: Run Behavior\ShowPageTraceBehavior [ RunTime:0.000554s ]
INFO: [ app_end ] --END-- [ RunTime:0.000603s ]

[ 2017-07-12T15:11:46+08:00 ] 115.159.205.133 /V/index.php/Home/User/log.html
INFO: [ app_init ] --START--
INFO: Run Behavior\BuildLiteBehavior [ RunTime:0.000016s ]
INFO: [ app_init ] --END-- [ RunTime:0.000323s ]
INFO: [ app_begin ] --START--
INFO: Run Behavior\ReadHtmlCacheBehavior [ RunTime:0.000343s ]
INFO: [ app_begin ] --END-- [ RunTime:0.000383s ]
NOTIC: [2] session_start(): open(/var/lib/php/session/sess_msfn4qogeenlpmv23ljt1687p5, O_RDWR) failed: Permission denied (13) /var/www/html/V/ThinkPHP/Common/functions.php 第 1263 行.
NOTIC: [8] Use of undefined constant upload - assumed 'upload' /var/www/html/V/Application/Home/Controller/UserController.class.php 第 161 行.
SQL: SHOW COLUMNS FROM `tp_upload` [ RunTime:0.0008s ]
SQL: SELECT * FROM `tp_upload` WHERE ( classify="今日晨读" ) ORDER BY id DESC LIMIT 5   [ RunTime:0.0006s ]
SQL: SELECT * FROM `tp_upload` WHERE ( classify="艺人数据分析" ) ORDER BY id DESC LIMIT 5   [ RunTime:0.0005s ]
SQL: SELECT * FROM `tp_upload` WHERE ( classify="电影数据分析" ) ORDER BY id DESC LIMIT 5   [ RunTime:0.0005s ]
SQL: SELECT * FROM `tp_upload` WHERE ( classify="影视项目总分析" ) ORDER BY id DESC LIMIT 5   [ RunTime:0.0005s ]
SQL: SELECT * FROM `tp_upload` WHERE ( classify="行业研究" ) ORDER BY id DESC LIMIT 5   [ RunTime:0.0005s ]
SQL: SELECT * FROM `tp_upload` WHERE ( classify="月咨询总结" ) ORDER BY id DESC LIMIT 5   [ RunTime:0.0005s ]
SQL: SELECT * FROM `tp_upload` WHERE ( classify="最新消息" ) ORDER BY id DESC LIMIT 5   [ RunTime:0.0005s ]
INFO: [ app_end ] --START--
INFO: Run Behavior\ShowPageTraceBehavior [ RunTime:0.000754s ]
INFO: [ app_end ] --END-- [ RunTime:0.000813s ]

[ 2017-07-12T18:34:35+08:00 ] 115.159.205.133 /V/index.php/Home/User/log.html
INFO: [ app_init ] --START--
INFO: Run Behavior\BuildLiteBehavior [ RunTime:0.000020s ]
INFO: [ app_init ] --END-- [ RunTime:0.000408s ]
INFO: [ app_begin ] --START--
INFO: Run Behavior\ReadHtmlCacheBehavior [ RunTime:0.000393s ]
INFO: [ app_begin ] --END-- [ RunTime:0.000441s ]
NOTIC: [2] session_start(): open(/var/lib/php/session/sess_atq7m5idqv32e0tcirdgi59s45, O_RDWR) failed: Permission denied (13) /var/www/html/V/ThinkPHP/Common/functions.php 第 1263 行.
NOTIC: [8] Use of undefined constant upload - assumed 'upload' /var/www/html/V/Application/Home/Controller/UserController.class.php 第 161 行.
SQL: SHOW COLUMNS FROM `tp_upload` [ RunTime:0.0035s ]
SQL: SELECT * FROM `tp_upload` WHERE ( classify="今日晨读" ) ORDER BY id DESC LIMIT 5   [ RunTime:0.0008s ]
SQL: SELECT * FROM `tp_upload` WHERE ( classify="艺人数据分析" ) ORDER BY id DESC LIMIT 5   [ RunTime:0.0016s ]
SQL: SELECT * FROM `tp_upload` WHERE ( classify="电影数据分析" ) ORDER BY id DESC LIMIT 5   [ RunTime:0.0009s ]
SQL: SELECT * FROM `tp_upload` WHERE ( classify="影视项目总分析" ) ORDER BY id DESC LIMIT 5   [ RunTime:0.0020s ]
SQL: SELECT * FROM `tp_upload` WHERE ( classify="行业研究" ) ORDER BY id DESC LIMIT 5   [ RunTime:0.0013s ]
SQL: SELECT * FROM `tp_upload` WHERE ( classify="月咨询总结" ) ORDER BY id DESC LIMIT 5   [ RunTime:0.0007s ]
SQL: SELECT * FROM `tp_upload` WHERE ( classify="最新消息" ) ORDER BY id DESC LIMIT 5   [ RunTime:0.0109s ]
INFO: [ app_end ] --START--
INFO: Run Behavior\ShowPageTraceBehavior [ RunTime:0.000653s ]
INFO: [ app_end ] --END-- [ RunTime:0.000734s ]

[ 2017-07-12T18:34:35+08:00 ] 115.159.205.133 /V/index.php/Home/User/log.html
INFO: [ app_init ] --START--
INFO: Run Behavior\BuildLiteBehavior [ RunTime:0.000021s ]
INFO: [ app_init ] --END-- [ RunTime:0.000464s ]
INFO: [ app_begin ] --START--
INFO: Run Behavior\ReadHtmlCacheBehavior [ RunTime:0.000517s ]
INFO: [ app_begin ] --END-- [ RunTime:0.000575s ]
NOTIC: [2] session_start(): open(/var/lib/php/session/sess_p38s5mi6j4sfc078r6calmtvo0, O_RDWR) failed: Permission denied (13) /var/www/html/V/ThinkPHP/Common/functions.php 第 1263 行.
NOTIC: [8] Use of undefined constant upload - assumed 'upload' /var/www/html/V/Application/Home/Controller/UserController.class.php 第 161 行.
SQL: SHOW COLUMNS FROM `tp_upload` [ RunTime:0.0025s ]
SQL: SELECT * FROM `tp_upload` WHERE ( classify="今日晨读" ) ORDER BY id DESC LIMIT 5   [ RunTime:0.0017s ]
SQL: SELECT * FROM `tp_upload` WHERE ( classify="艺人数据分析" ) ORDER BY id DESC LIMIT 5   [ RunTime:0.0008s ]
SQL: SELECT * FROM `tp_upload` WHERE ( classify="电影数据分析" ) ORDER BY id DESC LIMIT 5   [ RunTime:0.0016s ]
SQL: SELECT * FROM `tp_upload` WHERE ( classify="影视项目总分析" ) ORDER BY id DESC LIMIT 5   [ RunTime:0.0015s ]
SQL: SELECT * FROM `tp_upload` WHERE ( classify="行业研究" ) ORDER BY id DESC LIMIT 5   [ RunTime:0.0007s ]
SQL: SELECT * FROM `tp_upload` WHERE ( classify="月咨询总结" ) ORDER BY id DESC LIMIT 5   [ RunTime:0.0113s ]
SQL: SELECT * FROM `tp_upload` WHERE ( classify="最新消息" ) ORDER BY id DESC LIMIT 5   [ RunTime:0.0103s ]
INFO: [ app_end ] --START--
INFO: Run Behavior\ShowPageTraceBehavior [ RunTime:0.000610s ]
INFO: [ app_end ] --END-- [ RunTime:0.000660s ]

[ 2017-07-12T18:34:35+08:00 ] 115.159.205.133 /V/index.php/Home/User/log.html
INFO: [ app_init ] --START--
INFO: Run Behavior\BuildLiteBehavior [ RunTime:0.000014s ]
INFO: [ app_init ] --END-- [ RunTime:0.000255s ]
INFO: [ app_begin ] --START--
INFO: Run Behavior\ReadHtmlCacheBehavior [ RunTime:0.000327s ]
INFO: [ app_begin ] --END-- [ RunTime:0.000385s ]
NOTIC: [2] session_start(): open(/var/lib/php/session/sess_se7o73p85fo2ag1gp6qvi93em6, O_RDWR) failed: Permission denied (13) /var/www/html/V/ThinkPHP/Common/functions.php 第 1263 行.
NOTIC: [8] Use of undefined constant upload - assumed 'upload' /var/www/html/V/Application/Home/Controller/UserController.class.php 第 161 行.
SQL: SHOW COLUMNS FROM `tp_upload` [ RunTime:0.0008s ]
SQL: SELECT * FROM `tp_upload` WHERE ( classify="今日晨读" ) ORDER BY id DESC LIMIT 5   [ RunTime:0.0007s ]
SQL: SELECT * FROM `tp_upload` WHERE ( classify="艺人数据分析" ) ORDER BY id DESC LIMIT 5   [ RunTime:0.0006s ]
SQL: SELECT * FROM `tp_upload` WHERE ( classify="电影数据分析" ) ORDER BY id DESC LIMIT 5   [ RunTime:0.0005s ]
SQL: SELECT * FROM `tp_upload` WHERE ( classify="影视项目总分析" ) ORDER BY id DESC LIMIT 5   [ RunTime:0.0005s ]
SQL: SELECT * FROM `tp_upload` WHERE ( classify="行业研究" ) ORDER BY id DESC LIMIT 5   [ RunTime:0.0011s ]
SQL: SELECT * FROM `tp_upload` WHERE ( classify="月咨询总结" ) ORDER BY id DESC LIMIT 5   [ RunTime:0.0005s ]
SQL: SELECT * FROM `tp_upload` WHERE ( classify="最新消息" ) ORDER BY id DESC LIMIT 5   [ RunTime:0.0005s ]
INFO: [ app_end ] --START--
INFO: Run Behavior\ShowPageTraceBehavior [ RunTime:0.000799s ]
INFO: [ app_end ] --END-- [ RunTime:0.000845s ]

[ 2017-07-12T18:34:36+08:00 ] 115.159.205.133 /V/index.php/Home/User/log.html
INFO: [ app_init ] --START--
INFO: Run Behavior\BuildLiteBehavior [ RunTime:0.000017s ]
INFO: [ app_init ] --END-- [ RunTime:0.000443s ]
INFO: [ app_begin ] --START--
INFO: Run Behavior\ReadHtmlCacheBehavior [ RunTime:0.000358s ]
INFO: [ app_begin ] --END-- [ RunTime:0.000399s ]
NOTIC: [2] session_start(): open(/var/lib/php/session/sess_pejci3tt4jfbnqom433elqdl92, O_RDWR) failed: Permission denied (13) /var/www/html/V/ThinkPHP/Common/functions.php 第 1263 行.
NOTIC: [8] Use of undefined constant upload - assumed 'upload' /var/www/html/V/Application/Home/Controller/UserController.class.php 第 161 行.
SQL: SHOW COLUMNS FROM `tp_upload` [ RunTime:0.0008s ]
SQL: SELECT * FROM `tp_upload` WHERE ( classify="今日晨读" ) ORDER BY id DESC LIMIT 5   [ RunTime:0.0006s ]
SQL: SELECT * FROM `tp_upload` WHERE ( classify="艺人数据分析" ) ORDER BY id DESC LIMIT 5   [ RunTime:0.0005s ]
SQL: SELECT * FROM `tp_upload` WHERE ( classify="电影数据分析" ) ORDER BY id DESC LIMIT 5   [ RunTime:0.0005s ]
SQL: SELECT * FROM `tp_upload` WHERE ( classify="影视项目总分析" ) ORDER BY id DESC LIMIT 5   [ RunTime:0.0005s ]
SQL: SELECT * FROM `tp_upload` WHERE ( classify="行业研究" ) ORDER BY id DESC LIMIT 5   [ RunTime:0.0005s ]
SQL: SELECT * FROM `tp_upload` WHERE ( classify="月咨询总结" ) ORDER BY id DESC LIMIT 5   [ RunTime:0.0005s ]
SQL: SELECT * FROM `tp_upload` WHERE ( classify="最新消息" ) ORDER BY id DESC LIMIT 5   [ RunTime:0.0005s ]
INFO: [ app_end ] --START--
INFO: Run Behavior\ShowPageTraceBehavior [ RunTime:0.000703s ]
INFO: [ app_end ] --END-- [ RunTime:0.000756s ]

