[ 2017-09-29T00:30:19+08:00 ] 115.159.205.133 /V/index.php/Home/User/log.html
INFO: [ app_init ] --START--
INFO: Run Behavior\BuildLiteBehavior [ RunTime:0.000016s ]
INFO: [ app_init ] --END-- [ RunTime:0.000285s ]
INFO: [ app_begin ] --START--
INFO: Run Behavior\ReadHtmlCacheBehavior [ RunTime:0.000539s ]
INFO: [ app_begin ] --END-- [ RunTime:0.000578s ]
NOTIC: [2] session_start(): open(/var/lib/php/session/sess_cfp85lsd6fh5qmvuq4e93hean6, O_RDWR) failed: Permission denied (13) /var/www/html/V/ThinkPHP/Common/functions.php 第 1263 行.
NOTIC: [8] Use of undefined constant upload - assumed 'upload' /var/www/html/V/Application/Home/Controller/UserController.class.php 第 161 行.
SQL: SHOW COLUMNS FROM `tp_upload` [ RunTime:0.0010s ]
SQL: SELECT * FROM `tp_upload` WHERE ( classify="今日晨读" ) ORDER BY id DESC LIMIT 5   [ RunTime:0.0007s ]
SQL: SELECT * FROM `tp_upload` WHERE ( classify="艺人数据分析" ) ORDER BY id DESC LIMIT 5   [ RunTime:0.0006s ]
SQL: SELECT * FROM `tp_upload` WHERE ( classify="电影数据分析" ) ORDER BY id DESC LIMIT 5   [ RunTime:0.0008s ]
SQL: SELECT * FROM `tp_upload` WHERE ( classify="影视项目总分析" ) ORDER BY id DESC LIMIT 5   [ RunTime:0.0006s ]
SQL: SELECT * FROM `tp_upload` WHERE ( classify="行业研究" ) ORDER BY id DESC LIMIT 5   [ RunTime:0.0005s ]
SQL: SELECT * FROM `tp_upload` WHERE ( classify="月咨询总结" ) ORDER BY id DESC LIMIT 5   [ RunTime:0.0005s ]
SQL: SELECT * FROM `tp_upload` WHERE ( classify="最新消息" ) ORDER BY id DESC LIMIT 5   [ RunTime:0.0005s ]
INFO: [ app_end ] --START--
INFO: Run Behavior\ShowPageTraceBehavior [ RunTime:0.000867s ]
INFO: [ app_end ] --END-- [ RunTime:0.000924s ]

[ 2017-09-29T00:30:19+08:00 ] 115.159.205.133 /V/index.php/Home/User/log.html
INFO: [ app_init ] --START--
INFO: Run Behavior\BuildLiteBehavior [ RunTime:0.000018s ]
INFO: [ app_init ] --END-- [ RunTime:0.000370s ]
INFO: [ app_begin ] --START--
INFO: Run Behavior\ReadHtmlCacheBehavior [ RunTime:0.000393s ]
INFO: [ app_begin ] --END-- [ RunTime:0.000435s ]
NOTIC: [2] session_start(): open(/var/lib/php/session/sess_rtidgvvft37c9v4plc3s0ns8u5, O_RDWR) failed: Permission denied (13) /var/www/html/V/ThinkPHP/Common/functions.php 第 1263 行.
NOTIC: [8] Use of undefined constant upload - assumed 'upload' /var/www/html/V/Application/Home/Controller/UserController.class.php 第 161 行.
SQL: SHOW COLUMNS FROM `tp_upload` [ RunTime:0.0009s ]
SQL: SELECT * FROM `tp_upload` WHERE ( classify="今日晨读" ) ORDER BY id DESC LIMIT 5   [ RunTime:0.0006s ]
SQL: SELECT * FROM `tp_upload` WHERE ( classify="艺人数据分析" ) ORDER BY id DESC LIMIT 5   [ RunTime:0.0006s ]
SQL: SELECT * FROM `tp_upload` WHERE ( classify="电影数据分析" ) ORDER BY id DESC LIMIT 5   [ RunTime:0.0005s ]
SQL: SELECT * FROM `tp_upload` WHERE ( classify="影视项目总分析" ) ORDER BY id DESC LIMIT 5   [ RunTime:0.0009s ]
SQL: SELECT * FROM `tp_upload` WHERE ( classify="行业研究" ) ORDER BY id DESC LIMIT 5   [ RunTime:0.0005s ]
SQL: SELECT * FROM `tp_upload` WHERE ( classify="月咨询总结" ) ORDER BY id DESC LIMIT 5   [ RunTime:0.0005s ]
SQL: SELECT * FROM `tp_upload` WHERE ( classify="最新消息" ) ORDER BY id DESC LIMIT 5   [ RunTime:0.0005s ]
INFO: [ app_end ] --START--
INFO: Run Behavior\ShowPageTraceBehavior [ RunTime:0.000617s ]
INFO: [ app_end ] --END-- [ RunTime:0.000673s ]

[ 2017-09-29T00:30:19+08:00 ] 115.159.205.133 /V/index.php/Home/User/log.html
INFO: [ app_init ] --START--
INFO: Run Behavior\BuildLiteBehavior [ RunTime:0.000026s ]
INFO: [ app_init ] --END-- [ RunTime:0.000390s ]
INFO: [ app_begin ] --START--
INFO: Run Behavior\ReadHtmlCacheBehavior [ RunTime:0.000437s ]
INFO: [ app_begin ] --END-- [ RunTime:0.000487s ]
NOTIC: [2] session_start(): open(/var/lib/php/session/sess_adkitjlcl189j64638fvtaieh1, O_RDWR) failed: Permission denied (13) /var/www/html/V/ThinkPHP/Common/functions.php 第 1263 行.
NOTIC: [8] Use of undefined constant upload - assumed 'upload' /var/www/html/V/Application/Home/Controller/UserController.class.php 第 161 行.
SQL: SHOW COLUMNS FROM `tp_upload` [ RunTime:0.0011s ]
SQL: SELECT * FROM `tp_upload` WHERE ( classify="今日晨读" ) ORDER BY id DESC LIMIT 5   [ RunTime:0.0006s ]
SQL: SELECT * FROM `tp_upload` WHERE ( classify="艺人数据分析" ) ORDER BY id DESC LIMIT 5   [ RunTime:0.0006s ]
SQL: SELECT * FROM `tp_upload` WHERE ( classify="电影数据分析" ) ORDER BY id DESC LIMIT 5   [ RunTime:0.0006s ]
SQL: SELECT * FROM `tp_upload` WHERE ( classify="影视项目总分析" ) ORDER BY id DESC LIMIT 5   [ RunTime:0.0005s ]
SQL: SELECT * FROM `tp_upload` WHERE ( classify="行业研究" ) ORDER BY id DESC LIMIT 5   [ RunTime:0.0027s ]
SQL: SELECT * FROM `tp_upload` WHERE ( classify="月咨询总结" ) ORDER BY id DESC LIMIT 5   [ RunTime:0.0005s ]
SQL: SELECT * FROM `tp_upload` WHERE ( classify="最新消息" ) ORDER BY id DESC LIMIT 5   [ RunTime:0.0005s ]
INFO: [ app_end ] --START--
INFO: Run Behavior\ShowPageTraceBehavior [ RunTime:0.000568s ]
INFO: [ app_end ] --END-- [ RunTime:0.000673s ]

[ 2017-09-29T00:30:19+08:00 ] 115.159.205.133 /V/index.php/Home/User/log.html
INFO: [ app_init ] --START--
INFO: Run Behavior\BuildLiteBehavior [ RunTime:0.000018s ]
INFO: [ app_init ] --END-- [ RunTime:0.000375s ]
INFO: [ app_begin ] --START--
INFO: Run Behavior\ReadHtmlCacheBehavior [ RunTime:0.000468s ]
INFO: [ app_begin ] --END-- [ RunTime:0.000516s ]
NOTIC: [2] session_start(): open(/var/lib/php/session/sess_ljkued571b8nesng7gdsn80q31, O_RDWR) failed: Permission denied (13) /var/www/html/V/ThinkPHP/Common/functions.php 第 1263 行.
NOTIC: [8] Use of undefined constant upload - assumed 'upload' /var/www/html/V/Application/Home/Controller/UserController.class.php 第 161 行.
SQL: SHOW COLUMNS FROM `tp_upload` [ RunTime:0.0009s ]
SQL: SELECT * FROM `tp_upload` WHERE ( classify="今日晨读" ) ORDER BY id DESC LIMIT 5   [ RunTime:0.0007s ]
SQL: SELECT * FROM `tp_upload` WHERE ( classify="艺人数据分析" ) ORDER BY id DESC LIMIT 5   [ RunTime:0.0005s ]
SQL: SELECT * FROM `tp_upload` WHERE ( classify="电影数据分析" ) ORDER BY id DESC LIMIT 5   [ RunTime:0.0005s ]
SQL: SELECT * FROM `tp_upload` WHERE ( classify="影视项目总分析" ) ORDER BY id DESC LIMIT 5   [ RunTime:0.0009s ]
SQL: SELECT * FROM `tp_upload` WHERE ( classify="行业研究" ) ORDER BY id DESC LIMIT 5   [ RunTime:0.0006s ]
SQL: SELECT * FROM `tp_upload` WHERE ( classify="月咨询总结" ) ORDER BY id DESC LIMIT 5   [ RunTime:0.0005s ]
SQL: SELECT * FROM `tp_upload` WHERE ( classify="最新消息" ) ORDER BY id DESC LIMIT 5   [ RunTime:0.0005s ]
INFO: [ app_end ] --START--
INFO: Run Behavior\ShowPageTraceBehavior [ RunTime:0.000506s ]
INFO: [ app_end ] --END-- [ RunTime:0.000561s ]

[ 2017-09-29T00:58:09+08:00 ] 115.159.205.133 /V/index.php/Home/User/log.html
INFO: [ app_init ] --START--
INFO: Run Behavior\BuildLiteBehavior [ RunTime:0.000013s ]
INFO: [ app_init ] --END-- [ RunTime:0.000286s ]
INFO: [ app_begin ] --START--
INFO: Run Behavior\ReadHtmlCacheBehavior [ RunTime:0.000300s ]
INFO: [ app_begin ] --END-- [ RunTime:0.000337s ]
NOTIC: [2] session_start(): open(/var/lib/php/session/sess_6nrnodd9v9q90uuflh9r8m82o0, O_RDWR) failed: Permission denied (13) /var/www/html/V/ThinkPHP/Common/functions.php 第 1263 行.
NOTIC: [8] Use of undefined constant upload - assumed 'upload' /var/www/html/V/Application/Home/Controller/UserController.class.php 第 161 行.
SQL: SHOW COLUMNS FROM `tp_upload` [ RunTime:0.0009s ]
SQL: SELECT * FROM `tp_upload` WHERE ( classify="今日晨读" ) ORDER BY id DESC LIMIT 5   [ RunTime:0.0007s ]
SQL: SELECT * FROM `tp_upload` WHERE ( classify="艺人数据分析" ) ORDER BY id DESC LIMIT 5   [ RunTime:0.0005s ]
SQL: SELECT * FROM `tp_upload` WHERE ( classify="电影数据分析" ) ORDER BY id DESC LIMIT 5   [ RunTime:0.0005s ]
SQL: SELECT * FROM `tp_upload` WHERE ( classify="影视项目总分析" ) ORDER BY id DESC LIMIT 5   [ RunTime:0.0005s ]
SQL: SELECT * FROM `tp_upload` WHERE ( classify="行业研究" ) ORDER BY id DESC LIMIT 5   [ RunTime:0.0006s ]
SQL: SELECT * FROM `tp_upload` WHERE ( classify="月咨询总结" ) ORDER BY id DESC LIMIT 5   [ RunTime:0.0005s ]
SQL: SELECT * FROM `tp_upload` WHERE ( classify="最新消息" ) ORDER BY id DESC LIMIT 5   [ RunTime:0.0005s ]
INFO: [ app_end ] --START--
INFO: Run Behavior\ShowPageTraceBehavior [ RunTime:0.000790s ]
INFO: [ app_end ] --END-- [ RunTime:0.000850s ]

[ 2017-09-29T01:31:28+08:00 ] 115.159.205.133 /V/index.php/Home/User/log.html
INFO: [ app_init ] --START--
INFO: Run Behavior\BuildLiteBehavior [ RunTime:0.000030s ]
INFO: [ app_init ] --END-- [ RunTime:0.000268s ]
INFO: [ app_begin ] --START--
INFO: Run Behavior\ReadHtmlCacheBehavior [ RunTime:0.000319s ]
INFO: [ app_begin ] --END-- [ RunTime:0.000357s ]
NOTIC: [2] session_start(): open(/var/lib/php/session/sess_pgnq8s6ulvvhvjekl4bqk88100, O_RDWR) failed: Permission denied (13) /var/www/html/V/ThinkPHP/Common/functions.php 第 1263 行.
NOTIC: [8] Use of undefined constant upload - assumed 'upload' /var/www/html/V/Application/Home/Controller/UserController.class.php 第 161 行.
SQL: SHOW COLUMNS FROM `tp_upload` [ RunTime:0.0009s ]
SQL: SELECT * FROM `tp_upload` WHERE ( classify="今日晨读" ) ORDER BY id DESC LIMIT 5   [ RunTime:0.0007s ]
SQL: SELECT * FROM `tp_upload` WHERE ( classify="艺人数据分析" ) ORDER BY id DESC LIMIT 5   [ RunTime:0.0005s ]
SQL: SELECT * FROM `tp_upload` WHERE ( classify="电影数据分析" ) ORDER BY id DESC LIMIT 5   [ RunTime:0.0005s ]
SQL: SELECT * FROM `tp_upload` WHERE ( classify="影视项目总分析" ) ORDER BY id DESC LIMIT 5   [ RunTime:0.0005s ]
SQL: SELECT * FROM `tp_upload` WHERE ( classify="行业研究" ) ORDER BY id DESC LIMIT 5   [ RunTime:0.0005s ]
SQL: SELECT * FROM `tp_upload` WHERE ( classify="月咨询总结" ) ORDER BY id DESC LIMIT 5   [ RunTime:0.0004s ]
SQL: SELECT * FROM `tp_upload` WHERE ( classify="最新消息" ) ORDER BY id DESC LIMIT 5   [ RunTime:0.0004s ]
INFO: [ app_end ] --START--
INFO: Run Behavior\ShowPageTraceBehavior [ RunTime:0.000618s ]
INFO: [ app_end ] --END-- [ RunTime:0.000663s ]

[ 2017-09-29T01:31:28+08:00 ] 115.159.205.133 /V/index.php/Home/User/log.html
INFO: [ app_init ] --START--
INFO: Run Behavior\BuildLiteBehavior [ RunTime:0.000013s ]
INFO: [ app_init ] --END-- [ RunTime:0.000267s ]
INFO: [ app_begin ] --START--
INFO: Run Behavior\ReadHtmlCacheBehavior [ RunTime:0.000311s ]
INFO: [ app_begin ] --END-- [ RunTime:0.000348s ]
NOTIC: [2] session_start(): open(/var/lib/php/session/sess_1o9jieb7ldt7ltusu6nd9cldt2, O_RDWR) failed: Permission denied (13) /var/www/html/V/ThinkPHP/Common/functions.php 第 1263 行.
NOTIC: [8] Use of undefined constant upload - assumed 'upload' /var/www/html/V/Application/Home/Controller/UserController.class.php 第 161 行.
SQL: SHOW COLUMNS FROM `tp_upload` [ RunTime:0.0008s ]
SQL: SELECT * FROM `tp_upload` WHERE ( classify="今日晨读" ) ORDER BY id DESC LIMIT 5   [ RunTime:0.0006s ]
SQL: SELECT * FROM `tp_upload` WHERE ( classify="艺人数据分析" ) ORDER BY id DESC LIMIT 5   [ RunTime:0.0005s ]
SQL: SELECT * FROM `tp_upload` WHERE ( classify="电影数据分析" ) ORDER BY id DESC LIMIT 5   [ RunTime:0.0005s ]
SQL: SELECT * FROM `tp_upload` WHERE ( classify="影视项目总分析" ) ORDER BY id DESC LIMIT 5   [ RunTime:0.0005s ]
SQL: SELECT * FROM `tp_upload` WHERE ( classify="行业研究" ) ORDER BY id DESC LIMIT 5   [ RunTime:0.0005s ]
SQL: SELECT * FROM `tp_upload` WHERE ( classify="月咨询总结" ) ORDER BY id DESC LIMIT 5   [ RunTime:0.0005s ]
SQL: SELECT * FROM `tp_upload` WHERE ( classify="最新消息" ) ORDER BY id DESC LIMIT 5   [ RunTime:0.0005s ]
INFO: [ app_end ] --START--
INFO: Run Behavior\ShowPageTraceBehavior [ RunTime:0.000628s ]
INFO: [ app_end ] --END-- [ RunTime:0.000681s ]

[ 2017-09-29T01:31:29+08:00 ] 115.159.205.133 /V/index.php/Home/User/log.html
INFO: [ app_init ] --START--
INFO: Run Behavior\BuildLiteBehavior [ RunTime:0.000023s ]
INFO: [ app_init ] --END-- [ RunTime:0.000544s ]
INFO: [ app_begin ] --START--
INFO: Run Behavior\ReadHtmlCacheBehavior [ RunTime:0.000384s ]
INFO: [ app_begin ] --END-- [ RunTime:0.000445s ]
NOTIC: [2] session_start(): open(/var/lib/php/session/sess_t53plnpkh339rcfv8kvvgkh4o1, O_RDWR) failed: Permission denied (13) /var/www/html/V/ThinkPHP/Common/functions.php 第 1263 行.
NOTIC: [8] Use of undefined constant upload - assumed 'upload' /var/www/html/V/Application/Home/Controller/UserController.class.php 第 161 行.
SQL: SHOW COLUMNS FROM `tp_upload` [ RunTime:0.0010s ]
SQL: SELECT * FROM `tp_upload` WHERE ( classify="今日晨读" ) ORDER BY id DESC LIMIT 5   [ RunTime:0.0007s ]
SQL: SELECT * FROM `tp_upload` WHERE ( classify="艺人数据分析" ) ORDER BY id DESC LIMIT 5   [ RunTime:0.0010s ]
SQL: SELECT * FROM `tp_upload` WHERE ( classify="电影数据分析" ) ORDER BY id DESC LIMIT 5   [ RunTime:0.0007s ]
SQL: SELECT * FROM `tp_upload` WHERE ( classify="影视项目总分析" ) ORDER BY id DESC LIMIT 5   [ RunTime:0.0006s ]
SQL: SELECT * FROM `tp_upload` WHERE ( classify="行业研究" ) ORDER BY id DESC LIMIT 5   [ RunTime:0.0005s ]
SQL: SELECT * FROM `tp_upload` WHERE ( classify="月咨询总结" ) ORDER BY id DESC LIMIT 5   [ RunTime:0.0005s ]
SQL: SELECT * FROM `tp_upload` WHERE ( classify="最新消息" ) ORDER BY id DESC LIMIT 5   [ RunTime:0.0010s ]
INFO: [ app_end ] --START--
INFO: Run Behavior\ShowPageTraceBehavior [ RunTime:0.000685s ]
INFO: [ app_end ] --END-- [ RunTime:0.000766s ]

[ 2017-09-29T01:31:29+08:00 ] 115.159.205.133 /V/index.php/Home/User/log.html
INFO: [ app_init ] --START--
INFO: Run Behavior\BuildLiteBehavior [ RunTime:0.000020s ]
INFO: [ app_init ] --END-- [ RunTime:0.000351s ]
INFO: [ app_begin ] --START--
INFO: Run Behavior\ReadHtmlCacheBehavior [ RunTime:0.000360s ]
INFO: [ app_begin ] --END-- [ RunTime:0.000411s ]
NOTIC: [2] session_start(): open(/var/lib/php/session/sess_9q5rbqqt35gkgilkio5o38pto2, O_RDWR) failed: Permission denied (13) /var/www/html/V/ThinkPHP/Common/functions.php 第 1263 行.
NOTIC: [8] Use of undefined constant upload - assumed 'upload' /var/www/html/V/Application/Home/Controller/UserController.class.php 第 161 行.
SQL: SHOW COLUMNS FROM `tp_upload` [ RunTime:0.0009s ]
SQL: SELECT * FROM `tp_upload` WHERE ( classify="今日晨读" ) ORDER BY id DESC LIMIT 5   [ RunTime:0.0006s ]
SQL: SELECT * FROM `tp_upload` WHERE ( classify="艺人数据分析" ) ORDER BY id DESC LIMIT 5   [ RunTime:0.0005s ]
SQL: SELECT * FROM `tp_upload` WHERE ( classify="电影数据分析" ) ORDER BY id DESC LIMIT 5   [ RunTime:0.0005s ]
SQL: SELECT * FROM `tp_upload` WHERE ( classify="影视项目总分析" ) ORDER BY id DESC LIMIT 5   [ RunTime:0.0005s ]
SQL: SELECT * FROM `tp_upload` WHERE ( classify="行业研究" ) ORDER BY id DESC LIMIT 5   [ RunTime:0.0005s ]
SQL: SELECT * FROM `tp_upload` WHERE ( classify="月咨询总结" ) ORDER BY id DESC LIMIT 5   [ RunTime:0.0018s ]
SQL: SELECT * FROM `tp_upload` WHERE ( classify="最新消息" ) ORDER BY id DESC LIMIT 5   [ RunTime:0.0008s ]
INFO: [ app_end ] --START--
INFO: Run Behavior\ShowPageTraceBehavior [ RunTime:0.000671s ]
INFO: [ app_end ] --END-- [ RunTime:0.000760s ]

[ 2017-09-29T05:04:11+08:00 ] 115.159.205.133 /V/index.php/Home/User/log.html
INFO: [ app_init ] --START--
INFO: Run Behavior\BuildLiteBehavior [ RunTime:0.000014s ]
INFO: [ app_init ] --END-- [ RunTime:0.000333s ]
INFO: [ app_begin ] --START--
INFO: Run Behavior\ReadHtmlCacheBehavior [ RunTime:0.000368s ]
INFO: [ app_begin ] --END-- [ RunTime:0.000416s ]
NOTIC: [2] session_start(): open(/var/lib/php/session/sess_ovg480cukms6c7kjfaaam9j7s6, O_RDWR) failed: Permission denied (13) /var/www/html/V/ThinkPHP/Common/functions.php 第 1263 行.
NOTIC: [8] Use of undefined constant upload - assumed 'upload' /var/www/html/V/Application/Home/Controller/UserController.class.php 第 161 行.
SQL: SHOW COLUMNS FROM `tp_upload` [ RunTime:0.0009s ]
SQL: SELECT * FROM `tp_upload` WHERE ( classify="今日晨读" ) ORDER BY id DESC LIMIT 5   [ RunTime:0.0007s ]
SQL: SELECT * FROM `tp_upload` WHERE ( classify="艺人数据分析" ) ORDER BY id DESC LIMIT 5   [ RunTime:0.0005s ]
SQL: SELECT * FROM `tp_upload` WHERE ( classify="电影数据分析" ) ORDER BY id DESC LIMIT 5   [ RunTime:0.0005s ]
SQL: SELECT * FROM `tp_upload` WHERE ( classify="影视项目总分析" ) ORDER BY id DESC LIMIT 5   [ RunTime:0.0005s ]
SQL: SELECT * FROM `tp_upload` WHERE ( classify="行业研究" ) ORDER BY id DESC LIMIT 5   [ RunTime:0.0005s ]
SQL: SELECT * FROM `tp_upload` WHERE ( classify="月咨询总结" ) ORDER BY id DESC LIMIT 5   [ RunTime:0.0005s ]
SQL: SELECT * FROM `tp_upload` WHERE ( classify="最新消息" ) ORDER BY id DESC LIMIT 5   [ RunTime:0.0005s ]
INFO: [ app_end ] --START--
INFO: Run Behavior\ShowPageTraceBehavior [ RunTime:0.000692s ]
INFO: [ app_end ] --END-- [ RunTime:0.000743s ]

[ 2017-09-29T05:15:51+08:00 ] 115.159.205.133 /V/index.php/Home/User/log.html
INFO: [ app_init ] --START--
INFO: Run Behavior\BuildLiteBehavior [ RunTime:0.000014s ]
INFO: [ app_init ] --END-- [ RunTime:0.000244s ]
INFO: [ app_begin ] --START--
INFO: Run Behavior\ReadHtmlCacheBehavior [ RunTime:0.000296s ]
INFO: [ app_begin ] --END-- [ RunTime:0.000333s ]
NOTIC: [2] session_start(): open(/var/lib/php/session/sess_999qcclosoms4s53rju2jvpnk5, O_RDWR) failed: Permission denied (13) /var/www/html/V/ThinkPHP/Common/functions.php 第 1263 行.
NOTIC: [8] Use of undefined constant upload - assumed 'upload' /var/www/html/V/Application/Home/Controller/UserController.class.php 第 161 行.
SQL: SHOW COLUMNS FROM `tp_upload` [ RunTime:0.0009s ]
SQL: SELECT * FROM `tp_upload` WHERE ( classify="今日晨读" ) ORDER BY id DESC LIMIT 5   [ RunTime:0.0006s ]
SQL: SELECT * FROM `tp_upload` WHERE ( classify="艺人数据分析" ) ORDER BY id DESC LIMIT 5   [ RunTime:0.0008s ]
SQL: SELECT * FROM `tp_upload` WHERE ( classify="电影数据分析" ) ORDER BY id DESC LIMIT 5   [ RunTime:0.0007s ]
SQL: SELECT * FROM `tp_upload` WHERE ( classify="影视项目总分析" ) ORDER BY id DESC LIMIT 5   [ RunTime:0.0005s ]
SQL: SELECT * FROM `tp_upload` WHERE ( classify="行业研究" ) ORDER BY id DESC LIMIT 5   [ RunTime:0.0005s ]
SQL: SELECT * FROM `tp_upload` WHERE ( classify="月咨询总结" ) ORDER BY id DESC LIMIT 5   [ RunTime:0.0006s ]
SQL: SELECT * FROM `tp_upload` WHERE ( classify="最新消息" ) ORDER BY id DESC LIMIT 5   [ RunTime:0.0005s ]
INFO: [ app_end ] --START--
INFO: Run Behavior\ShowPageTraceBehavior [ RunTime:0.000678s ]
INFO: [ app_end ] --END-- [ RunTime:0.000723s ]

[ 2017-09-29T05:15:52+08:00 ] 115.159.205.133 /V/index.php/Home/User/log.html
INFO: [ app_init ] --START--
INFO: Run Behavior\BuildLiteBehavior [ RunTime:0.000013s ]
INFO: [ app_init ] --END-- [ RunTime:0.000269s ]
INFO: [ app_begin ] --START--
INFO: Run Behavior\ReadHtmlCacheBehavior [ RunTime:0.000291s ]
INFO: [ app_begin ] --END-- [ RunTime:0.000329s ]
NOTIC: [2] session_start(): open(/var/lib/php/session/sess_aphsp80bo8l7fdabdoq7vn9843, O_RDWR) failed: Permission denied (13) /var/www/html/V/ThinkPHP/Common/functions.php 第 1263 行.
NOTIC: [8] Use of undefined constant upload - assumed 'upload' /var/www/html/V/Application/Home/Controller/UserController.class.php 第 161 行.
SQL: SHOW COLUMNS FROM `tp_upload` [ RunTime:0.0009s ]
SQL: SELECT * FROM `tp_upload` WHERE ( classify="今日晨读" ) ORDER BY id DESC LIMIT 5   [ RunTime:0.0006s ]
SQL: SELECT * FROM `tp_upload` WHERE ( classify="艺人数据分析" ) ORDER BY id DESC LIMIT 5   [ RunTime:0.0005s ]
SQL: SELECT * FROM `tp_upload` WHERE ( classify="电影数据分析" ) ORDER BY id DESC LIMIT 5   [ RunTime:0.0005s ]
SQL: SELECT * FROM `tp_upload` WHERE ( classify="影视项目总分析" ) ORDER BY id DESC LIMIT 5   [ RunTime:0.0006s ]
SQL: SELECT * FROM `tp_upload` WHERE ( classify="行业研究" ) ORDER BY id DESC LIMIT 5   [ RunTime:0.0005s ]
SQL: SELECT * FROM `tp_upload` WHERE ( classify="月咨询总结" ) ORDER BY id DESC LIMIT 5   [ RunTime:0.0005s ]
SQL: SELECT * FROM `tp_upload` WHERE ( classify="最新消息" ) ORDER BY id DESC LIMIT 5   [ RunTime:0.0004s ]
INFO: [ app_end ] --START--
INFO: Run Behavior\ShowPageTraceBehavior [ RunTime:0.000754s ]
INFO: [ app_end ] --END-- [ RunTime:0.000801s ]

[ 2017-09-29T08:45:01+08:00 ] 115.159.205.133 /V/index.php/Home/User/log.html
INFO: [ app_init ] --START--
INFO: Run Behavior\BuildLiteBehavior [ RunTime:0.000013s ]
INFO: [ app_init ] --END-- [ RunTime:0.000245s ]
INFO: [ app_begin ] --START--
INFO: Run Behavior\ReadHtmlCacheBehavior [ RunTime:0.000316s ]
INFO: [ app_begin ] --END-- [ RunTime:0.000352s ]
NOTIC: [2] session_start(): open(/var/lib/php/session/sess_q43eohjlbbfvegoojs60b5dr92, O_RDWR) failed: Permission denied (13) /var/www/html/V/ThinkPHP/Common/functions.php 第 1263 行.
NOTIC: [8] Use of undefined constant upload - assumed 'upload' /var/www/html/V/Application/Home/Controller/UserController.class.php 第 161 行.
SQL: SHOW COLUMNS FROM `tp_upload` [ RunTime:0.0009s ]
SQL: SELECT * FROM `tp_upload` WHERE ( classify="今日晨读" ) ORDER BY id DESC LIMIT 5   [ RunTime:0.0006s ]
SQL: SELECT * FROM `tp_upload` WHERE ( classify="艺人数据分析" ) ORDER BY id DESC LIMIT 5   [ RunTime:0.0007s ]
SQL: SELECT * FROM `tp_upload` WHERE ( classify="电影数据分析" ) ORDER BY id DESC LIMIT 5   [ RunTime:0.0008s ]
SQL: SELECT * FROM `tp_upload` WHERE ( classify="影视项目总分析" ) ORDER BY id DESC LIMIT 5   [ RunTime:0.0006s ]
SQL: SELECT * FROM `tp_upload` WHERE ( classify="行业研究" ) ORDER BY id DESC LIMIT 5   [ RunTime:0.0005s ]
SQL: SELECT * FROM `tp_upload` WHERE ( classify="月咨询总结" ) ORDER BY id DESC LIMIT 5   [ RunTime:0.0005s ]
SQL: SELECT * FROM `tp_upload` WHERE ( classify="最新消息" ) ORDER BY id DESC LIMIT 5   [ RunTime:0.0005s ]
INFO: [ app_end ] --START--
INFO: Run Behavior\ShowPageTraceBehavior [ RunTime:0.000711s ]
INFO: [ app_end ] --END-- [ RunTime:0.000761s ]

[ 2017-09-29T08:45:01+08:00 ] 115.159.205.133 /V/index.php/Home/User/log.html
INFO: [ app_init ] --START--
INFO: Run Behavior\BuildLiteBehavior [ RunTime:0.000023s ]
INFO: [ app_init ] --END-- [ RunTime:0.000366s ]
INFO: [ app_begin ] --START--
INFO: Run Behavior\ReadHtmlCacheBehavior [ RunTime:0.000502s ]
INFO: [ app_begin ] --END-- [ RunTime:0.000558s ]
NOTIC: [2] session_start(): open(/var/lib/php/session/sess_i5gop5uhg3uaqibvphk0nof9i6, O_RDWR) failed: Permission denied (13) /var/www/html/V/ThinkPHP/Common/functions.php 第 1263 行.
NOTIC: [8] Use of undefined constant upload - assumed 'upload' /var/www/html/V/Application/Home/Controller/UserController.class.php 第 161 行.
SQL: SHOW COLUMNS FROM `tp_upload` [ RunTime:0.0013s ]
SQL: SELECT * FROM `tp_upload` WHERE ( classify="今日晨读" ) ORDER BY id DESC LIMIT 5   [ RunTime:0.0008s ]
SQL: SELECT * FROM `tp_upload` WHERE ( classify="艺人数据分析" ) ORDER BY id DESC LIMIT 5   [ RunTime:0.0007s ]
SQL: SELECT * FROM `tp_upload` WHERE ( classify="电影数据分析" ) ORDER BY id DESC LIMIT 5   [ RunTime:0.0006s ]
SQL: SELECT * FROM `tp_upload` WHERE ( classify="影视项目总分析" ) ORDER BY id DESC LIMIT 5   [ RunTime:0.0007s ]
SQL: SELECT * FROM `tp_upload` WHERE ( classify="行业研究" ) ORDER BY id DESC LIMIT 5   [ RunTime:0.0007s ]
SQL: SELECT * FROM `tp_upload` WHERE ( classify="月咨询总结" ) ORDER BY id DESC LIMIT 5   [ RunTime:0.0008s ]
SQL: SELECT * FROM `tp_upload` WHERE ( classify="最新消息" ) ORDER BY id DESC LIMIT 5   [ RunTime:0.0006s ]
INFO: [ app_end ] --START--
INFO: Run Behavior\ShowPageTraceBehavior [ RunTime:0.000730s ]
INFO: [ app_end ] --END-- [ RunTime:0.000804s ]

[ 2017-09-29T08:45:01+08:00 ] 115.159.205.133 /V/index.php/Home/User/log.html
INFO: [ app_init ] --START--
INFO: Run Behavior\BuildLiteBehavior [ RunTime:0.000017s ]
INFO: [ app_init ] --END-- [ RunTime:0.000356s ]
INFO: [ app_begin ] --START--
INFO: Run Behavior\ReadHtmlCacheBehavior [ RunTime:0.000425s ]
INFO: [ app_begin ] --END-- [ RunTime:0.000480s ]
NOTIC: [2] session_start(): open(/var/lib/php/session/sess_gla1a30hesfvhuljn1p04epb33, O_RDWR) failed: Permission denied (13) /var/www/html/V/ThinkPHP/Common/functions.php 第 1263 行.
NOTIC: [8] Use of undefined constant upload - assumed 'upload' /var/www/html/V/Application/Home/Controller/UserController.class.php 第 161 行.
SQL: SHOW COLUMNS FROM `tp_upload` [ RunTime:0.0009s ]
SQL: SELECT * FROM `tp_upload` WHERE ( classify="今日晨读" ) ORDER BY id DESC LIMIT 5   [ RunTime:0.0008s ]
SQL: SELECT * FROM `tp_upload` WHERE ( classify="艺人数据分析" ) ORDER BY id DESC LIMIT 5   [ RunTime:0.0005s ]
SQL: SELECT * FROM `tp_upload` WHERE ( classify="电影数据分析" ) ORDER BY id DESC LIMIT 5   [ RunTime:0.0005s ]
SQL: SELECT * FROM `tp_upload` WHERE ( classify="影视项目总分析" ) ORDER BY id DESC LIMIT 5   [ RunTime:0.0005s ]
SQL: SELECT * FROM `tp_upload` WHERE ( classify="行业研究" ) ORDER BY id DESC LIMIT 5   [ RunTime:0.0004s ]
SQL: SELECT * FROM `tp_upload` WHERE ( classify="月咨询总结" ) ORDER BY id DESC LIMIT 5   [ RunTime:0.0004s ]
SQL: SELECT * FROM `tp_upload` WHERE ( classify="最新消息" ) ORDER BY id DESC LIMIT 5   [ RunTime:0.0005s ]
INFO: [ app_end ] --START--
INFO: Run Behavior\ShowPageTraceBehavior [ RunTime:0.000664s ]
INFO: [ app_end ] --END-- [ RunTime:0.000713s ]

[ 2017-09-29T08:45:01+08:00 ] 115.159.205.133 /V/index.php/Home/User/log.html
INFO: [ app_init ] --START--
INFO: Run Behavior\BuildLiteBehavior [ RunTime:0.000014s ]
INFO: [ app_init ] --END-- [ RunTime:0.000272s ]
INFO: [ app_begin ] --START--
INFO: Run Behavior\ReadHtmlCacheBehavior [ RunTime:0.000292s ]
INFO: [ app_begin ] --END-- [ RunTime:0.000328s ]
NOTIC: [2] session_start(): open(/var/lib/php/session/sess_7fb4c3fhfnp642mn7e3sijken2, O_RDWR) failed: Permission denied (13) /var/www/html/V/ThinkPHP/Common/functions.php 第 1263 行.
NOTIC: [8] Use of undefined constant upload - assumed 'upload' /var/www/html/V/Application/Home/Controller/UserController.class.php 第 161 行.
SQL: SHOW COLUMNS FROM `tp_upload` [ RunTime:0.0009s ]
SQL: SELECT * FROM `tp_upload` WHERE ( classify="今日晨读" ) ORDER BY id DESC LIMIT 5   [ RunTime:0.0007s ]
SQL: SELECT * FROM `tp_upload` WHERE ( classify="艺人数据分析" ) ORDER BY id DESC LIMIT 5   [ RunTime:0.0005s ]
SQL: SELECT * FROM `tp_upload` WHERE ( classify="电影数据分析" ) ORDER BY id DESC LIMIT 5   [ RunTime:0.0005s ]
SQL: SELECT * FROM `tp_upload` WHERE ( classify="影视项目总分析" ) ORDER BY id DESC LIMIT 5   [ RunTime:0.0005s ]
SQL: SELECT * FROM `tp_upload` WHERE ( classify="行业研究" ) ORDER BY id DESC LIMIT 5   [ RunTime:0.0004s ]
SQL: SELECT * FROM `tp_upload` WHERE ( classify="月咨询总结" ) ORDER BY id DESC LIMIT 5   [ RunTime:0.0004s ]
SQL: SELECT * FROM `tp_upload` WHERE ( classify="最新消息" ) ORDER BY id DESC LIMIT 5   [ RunTime:0.0005s ]
INFO: [ app_end ] --START--
INFO: Run Behavior\ShowPageTraceBehavior [ RunTime:0.000708s ]
INFO: [ app_end ] --END-- [ RunTime:0.000750s ]

[ 2017-09-29T09:19:13+08:00 ] 115.159.205.133 /V/index.php/Home/User/log.html
INFO: [ app_init ] --START--
INFO: Run Behavior\BuildLiteBehavior [ RunTime:0.000014s ]
INFO: [ app_init ] --END-- [ RunTime:0.000294s ]
INFO: [ app_begin ] --START--
INFO: Run Behavior\ReadHtmlCacheBehavior [ RunTime:0.000357s ]
INFO: [ app_begin ] --END-- [ RunTime:0.000398s ]
NOTIC: [2] session_start(): open(/var/lib/php/session/sess_277m8hk9oquftft7pnomdhcgp7, O_RDWR) failed: Permission denied (13) /var/www/html/V/ThinkPHP/Common/functions.php 第 1263 行.
NOTIC: [8] Use of undefined constant upload - assumed 'upload' /var/www/html/V/Application/Home/Controller/UserController.class.php 第 161 行.
SQL: SHOW COLUMNS FROM `tp_upload` [ RunTime:0.0009s ]
SQL: SELECT * FROM `tp_upload` WHERE ( classify="今日晨读" ) ORDER BY id DESC LIMIT 5   [ RunTime:0.0009s ]
SQL: SELECT * FROM `tp_upload` WHERE ( classify="艺人数据分析" ) ORDER BY id DESC LIMIT 5   [ RunTime:0.0005s ]
SQL: SELECT * FROM `tp_upload` WHERE ( classify="电影数据分析" ) ORDER BY id DESC LIMIT 5   [ RunTime:0.0005s ]
SQL: SELECT * FROM `tp_upload` WHERE ( classify="影视项目总分析" ) ORDER BY id DESC LIMIT 5   [ RunTime:0.0005s ]
SQL: SELECT * FROM `tp_upload` WHERE ( classify="行业研究" ) ORDER BY id DESC LIMIT 5   [ RunTime:0.0005s ]
SQL: SELECT * FROM `tp_upload` WHERE ( classify="月咨询总结" ) ORDER BY id DESC LIMIT 5   [ RunTime:0.0007s ]
SQL: SELECT * FROM `tp_upload` WHERE ( classify="最新消息" ) ORDER BY id DESC LIMIT 5   [ RunTime:0.0005s ]
INFO: [ app_end ] --START--
INFO: Run Behavior\ShowPageTraceBehavior [ RunTime:0.000678s ]
INFO: [ app_end ] --END-- [ RunTime:0.000728s ]

[ 2017-09-29T09:19:13+08:00 ] 115.159.205.133 /V/index.php/Home/User/log.html
INFO: [ app_init ] --START--
INFO: Run Behavior\BuildLiteBehavior [ RunTime:0.000017s ]
INFO: [ app_init ] --END-- [ RunTime:0.000271s ]
INFO: [ app_begin ] --START--
INFO: Run Behavior\ReadHtmlCacheBehavior [ RunTime:0.000318s ]
INFO: [ app_begin ] --END-- [ RunTime:0.000395s ]
NOTIC: [2] session_start(): open(/var/lib/php/session/sess_fspn1bi8rej5tc4vfvofjstpf0, O_RDWR) failed: Permission denied (13) /var/www/html/V/ThinkPHP/Common/functions.php 第 1263 行.
NOTIC: [8] Use of undefined constant upload - assumed 'upload' /var/www/html/V/Application/Home/Controller/UserController.class.php 第 161 行.
SQL: SHOW COLUMNS FROM `tp_upload` [ RunTime:0.0008s ]
SQL: SELECT * FROM `tp_upload` WHERE ( classify="今日晨读" ) ORDER BY id DESC LIMIT 5   [ RunTime:0.0006s ]
SQL: SELECT * FROM `tp_upload` WHERE ( classify="艺人数据分析" ) ORDER BY id DESC LIMIT 5   [ RunTime:0.0006s ]
SQL: SELECT * FROM `tp_upload` WHERE ( classify="电影数据分析" ) ORDER BY id DESC LIMIT 5   [ RunTime:0.0005s ]
SQL: SELECT * FROM `tp_upload` WHERE ( classify="影视项目总分析" ) ORDER BY id DESC LIMIT 5   [ RunTime:0.0007s ]
SQL: SELECT * FROM `tp_upload` WHERE ( classify="行业研究" ) ORDER BY id DESC LIMIT 5   [ RunTime:0.0005s ]
SQL: SELECT * FROM `tp_upload` WHERE ( classify="月咨询总结" ) ORDER BY id DESC LIMIT 5   [ RunTime:0.0005s ]
SQL: SELECT * FROM `tp_upload` WHERE ( classify="最新消息" ) ORDER BY id DESC LIMIT 5   [ RunTime:0.0006s ]
INFO: [ app_end ] --START--
INFO: Run Behavior\ShowPageTraceBehavior [ RunTime:0.000749s ]
INFO: [ app_end ] --END-- [ RunTime:0.000812s ]

[ 2017-09-29T09:19:14+08:00 ] 115.159.205.133 /V/index.php/Home/User/log.html
INFO: [ app_init ] --START--
INFO: Run Behavior\BuildLiteBehavior [ RunTime:0.000013s ]
INFO: [ app_init ] --END-- [ RunTime:0.000249s ]
INFO: [ app_begin ] --START--
INFO: Run Behavior\ReadHtmlCacheBehavior [ RunTime:0.000387s ]
INFO: [ app_begin ] --END-- [ RunTime:0.000438s ]
NOTIC: [2] session_start(): open(/var/lib/php/session/sess_5ojb0e57rdv21i5qlbh5nm7q53, O_RDWR) failed: Permission denied (13) /var/www/html/V/ThinkPHP/Common/functions.php 第 1263 行.
NOTIC: [8] Use of undefined constant upload - assumed 'upload' /var/www/html/V/Application/Home/Controller/UserController.class.php 第 161 行.
SQL: SHOW COLUMNS FROM `tp_upload` [ RunTime:0.0009s ]
SQL: SELECT * FROM `tp_upload` WHERE ( classify="今日晨读" ) ORDER BY id DESC LIMIT 5   [ RunTime:0.0007s ]
SQL: SELECT * FROM `tp_upload` WHERE ( classify="艺人数据分析" ) ORDER BY id DESC LIMIT 5   [ RunTime:0.0005s ]
SQL: SELECT * FROM `tp_upload` WHERE ( classify="电影数据分析" ) ORDER BY id DESC LIMIT 5   [ RunTime:0.0005s ]
SQL: SELECT * FROM `tp_upload` WHERE ( classify="影视项目总分析" ) ORDER BY id DESC LIMIT 5   [ RunTime:0.0010s ]
SQL: SELECT * FROM `tp_upload` WHERE ( classify="行业研究" ) ORDER BY id DESC LIMIT 5   [ RunTime:0.0006s ]
SQL: SELECT * FROM `tp_upload` WHERE ( classify="月咨询总结" ) ORDER BY id DESC LIMIT 5   [ RunTime:0.0110s ]
SQL: SELECT * FROM `tp_upload` WHERE ( classify="最新消息" ) ORDER BY id DESC LIMIT 5   [ RunTime:0.0102s ]
INFO: [ app_end ] --START--
INFO: Run Behavior\ShowPageTraceBehavior [ RunTime:0.000482s ]
INFO: [ app_end ] --END-- [ RunTime:0.000549s ]

[ 2017-09-29T09:19:14+08:00 ] 115.159.205.133 /V/index.php/Home/User/log.html
INFO: [ app_init ] --START--
INFO: Run Behavior\BuildLiteBehavior [ RunTime:0.000016s ]
INFO: [ app_init ] --END-- [ RunTime:0.000339s ]
INFO: [ app_begin ] --START--
INFO: Run Behavior\ReadHtmlCacheBehavior [ RunTime:0.000403s ]
INFO: [ app_begin ] --END-- [ RunTime:0.000454s ]
NOTIC: [2] session_start(): open(/var/lib/php/session/sess_7lktnjpqlp8lsmkcmcpt0jnqr4, O_RDWR) failed: Permission denied (13) /var/www/html/V/ThinkPHP/Common/functions.php 第 1263 行.
NOTIC: [8] Use of undefined constant upload - assumed 'upload' /var/www/html/V/Application/Home/Controller/UserController.class.php 第 161 行.
SQL: SHOW COLUMNS FROM `tp_upload` [ RunTime:0.0007s ]
SQL: SELECT * FROM `tp_upload` WHERE ( classify="今日晨读" ) ORDER BY id DESC LIMIT 5   [ RunTime:0.0007s ]
SQL: SELECT * FROM `tp_upload` WHERE ( classify="艺人数据分析" ) ORDER BY id DESC LIMIT 5   [ RunTime:0.0005s ]
SQL: SELECT * FROM `tp_upload` WHERE ( classify="电影数据分析" ) ORDER BY id DESC LIMIT 5   [ RunTime:0.0005s ]
SQL: SELECT * FROM `tp_upload` WHERE ( classify="影视项目总分析" ) ORDER BY id DESC LIMIT 5   [ RunTime:0.0005s ]
SQL: SELECT * FROM `tp_upload` WHERE ( classify="行业研究" ) ORDER BY id DESC LIMIT 5   [ RunTime:0.0005s ]
SQL: SELECT * FROM `tp_upload` WHERE ( classify="月咨询总结" ) ORDER BY id DESC LIMIT 5   [ RunTime:0.0005s ]
SQL: SELECT * FROM `tp_upload` WHERE ( classify="最新消息" ) ORDER BY id DESC LIMIT 5   [ RunTime:0.0005s ]
INFO: [ app_end ] --START--
INFO: Run Behavior\ShowPageTraceBehavior [ RunTime:0.000639s ]
INFO: [ app_end ] --END-- [ RunTime:0.000698s ]

[ 2017-09-29T09:44:43+08:00 ] 115.159.205.133 /V/index.php/Home/User/log.html
INFO: [ app_init ] --START--
INFO: Run Behavior\BuildLiteBehavior [ RunTime:0.000014s ]
INFO: [ app_init ] --END-- [ RunTime:0.000257s ]
INFO: [ app_begin ] --START--
INFO: Run Behavior\ReadHtmlCacheBehavior [ RunTime:0.000317s ]
INFO: [ app_begin ] --END-- [ RunTime:0.000355s ]
NOTIC: [2] session_start(): open(/var/lib/php/session/sess_d8v6olj36un536pei34p73g1o0, O_RDWR) failed: Permission denied (13) /var/www/html/V/ThinkPHP/Common/functions.php 第 1263 行.
NOTIC: [8] Use of undefined constant upload - assumed 'upload' /var/www/html/V/Application/Home/Controller/UserController.class.php 第 161 行.
SQL: SHOW COLUMNS FROM `tp_upload` [ RunTime:0.0008s ]
SQL: SELECT * FROM `tp_upload` WHERE ( classify="今日晨读" ) ORDER BY id DESC LIMIT 5   [ RunTime:0.0007s ]
SQL: SELECT * FROM `tp_upload` WHERE ( classify="艺人数据分析" ) ORDER BY id DESC LIMIT 5   [ RunTime:0.0006s ]
SQL: SELECT * FROM `tp_upload` WHERE ( classify="电影数据分析" ) ORDER BY id DESC LIMIT 5   [ RunTime:0.0006s ]
SQL: SELECT * FROM `tp_upload` WHERE ( classify="影视项目总分析" ) ORDER BY id DESC LIMIT 5   [ RunTime:0.0006s ]
SQL: SELECT * FROM `tp_upload` WHERE ( classify="行业研究" ) ORDER BY id DESC LIMIT 5   [ RunTime:0.0005s ]
SQL: SELECT * FROM `tp_upload` WHERE ( classify="月咨询总结" ) ORDER BY id DESC LIMIT 5   [ RunTime:0.0005s ]
SQL: SELECT * FROM `tp_upload` WHERE ( classify="最新消息" ) ORDER BY id DESC LIMIT 5   [ RunTime:0.0005s ]
INFO: [ app_end ] --START--
INFO: Run Behavior\ShowPageTraceBehavior [ RunTime:0.000616s ]
INFO: [ app_end ] --END-- [ RunTime:0.000671s ]

[ 2017-09-29T09:44:43+08:00 ] 115.159.205.133 /V/index.php/Home/User/log.html
INFO: [ app_init ] --START--
INFO: Run Behavior\BuildLiteBehavior [ RunTime:0.000013s ]
INFO: [ app_init ] --END-- [ RunTime:0.000278s ]
INFO: [ app_begin ] --START--
INFO: Run Behavior\ReadHtmlCacheBehavior [ RunTime:0.000342s ]
INFO: [ app_begin ] --END-- [ RunTime:0.000381s ]
NOTIC: [2] session_start(): open(/var/lib/php/session/sess_ortab5rv1jrjc5vr0t2v47i7j2, O_RDWR) failed: Permission denied (13) /var/www/html/V/ThinkPHP/Common/functions.php 第 1263 行.
NOTIC: [8] Use of undefined constant upload - assumed 'upload' /var/www/html/V/Application/Home/Controller/UserController.class.php 第 161 行.
SQL: SHOW COLUMNS FROM `tp_upload` [ RunTime:0.0008s ]
SQL: SELECT * FROM `tp_upload` WHERE ( classify="今日晨读" ) ORDER BY id DESC LIMIT 5   [ RunTime:0.0007s ]
SQL: SELECT * FROM `tp_upload` WHERE ( classify="艺人数据分析" ) ORDER BY id DESC LIMIT 5   [ RunTime:0.0005s ]
SQL: SELECT * FROM `tp_upload` WHERE ( classify="电影数据分析" ) ORDER BY id DESC LIMIT 5   [ RunTime:0.0005s ]
SQL: SELECT * FROM `tp_upload` WHERE ( classify="影视项目总分析" ) ORDER BY id DESC LIMIT 5   [ RunTime:0.0005s ]
SQL: SELECT * FROM `tp_upload` WHERE ( classify="行业研究" ) ORDER BY id DESC LIMIT 5   [ RunTime:0.0005s ]
SQL: SELECT * FROM `tp_upload` WHERE ( classify="月咨询总结" ) ORDER BY id DESC LIMIT 5   [ RunTime:0.0005s ]
SQL: SELECT * FROM `tp_upload` WHERE ( classify="最新消息" ) ORDER BY id DESC LIMIT 5   [ RunTime:0.0005s ]
INFO: [ app_end ] --START--
INFO: Run Behavior\ShowPageTraceBehavior [ RunTime:0.000736s ]
INFO: [ app_end ] --END-- [ RunTime:0.000803s ]

[ 2017-09-29T09:44:43+08:00 ] 115.159.205.133 /V/index.php/Home/User/log.html
INFO: [ app_init ] --START--
INFO: Run Behavior\BuildLiteBehavior [ RunTime:0.000013s ]
INFO: [ app_init ] --END-- [ RunTime:0.000257s ]
INFO: [ app_begin ] --START--
INFO: Run Behavior\ReadHtmlCacheBehavior [ RunTime:0.000372s ]
INFO: [ app_begin ] --END-- [ RunTime:0.000411s ]
NOTIC: [2] session_start(): open(/var/lib/php/session/sess_jch9b7u13vjtp4amgrhcrapn40, O_RDWR) failed: Permission denied (13) /var/www/html/V/ThinkPHP/Common/functions.php 第 1263 行.
NOTIC: [8] Use of undefined constant upload - assumed 'upload' /var/www/html/V/Application/Home/Controller/UserController.class.php 第 161 行.
SQL: SHOW COLUMNS FROM `tp_upload` [ RunTime:0.0007s ]
SQL: SELECT * FROM `tp_upload` WHERE ( classify="今日晨读" ) ORDER BY id DESC LIMIT 5   [ RunTime:0.0006s ]
SQL: SELECT * FROM `tp_upload` WHERE ( classify="艺人数据分析" ) ORDER BY id DESC LIMIT 5   [ RunTime:0.0005s ]
SQL: SELECT * FROM `tp_upload` WHERE ( classify="电影数据分析" ) ORDER BY id DESC LIMIT 5   [ RunTime:0.0005s ]
SQL: SELECT * FROM `tp_upload` WHERE ( classify="影视项目总分析" ) ORDER BY id DESC LIMIT 5   [ RunTime:0.0005s ]
SQL: SELECT * FROM `tp_upload` WHERE ( classify="行业研究" ) ORDER BY id DESC LIMIT 5   [ RunTime:0.0005s ]
SQL: SELECT * FROM `tp_upload` WHERE ( classify="月咨询总结" ) ORDER BY id DESC LIMIT 5   [ RunTime:0.0004s ]
SQL: SELECT * FROM `tp_upload` WHERE ( classify="最新消息" ) ORDER BY id DESC LIMIT 5   [ RunTime:0.0005s ]
INFO: [ app_end ] --START--
INFO: Run Behavior\ShowPageTraceBehavior [ RunTime:0.000616s ]
INFO: [ app_end ] --END-- [ RunTime:0.000672s ]

[ 2017-09-29T09:44:43+08:00 ] 115.159.205.133 /V/index.php/Home/User/log.html
INFO: [ app_init ] --START--
INFO: Run Behavior\BuildLiteBehavior [ RunTime:0.000019s ]
INFO: [ app_init ] --END-- [ RunTime:0.000258s ]
INFO: [ app_begin ] --START--
INFO: Run Behavior\ReadHtmlCacheBehavior [ RunTime:0.000310s ]
INFO: [ app_begin ] --END-- [ RunTime:0.000349s ]
NOTIC: [2] session_start(): open(/var/lib/php/session/sess_suebcaldu6lfbireds321qvbm3, O_RDWR) failed: Permission denied (13) /var/www/html/V/ThinkPHP/Common/functions.php 第 1263 行.
NOTIC: [8] Use of undefined constant upload - assumed 'upload' /var/www/html/V/Application/Home/Controller/UserController.class.php 第 161 行.
SQL: SHOW COLUMNS FROM `tp_upload` [ RunTime:0.0008s ]
SQL: SELECT * FROM `tp_upload` WHERE ( classify="今日晨读" ) ORDER BY id DESC LIMIT 5   [ RunTime:0.0006s ]
SQL: SELECT * FROM `tp_upload` WHERE ( classify="艺人数据分析" ) ORDER BY id DESC LIMIT 5   [ RunTime:0.0005s ]
SQL: SELECT * FROM `tp_upload` WHERE ( classify="电影数据分析" ) ORDER BY id DESC LIMIT 5   [ RunTime:0.0005s ]
SQL: SELECT * FROM `tp_upload` WHERE ( classify="影视项目总分析" ) ORDER BY id DESC LIMIT 5   [ RunTime:0.0005s ]
SQL: SELECT * FROM `tp_upload` WHERE ( classify="行业研究" ) ORDER BY id DESC LIMIT 5   [ RunTime:0.0006s ]
SQL: SELECT * FROM `tp_upload` WHERE ( classify="月咨询总结" ) ORDER BY id DESC LIMIT 5   [ RunTime:0.0006s ]
SQL: SELECT * FROM `tp_upload` WHERE ( classify="最新消息" ) ORDER BY id DESC LIMIT 5   [ RunTime:0.0008s ]
INFO: [ app_end ] --START--
INFO: Run Behavior\ShowPageTraceBehavior [ RunTime:0.000515s ]
INFO: [ app_end ] --END-- [ RunTime:0.000559s ]

[ 2017-09-29T09:45:04+08:00 ] 115.159.205.133 /V/index.php/Home/User/log.html
INFO: [ app_init ] --START--
INFO: Run Behavior\BuildLiteBehavior [ RunTime:0.000013s ]
INFO: [ app_init ] --END-- [ RunTime:0.000264s ]
INFO: [ app_begin ] --START--
INFO: Run Behavior\ReadHtmlCacheBehavior [ RunTime:0.000316s ]
INFO: [ app_begin ] --END-- [ RunTime:0.000355s ]
NOTIC: [2] session_start(): open(/var/lib/php/session/sess_rp886qdupta09q8a0fa793l0d4, O_RDWR) failed: Permission denied (13) /var/www/html/V/ThinkPHP/Common/functions.php 第 1263 行.
NOTIC: [8] Use of undefined constant upload - assumed 'upload' /var/www/html/V/Application/Home/Controller/UserController.class.php 第 161 行.
SQL: SHOW COLUMNS FROM `tp_upload` [ RunTime:0.0009s ]
SQL: SELECT * FROM `tp_upload` WHERE ( classify="今日晨读" ) ORDER BY id DESC LIMIT 5   [ RunTime:0.0006s ]
SQL: SELECT * FROM `tp_upload` WHERE ( classify="艺人数据分析" ) ORDER BY id DESC LIMIT 5   [ RunTime:0.0005s ]
SQL: SELECT * FROM `tp_upload` WHERE ( classify="电影数据分析" ) ORDER BY id DESC LIMIT 5   [ RunTime:0.0005s ]
SQL: SELECT * FROM `tp_upload` WHERE ( classify="影视项目总分析" ) ORDER BY id DESC LIMIT 5   [ RunTime:0.0006s ]
SQL: SELECT * FROM `tp_upload` WHERE ( classify="行业研究" ) ORDER BY id DESC LIMIT 5   [ RunTime:0.0005s ]
SQL: SELECT * FROM `tp_upload` WHERE ( classify="月咨询总结" ) ORDER BY id DESC LIMIT 5   [ RunTime:0.0005s ]
SQL: SELECT * FROM `tp_upload` WHERE ( classify="最新消息" ) ORDER BY id DESC LIMIT 5   [ RunTime:0.0005s ]
INFO: [ app_end ] --START--
INFO: Run Behavior\ShowPageTraceBehavior [ RunTime:0.000616s ]
INFO: [ app_end ] --END-- [ RunTime:0.000662s ]

[ 2017-09-29T09:45:04+08:00 ] 115.159.205.133 /V/index.php/Home/User/log.html
INFO: [ app_init ] --START--
INFO: Run Behavior\BuildLiteBehavior [ RunTime:0.000013s ]
INFO: [ app_init ] --END-- [ RunTime:0.000242s ]
INFO: [ app_begin ] --START--
INFO: Run Behavior\ReadHtmlCacheBehavior [ RunTime:0.000304s ]
INFO: [ app_begin ] --END-- [ RunTime:0.000341s ]
NOTIC: [2] session_start(): open(/var/lib/php/session/sess_8g6tpu5n1vu99jbh61nvq2pj43, O_RDWR) failed: Permission denied (13) /var/www/html/V/ThinkPHP/Common/functions.php 第 1263 行.
NOTIC: [8] Use of undefined constant upload - assumed 'upload' /var/www/html/V/Application/Home/Controller/UserController.class.php 第 161 行.
SQL: SHOW COLUMNS FROM `tp_upload` [ RunTime:0.0008s ]
SQL: SELECT * FROM `tp_upload` WHERE ( classify="今日晨读" ) ORDER BY id DESC LIMIT 5   [ RunTime:0.0007s ]
SQL: SELECT * FROM `tp_upload` WHERE ( classify="艺人数据分析" ) ORDER BY id DESC LIMIT 5   [ RunTime:0.0005s ]
SQL: SELECT * FROM `tp_upload` WHERE ( classify="电影数据分析" ) ORDER BY id DESC LIMIT 5   [ RunTime:0.0005s ]
SQL: SELECT * FROM `tp_upload` WHERE ( classify="影视项目总分析" ) ORDER BY id DESC LIMIT 5   [ RunTime:0.0006s ]
SQL: SELECT * FROM `tp_upload` WHERE ( classify="行业研究" ) ORDER BY id DESC LIMIT 5   [ RunTime:0.0005s ]
SQL: SELECT * FROM `tp_upload` WHERE ( classify="月咨询总结" ) ORDER BY id DESC LIMIT 5   [ RunTime:0.0005s ]
SQL: SELECT * FROM `tp_upload` WHERE ( classify="最新消息" ) ORDER BY id DESC LIMIT 5   [ RunTime:0.0005s ]
INFO: [ app_end ] --START--
INFO: Run Behavior\ShowPageTraceBehavior [ RunTime:0.000580s ]
INFO: [ app_end ] --END-- [ RunTime:0.000626s ]

[ 2017-09-29T09:45:04+08:00 ] 115.159.205.133 /V/index.php/Home/User/log.html
INFO: [ app_init ] --START--
INFO: Run Behavior\BuildLiteBehavior [ RunTime:0.000020s ]
INFO: [ app_init ] --END-- [ RunTime:0.000342s ]
INFO: [ app_begin ] --START--
INFO: Run Behavior\ReadHtmlCacheBehavior [ RunTime:0.000298s ]
INFO: [ app_begin ] --END-- [ RunTime:0.000338s ]
NOTIC: [2] session_start(): open(/var/lib/php/session/sess_n99jdt117cn7u4281jm11drf06, O_RDWR) failed: Permission denied (13) /var/www/html/V/ThinkPHP/Common/functions.php 第 1263 行.
NOTIC: [8] Use of undefined constant upload - assumed 'upload' /var/www/html/V/Application/Home/Controller/UserController.class.php 第 161 行.
SQL: SHOW COLUMNS FROM `tp_upload` [ RunTime:0.0008s ]
SQL: SELECT * FROM `tp_upload` WHERE ( classify="今日晨读" ) ORDER BY id DESC LIMIT 5   [ RunTime:0.0007s ]
SQL: SELECT * FROM `tp_upload` WHERE ( classify="艺人数据分析" ) ORDER BY id DESC LIMIT 5   [ RunTime:0.0005s ]
SQL: SELECT * FROM `tp_upload` WHERE ( classify="电影数据分析" ) ORDER BY id DESC LIMIT 5   [ RunTime:0.0005s ]
SQL: SELECT * FROM `tp_upload` WHERE ( classify="影视项目总分析" ) ORDER BY id DESC LIMIT 5   [ RunTime:0.0005s ]
SQL: SELECT * FROM `tp_upload` WHERE ( classify="行业研究" ) ORDER BY id DESC LIMIT 5   [ RunTime:0.0005s ]
SQL: SELECT * FROM `tp_upload` WHERE ( classify="月咨询总结" ) ORDER BY id DESC LIMIT 5   [ RunTime:0.0005s ]
SQL: SELECT * FROM `tp_upload` WHERE ( classify="最新消息" ) ORDER BY id DESC LIMIT 5   [ RunTime:0.0005s ]
INFO: [ app_end ] --START--
INFO: Run Behavior\ShowPageTraceBehavior [ RunTime:0.000521s ]
INFO: [ app_end ] --END-- [ RunTime:0.000606s ]

[ 2017-09-29T09:45:05+08:00 ] 115.159.205.133 /V/index.php/Home/User/log.html
INFO: [ app_init ] --START--
INFO: Run Behavior\BuildLiteBehavior [ RunTime:0.000013s ]
INFO: [ app_init ] --END-- [ RunTime:0.000242s ]
INFO: [ app_begin ] --START--
INFO: Run Behavior\ReadHtmlCacheBehavior [ RunTime:0.000316s ]
INFO: [ app_begin ] --END-- [ RunTime:0.000358s ]
NOTIC: [2] session_start(): open(/var/lib/php/session/sess_j8u1n1749j8t982nvbcmrtcu86, O_RDWR) failed: Permission denied (13) /var/www/html/V/ThinkPHP/Common/functions.php 第 1263 行.
NOTIC: [8] Use of undefined constant upload - assumed 'upload' /var/www/html/V/Application/Home/Controller/UserController.class.php 第 161 行.
SQL: SHOW COLUMNS FROM `tp_upload` [ RunTime:0.0009s ]
SQL: SELECT * FROM `tp_upload` WHERE ( classify="今日晨读" ) ORDER BY id DESC LIMIT 5   [ RunTime:0.0007s ]
SQL: SELECT * FROM `tp_upload` WHERE ( classify="艺人数据分析" ) ORDER BY id DESC LIMIT 5   [ RunTime:0.0005s ]
SQL: SELECT * FROM `tp_upload` WHERE ( classify="电影数据分析" ) ORDER BY id DESC LIMIT 5   [ RunTime:0.0006s ]
SQL: SELECT * FROM `tp_upload` WHERE ( classify="影视项目总分析" ) ORDER BY id DESC LIMIT 5   [ RunTime:0.0005s ]
SQL: SELECT * FROM `tp_upload` WHERE ( classify="行业研究" ) ORDER BY id DESC LIMIT 5   [ RunTime:0.0007s ]
SQL: SELECT * FROM `tp_upload` WHERE ( classify="月咨询总结" ) ORDER BY id DESC LIMIT 5   [ RunTime:0.0005s ]
SQL: SELECT * FROM `tp_upload` WHERE ( classify="最新消息" ) ORDER BY id DESC LIMIT 5   [ RunTime:0.0005s ]
INFO: [ app_end ] --START--
INFO: Run Behavior\ShowPageTraceBehavior [ RunTime:0.000741s ]
INFO: [ app_end ] --END-- [ RunTime:0.000842s ]

[ 2017-09-29T09:45:49+08:00 ] 115.159.205.133 /V/index.php/Home/User/log.html
INFO: [ app_init ] --START--
INFO: Run Behavior\BuildLiteBehavior [ RunTime:0.000014s ]
INFO: [ app_init ] --END-- [ RunTime:0.000364s ]
INFO: [ app_begin ] --START--
INFO: Run Behavior\ReadHtmlCacheBehavior [ RunTime:0.000710s ]
INFO: [ app_begin ] --END-- [ RunTime:0.000768s ]
NOTIC: [2] session_start(): open(/var/lib/php/session/sess_dv2t69e62mgq3i73ug7qae09m0, O_RDWR) failed: Permission denied (13) /var/www/html/V/ThinkPHP/Common/functions.php 第 1263 行.
NOTIC: [8] Use of undefined constant upload - assumed 'upload' /var/www/html/V/Application/Home/Controller/UserController.class.php 第 161 行.
SQL: SHOW COLUMNS FROM `tp_upload` [ RunTime:0.0010s ]
SQL: SELECT * FROM `tp_upload` WHERE ( classify="今日晨读" ) ORDER BY id DESC LIMIT 5   [ RunTime:0.0007s ]
SQL: SELECT * FROM `tp_upload` WHERE ( classify="艺人数据分析" ) ORDER BY id DESC LIMIT 5   [ RunTime:0.0005s ]
SQL: SELECT * FROM `tp_upload` WHERE ( classify="电影数据分析" ) ORDER BY id DESC LIMIT 5   [ RunTime:0.0006s ]
SQL: SELECT * FROM `tp_upload` WHERE ( classify="影视项目总分析" ) ORDER BY id DESC LIMIT 5   [ RunTime:0.0005s ]
SQL: SELECT * FROM `tp_upload` WHERE ( classify="行业研究" ) ORDER BY id DESC LIMIT 5   [ RunTime:0.0006s ]
SQL: SELECT * FROM `tp_upload` WHERE ( classify="月咨询总结" ) ORDER BY id DESC LIMIT 5   [ RunTime:0.0006s ]
SQL: SELECT * FROM `tp_upload` WHERE ( classify="最新消息" ) ORDER BY id DESC LIMIT 5   [ RunTime:0.0006s ]
INFO: [ app_end ] --START--
INFO: Run Behavior\ShowPageTraceBehavior [ RunTime:0.000690s ]
INFO: [ app_end ] --END-- [ RunTime:0.000768s ]

[ 2017-09-29T09:45:49+08:00 ] 115.159.205.133 /V/index.php/Home/User/log.html
INFO: [ app_init ] --START--
INFO: Run Behavior\BuildLiteBehavior [ RunTime:0.000015s ]
INFO: [ app_init ] --END-- [ RunTime:0.000340s ]
INFO: [ app_begin ] --START--
INFO: Run Behavior\ReadHtmlCacheBehavior [ RunTime:0.000309s ]
INFO: [ app_begin ] --END-- [ RunTime:0.000347s ]
NOTIC: [2] session_start(): open(/var/lib/php/session/sess_nhuk4f6t3g7kjuucg7vmgqglh4, O_RDWR) failed: Permission denied (13) /var/www/html/V/ThinkPHP/Common/functions.php 第 1263 行.
NOTIC: [8] Use of undefined constant upload - assumed 'upload' /var/www/html/V/Application/Home/Controller/UserController.class.php 第 161 行.
SQL: SHOW COLUMNS FROM `tp_upload` [ RunTime:0.0007s ]
SQL: SELECT * FROM `tp_upload` WHERE ( classify="今日晨读" ) ORDER BY id DESC LIMIT 5   [ RunTime:0.0005s ]
SQL: SELECT * FROM `tp_upload` WHERE ( classify="艺人数据分析" ) ORDER BY id DESC LIMIT 5   [ RunTime:0.0005s ]
SQL: SELECT * FROM `tp_upload` WHERE ( classify="电影数据分析" ) ORDER BY id DESC LIMIT 5   [ RunTime:0.0005s ]
SQL: SELECT * FROM `tp_upload` WHERE ( classify="影视项目总分析" ) ORDER BY id DESC LIMIT 5   [ RunTime:0.0005s ]
SQL: SELECT * FROM `tp_upload` WHERE ( classify="行业研究" ) ORDER BY id DESC LIMIT 5   [ RunTime:0.0005s ]
SQL: SELECT * FROM `tp_upload` WHERE ( classify="月咨询总结" ) ORDER BY id DESC LIMIT 5   [ RunTime:0.0005s ]
SQL: SELECT * FROM `tp_upload` WHERE ( classify="最新消息" ) ORDER BY id DESC LIMIT 5   [ RunTime:0.0004s ]
INFO: [ app_end ] --START--
INFO: Run Behavior\ShowPageTraceBehavior [ RunTime:0.000433s ]
INFO: [ app_end ] --END-- [ RunTime:0.000480s ]

[ 2017-09-29T09:45:50+08:00 ] 115.159.205.133 /V/index.php/Home/User/log.html
INFO: [ app_init ] --START--
INFO: Run Behavior\BuildLiteBehavior [ RunTime:0.000014s ]
INFO: [ app_init ] --END-- [ RunTime:0.000260s ]
INFO: [ app_begin ] --START--
INFO: Run Behavior\ReadHtmlCacheBehavior [ RunTime:0.000337s ]
INFO: [ app_begin ] --END-- [ RunTime:0.000375s ]
NOTIC: [2] session_start(): open(/var/lib/php/session/sess_feq5ivse4gnchmfihdmmd6va02, O_RDWR) failed: Permission denied (13) /var/www/html/V/ThinkPHP/Common/functions.php 第 1263 行.
NOTIC: [8] Use of undefined constant upload - assumed 'upload' /var/www/html/V/Application/Home/Controller/UserController.class.php 第 161 行.
SQL: SHOW COLUMNS FROM `tp_upload` [ RunTime:0.0008s ]
SQL: SELECT * FROM `tp_upload` WHERE ( classify="今日晨读" ) ORDER BY id DESC LIMIT 5   [ RunTime:0.0006s ]
SQL: SELECT * FROM `tp_upload` WHERE ( classify="艺人数据分析" ) ORDER BY id DESC LIMIT 5   [ RunTime:0.0007s ]
SQL: SELECT * FROM `tp_upload` WHERE ( classify="电影数据分析" ) ORDER BY id DESC LIMIT 5   [ RunTime:0.0008s ]
SQL: SELECT * FROM `tp_upload` WHERE ( classify="影视项目总分析" ) ORDER BY id DESC LIMIT 5   [ RunTime:0.0005s ]
SQL: SELECT * FROM `tp_upload` WHERE ( classify="行业研究" ) ORDER BY id DESC LIMIT 5   [ RunTime:0.0005s ]
SQL: SELECT * FROM `tp_upload` WHERE ( classify="月咨询总结" ) ORDER BY id DESC LIMIT 5   [ RunTime:0.0112s ]
SQL: SELECT * FROM `tp_upload` WHERE ( classify="最新消息" ) ORDER BY id DESC LIMIT 5   [ RunTime:0.0106s ]
INFO: [ app_end ] --START--
INFO: Run Behavior\ShowPageTraceBehavior [ RunTime:0.000574s ]
INFO: [ app_end ] --END-- [ RunTime:0.000623s ]

[ 2017-09-29T09:45:50+08:00 ] 115.159.205.133 /V/index.php/Home/User/log.html
INFO: [ app_init ] --START--
INFO: Run Behavior\BuildLiteBehavior [ RunTime:0.000012s ]
INFO: [ app_init ] --END-- [ RunTime:0.000264s ]
INFO: [ app_begin ] --START--
INFO: Run Behavior\ReadHtmlCacheBehavior [ RunTime:0.000363s ]
INFO: [ app_begin ] --END-- [ RunTime:0.000400s ]
NOTIC: [2] session_start(): open(/var/lib/php/session/sess_57fofgiaacpo20l8p76koqdlp0, O_RDWR) failed: Permission denied (13) /var/www/html/V/ThinkPHP/Common/functions.php 第 1263 行.
NOTIC: [8] Use of undefined constant upload - assumed 'upload' /var/www/html/V/Application/Home/Controller/UserController.class.php 第 161 行.
SQL: SHOW COLUMNS FROM `tp_upload` [ RunTime:0.0110s ]
SQL: SELECT * FROM `tp_upload` WHERE ( classify="今日晨读" ) ORDER BY id DESC LIMIT 5   [ RunTime:0.0106s ]
SQL: SELECT * FROM `tp_upload` WHERE ( classify="艺人数据分析" ) ORDER BY id DESC LIMIT 5   [ RunTime:0.0107s ]
SQL: SELECT * FROM `tp_upload` WHERE ( classify="电影数据分析" ) ORDER BY id DESC LIMIT 5   [ RunTime:0.0016s ]
SQL: SELECT * FROM `tp_upload` WHERE ( classify="影视项目总分析" ) ORDER BY id DESC LIMIT 5   [ RunTime:0.0006s ]
SQL: SELECT * FROM `tp_upload` WHERE ( classify="行业研究" ) ORDER BY id DESC LIMIT 5   [ RunTime:0.0005s ]
SQL: SELECT * FROM `tp_upload` WHERE ( classify="月咨询总结" ) ORDER BY id DESC LIMIT 5   [ RunTime:0.0005s ]
SQL: SELECT * FROM `tp_upload` WHERE ( classify="最新消息" ) ORDER BY id DESC LIMIT 5   [ RunTime:0.0005s ]
INFO: [ app_end ] --START--
INFO: Run Behavior\ShowPageTraceBehavior [ RunTime:0.000581s ]
INFO: [ app_end ] --END-- [ RunTime:0.000627s ]

[ 2017-09-29T09:46:03+08:00 ] 115.159.205.133 /V/index.php/Home/User/log.html
INFO: [ app_init ] --START--
INFO: Run Behavior\BuildLiteBehavior [ RunTime:0.000019s ]
INFO: [ app_init ] --END-- [ RunTime:0.000343s ]
INFO: [ app_begin ] --START--
INFO: Run Behavior\ReadHtmlCacheBehavior [ RunTime:0.000433s ]
INFO: [ app_begin ] --END-- [ RunTime:0.000486s ]
NOTIC: [2] session_start(): open(/var/lib/php/session/sess_fevv1b8gna1vaceat49agjipj2, O_RDWR) failed: Permission denied (13) /var/www/html/V/ThinkPHP/Common/functions.php 第 1263 行.
NOTIC: [8] Use of undefined constant upload - assumed 'upload' /var/www/html/V/Application/Home/Controller/UserController.class.php 第 161 行.
SQL: SHOW COLUMNS FROM `tp_upload` [ RunTime:0.0009s ]
SQL: SELECT * FROM `tp_upload` WHERE ( classify="今日晨读" ) ORDER BY id DESC LIMIT 5   [ RunTime:0.0007s ]
SQL: SELECT * FROM `tp_upload` WHERE ( classify="艺人数据分析" ) ORDER BY id DESC LIMIT 5   [ RunTime:0.0005s ]
SQL: SELECT * FROM `tp_upload` WHERE ( classify="电影数据分析" ) ORDER BY id DESC LIMIT 5   [ RunTime:0.0005s ]
SQL: SELECT * FROM `tp_upload` WHERE ( classify="影视项目总分析" ) ORDER BY id DESC LIMIT 5   [ RunTime:0.0005s ]
SQL: SELECT * FROM `tp_upload` WHERE ( classify="行业研究" ) ORDER BY id DESC LIMIT 5   [ RunTime:0.0007s ]
SQL: SELECT * FROM `tp_upload` WHERE ( classify="月咨询总结" ) ORDER BY id DESC LIMIT 5   [ RunTime:0.0019s ]
SQL: SELECT * FROM `tp_upload` WHERE ( classify="最新消息" ) ORDER BY id DESC LIMIT 5   [ RunTime:0.0012s ]
INFO: [ app_end ] --START--
INFO: Run Behavior\ShowPageTraceBehavior [ RunTime:0.000681s ]
INFO: [ app_end ] --END-- [ RunTime:0.000748s ]

[ 2017-09-29T09:52:26+08:00 ] 115.159.205.133 /V/index.php/Home/User/log.html
INFO: [ app_init ] --START--
INFO: Run Behavior\BuildLiteBehavior [ RunTime:0.000012s ]
INFO: [ app_init ] --END-- [ RunTime:0.000291s ]
INFO: [ app_begin ] --START--
INFO: Run Behavior\ReadHtmlCacheBehavior [ RunTime:0.000304s ]
INFO: [ app_begin ] --END-- [ RunTime:0.000347s ]
NOTIC: [2] session_start(): open(/var/lib/php/session/sess_l37s61etgrot0kapjl149aqj37, O_RDWR) failed: Permission denied (13) /var/www/html/V/ThinkPHP/Common/functions.php 第 1263 行.
NOTIC: [8] Use of undefined constant upload - assumed 'upload' /var/www/html/V/Application/Home/Controller/UserController.class.php 第 161 行.
SQL: SHOW COLUMNS FROM `tp_upload` [ RunTime:0.0048s ]
SQL: SELECT * FROM `tp_upload` WHERE ( classify="今日晨读" ) ORDER BY id DESC LIMIT 5   [ RunTime:0.0011s ]
SQL: SELECT * FROM `tp_upload` WHERE ( classify="艺人数据分析" ) ORDER BY id DESC LIMIT 5   [ RunTime:0.0107s ]
SQL: SELECT * FROM `tp_upload` WHERE ( classify="电影数据分析" ) ORDER BY id DESC LIMIT 5   [ RunTime:0.0107s ]
SQL: SELECT * FROM `tp_upload` WHERE ( classify="影视项目总分析" ) ORDER BY id DESC LIMIT 5   [ RunTime:0.0006s ]
SQL: SELECT * FROM `tp_upload` WHERE ( classify="行业研究" ) ORDER BY id DESC LIMIT 5   [ RunTime:0.0109s ]
SQL: SELECT * FROM `tp_upload` WHERE ( classify="月咨询总结" ) ORDER BY id DESC LIMIT 5   [ RunTime:0.0005s ]
SQL: SELECT * FROM `tp_upload` WHERE ( classify="最新消息" ) ORDER BY id DESC LIMIT 5   [ RunTime:0.0102s ]
INFO: [ app_end ] --START--
INFO: Run Behavior\ShowPageTraceBehavior [ RunTime:0.000586s ]
INFO: [ app_end ] --END-- [ RunTime:0.000655s ]

[ 2017-09-29T11:19:17+08:00 ] 115.159.205.133 /V/index.php/Home/User/log.html
INFO: [ app_init ] --START--
INFO: Run Behavior\BuildLiteBehavior [ RunTime:0.000014s ]
INFO: [ app_init ] --END-- [ RunTime:0.000306s ]
INFO: [ app_begin ] --START--
INFO: Run Behavior\ReadHtmlCacheBehavior [ RunTime:0.000349s ]
INFO: [ app_begin ] --END-- [ RunTime:0.000425s ]
NOTIC: [2] session_start(): open(/var/lib/php/session/sess_vk6fehd92fih56csb4l8jakgb4, O_RDWR) failed: Permission denied (13) /var/www/html/V/ThinkPHP/Common/functions.php 第 1263 行.
NOTIC: [8] Use of undefined constant upload - assumed 'upload' /var/www/html/V/Application/Home/Controller/UserController.class.php 第 161 行.
SQL: SHOW COLUMNS FROM `tp_upload` [ RunTime:0.0011s ]
SQL: SELECT * FROM `tp_upload` WHERE ( classify="今日晨读" ) ORDER BY id DESC LIMIT 5   [ RunTime:0.0006s ]
SQL: SELECT * FROM `tp_upload` WHERE ( classify="艺人数据分析" ) ORDER BY id DESC LIMIT 5   [ RunTime:0.0005s ]
SQL: SELECT * FROM `tp_upload` WHERE ( classify="电影数据分析" ) ORDER BY id DESC LIMIT 5   [ RunTime:0.0005s ]
SQL: SELECT * FROM `tp_upload` WHERE ( classify="影视项目总分析" ) ORDER BY id DESC LIMIT 5   [ RunTime:0.0005s ]
SQL: SELECT * FROM `tp_upload` WHERE ( classify="行业研究" ) ORDER BY id DESC LIMIT 5   [ RunTime:0.0005s ]
SQL: SELECT * FROM `tp_upload` WHERE ( classify="月咨询总结" ) ORDER BY id DESC LIMIT 5   [ RunTime:0.0005s ]
SQL: SELECT * FROM `tp_upload` WHERE ( classify="最新消息" ) ORDER BY id DESC LIMIT 5   [ RunTime:0.0005s ]
INFO: [ app_end ] --START--
INFO: Run Behavior\ShowPageTraceBehavior [ RunTime:0.000845s ]
INFO: [ app_end ] --END-- [ RunTime:0.000917s ]

[ 2017-09-29T11:19:17+08:00 ] 115.159.205.133 /V/index.php/Home/User/log.html
INFO: [ app_init ] --START--
INFO: Run Behavior\BuildLiteBehavior [ RunTime:0.000020s ]
INFO: [ app_init ] --END-- [ RunTime:0.000311s ]
INFO: [ app_begin ] --START--
INFO: Run Behavior\ReadHtmlCacheBehavior [ RunTime:0.000384s ]
INFO: [ app_begin ] --END-- [ RunTime:0.000430s ]
NOTIC: [2] session_start(): open(/var/lib/php/session/sess_n5or8672jj71sd1c4q8th8r0o3, O_RDWR) failed: Permission denied (13) /var/www/html/V/ThinkPHP/Common/functions.php 第 1263 行.
NOTIC: [8] Use of undefined constant upload - assumed 'upload' /var/www/html/V/Application/Home/Controller/UserController.class.php 第 161 行.
SQL: SHOW COLUMNS FROM `tp_upload` [ RunTime:0.0008s ]
SQL: SELECT * FROM `tp_upload` WHERE ( classify="今日晨读" ) ORDER BY id DESC LIMIT 5   [ RunTime:0.0006s ]
SQL: SELECT * FROM `tp_upload` WHERE ( classify="艺人数据分析" ) ORDER BY id DESC LIMIT 5   [ RunTime:0.0005s ]
SQL: SELECT * FROM `tp_upload` WHERE ( classify="电影数据分析" ) ORDER BY id DESC LIMIT 5   [ RunTime:0.0005s ]
SQL: SELECT * FROM `tp_upload` WHERE ( classify="影视项目总分析" ) ORDER BY id DESC LIMIT 5   [ RunTime:0.0005s ]
SQL: SELECT * FROM `tp_upload` WHERE ( classify="行业研究" ) ORDER BY id DESC LIMIT 5   [ RunTime:0.0004s ]
SQL: SELECT * FROM `tp_upload` WHERE ( classify="月咨询总结" ) ORDER BY id DESC LIMIT 5   [ RunTime:0.0005s ]
SQL: SELECT * FROM `tp_upload` WHERE ( classify="最新消息" ) ORDER BY id DESC LIMIT 5   [ RunTime:0.0005s ]
INFO: [ app_end ] --START--
INFO: Run Behavior\ShowPageTraceBehavior [ RunTime:0.000540s ]
INFO: [ app_end ] --END-- [ RunTime:0.000603s ]

[ 2017-09-29T11:19:19+08:00 ] 115.159.205.133 /V/index.php/Home/User/log.html
INFO: [ app_init ] --START--
INFO: Run Behavior\BuildLiteBehavior [ RunTime:0.000015s ]
INFO: [ app_init ] --END-- [ RunTime:0.000254s ]
INFO: [ app_begin ] --START--
INFO: Run Behavior\ReadHtmlCacheBehavior [ RunTime:0.000591s ]
INFO: [ app_begin ] --END-- [ RunTime:0.000641s ]
NOTIC: [2] session_start(): open(/var/lib/php/session/sess_0fqa832n4pfu0rhe4iu98s5oe5, O_RDWR) failed: Permission denied (13) /var/www/html/V/ThinkPHP/Common/functions.php 第 1263 行.
NOTIC: [8] Use of undefined constant upload - assumed 'upload' /var/www/html/V/Application/Home/Controller/UserController.class.php 第 161 行.
SQL: SHOW COLUMNS FROM `tp_upload` [ RunTime:0.0011s ]
SQL: SELECT * FROM `tp_upload` WHERE ( classify="今日晨读" ) ORDER BY id DESC LIMIT 5   [ RunTime:0.0006s ]
SQL: SELECT * FROM `tp_upload` WHERE ( classify="艺人数据分析" ) ORDER BY id DESC LIMIT 5   [ RunTime:0.0005s ]
SQL: SELECT * FROM `tp_upload` WHERE ( classify="电影数据分析" ) ORDER BY id DESC LIMIT 5   [ RunTime:0.0005s ]
SQL: SELECT * FROM `tp_upload` WHERE ( classify="影视项目总分析" ) ORDER BY id DESC LIMIT 5   [ RunTime:0.0005s ]
SQL: SELECT * FROM `tp_upload` WHERE ( classify="行业研究" ) ORDER BY id DESC LIMIT 5   [ RunTime:0.2089s ]
SQL: SELECT * FROM `tp_upload` WHERE ( classify="月咨询总结" ) ORDER BY id DESC LIMIT 5   [ RunTime:0.0089s ]
SQL: SELECT * FROM `tp_upload` WHERE ( classify="最新消息" ) ORDER BY id DESC LIMIT 5   [ RunTime:0.0016s ]
INFO: [ app_end ] --START--
INFO: Run Behavior\ShowPageTraceBehavior [ RunTime:0.000471s ]
INFO: [ app_end ] --END-- [ RunTime:0.000518s ]

[ 2017-09-29T11:19:19+08:00 ] 115.159.205.133 /V/index.php/Home/User/log.html
INFO: [ app_init ] --START--
INFO: Run Behavior\BuildLiteBehavior [ RunTime:0.000024s ]
INFO: [ app_init ] --END-- [ RunTime:0.000495s ]
INFO: [ app_begin ] --START--
INFO: Run Behavior\ReadHtmlCacheBehavior [ RunTime:0.000542s ]
INFO: [ app_begin ] --END-- [ RunTime:0.000607s ]
NOTIC: [2] session_start(): open(/var/lib/php/session/sess_ff5o79ujl89shotvhmrpd0ini3, O_RDWR) failed: Permission denied (13) /var/www/html/V/ThinkPHP/Common/functions.php 第 1263 行.
NOTIC: [8] Use of undefined constant upload - assumed 'upload' /var/www/html/V/Application/Home/Controller/UserController.class.php 第 161 行.
SQL: SHOW COLUMNS FROM `tp_upload` [ RunTime:0.0009s ]
SQL: SELECT * FROM `tp_upload` WHERE ( classify="今日晨读" ) ORDER BY id DESC LIMIT 5   [ RunTime:0.0010s ]
SQL: SELECT * FROM `tp_upload` WHERE ( classify="艺人数据分析" ) ORDER BY id DESC LIMIT 5   [ RunTime:0.0013s ]
SQL: SELECT * FROM `tp_upload` WHERE ( classify="电影数据分析" ) ORDER BY id DESC LIMIT 5   [ RunTime:0.0008s ]
SQL: SELECT * FROM `tp_upload` WHERE ( classify="影视项目总分析" ) ORDER BY id DESC LIMIT 5   [ RunTime:0.0113s ]
SQL: SELECT * FROM `tp_upload` WHERE ( classify="行业研究" ) ORDER BY id DESC LIMIT 5   [ RunTime:0.0112s ]
SQL: SELECT * FROM `tp_upload` WHERE ( classify="月咨询总结" ) ORDER BY id DESC LIMIT 5   [ RunTime:0.0006s ]
SQL: SELECT * FROM `tp_upload` WHERE ( classify="最新消息" ) ORDER BY id DESC LIMIT 5   [ RunTime:0.0111s ]
INFO: [ app_end ] --START--
INFO: Run Behavior\ShowPageTraceBehavior [ RunTime:0.000492s ]
INFO: [ app_end ] --END-- [ RunTime:0.000566s ]

[ 2017-09-29T11:19:42+08:00 ] 115.159.205.133 /V/index.php/Home/User/log.html
INFO: [ app_init ] --START--
INFO: Run Behavior\BuildLiteBehavior [ RunTime:0.000022s ]
INFO: [ app_init ] --END-- [ RunTime:0.000309s ]
INFO: [ app_begin ] --START--
INFO: Run Behavior\ReadHtmlCacheBehavior [ RunTime:0.000506s ]
INFO: [ app_begin ] --END-- [ RunTime:0.000567s ]
NOTIC: [2] session_start(): open(/var/lib/php/session/sess_4ppfm27n8mq07ushsv3finnf30, O_RDWR) failed: Permission denied (13) /var/www/html/V/ThinkPHP/Common/functions.php 第 1263 行.
NOTIC: [8] Use of undefined constant upload - assumed 'upload' /var/www/html/V/Application/Home/Controller/UserController.class.php 第 161 行.
SQL: SHOW COLUMNS FROM `tp_upload` [ RunTime:0.0009s ]
SQL: SELECT * FROM `tp_upload` WHERE ( classify="今日晨读" ) ORDER BY id DESC LIMIT 5   [ RunTime:0.0007s ]
SQL: SELECT * FROM `tp_upload` WHERE ( classify="艺人数据分析" ) ORDER BY id DESC LIMIT 5   [ RunTime:0.0005s ]
SQL: SELECT * FROM `tp_upload` WHERE ( classify="电影数据分析" ) ORDER BY id DESC LIMIT 5   [ RunTime:0.0006s ]
SQL: SELECT * FROM `tp_upload` WHERE ( classify="影视项目总分析" ) ORDER BY id DESC LIMIT 5   [ RunTime:0.0005s ]
SQL: SELECT * FROM `tp_upload` WHERE ( classify="行业研究" ) ORDER BY id DESC LIMIT 5   [ RunTime:0.0005s ]
SQL: SELECT * FROM `tp_upload` WHERE ( classify="月咨询总结" ) ORDER BY id DESC LIMIT 5   [ RunTime:0.0007s ]
SQL: SELECT * FROM `tp_upload` WHERE ( classify="最新消息" ) ORDER BY id DESC LIMIT 5   [ RunTime:0.0005s ]
INFO: [ app_end ] --START--
INFO: Run Behavior\ShowPageTraceBehavior [ RunTime:0.000716s ]
INFO: [ app_end ] --END-- [ RunTime:0.000766s ]

[ 2017-09-29T11:19:48+08:00 ] 115.159.205.133 /V/index.php/Home/User/log.html
INFO: [ app_init ] --START--
INFO: Run Behavior\BuildLiteBehavior [ RunTime:0.000013s ]
INFO: [ app_init ] --END-- [ RunTime:0.000264s ]
INFO: [ app_begin ] --START--
INFO: Run Behavior\ReadHtmlCacheBehavior [ RunTime:0.000855s ]
INFO: [ app_begin ] --END-- [ RunTime:0.000897s ]
NOTIC: [2] session_start(): open(/var/lib/php/session/sess_6148p0ink04cpel5hj4fu5hal6, O_RDWR) failed: Permission denied (13) /var/www/html/V/ThinkPHP/Common/functions.php 第 1263 行.
NOTIC: [8] Use of undefined constant upload - assumed 'upload' /var/www/html/V/Application/Home/Controller/UserController.class.php 第 161 行.
SQL: SHOW COLUMNS FROM `tp_upload` [ RunTime:0.0009s ]
SQL: SELECT * FROM `tp_upload` WHERE ( classify="今日晨读" ) ORDER BY id DESC LIMIT 5   [ RunTime:0.0007s ]
SQL: SELECT * FROM `tp_upload` WHERE ( classify="艺人数据分析" ) ORDER BY id DESC LIMIT 5   [ RunTime:0.0006s ]
SQL: SELECT * FROM `tp_upload` WHERE ( classify="电影数据分析" ) ORDER BY id DESC LIMIT 5   [ RunTime:0.0005s ]
SQL: SELECT * FROM `tp_upload` WHERE ( classify="影视项目总分析" ) ORDER BY id DESC LIMIT 5   [ RunTime:0.0005s ]
SQL: SELECT * FROM `tp_upload` WHERE ( classify="行业研究" ) ORDER BY id DESC LIMIT 5   [ RunTime:0.0005s ]
SQL: SELECT * FROM `tp_upload` WHERE ( classify="月咨询总结" ) ORDER BY id DESC LIMIT 5   [ RunTime:0.0005s ]
SQL: SELECT * FROM `tp_upload` WHERE ( classify="最新消息" ) ORDER BY id DESC LIMIT 5   [ RunTime:0.0005s ]
INFO: [ app_end ] --START--
INFO: Run Behavior\ShowPageTraceBehavior [ RunTime:0.000584s ]
INFO: [ app_end ] --END-- [ RunTime:0.000653s ]

[ 2017-09-29T12:48:40+08:00 ] 115.159.205.133 /V/index.php/Home/User/log.html
INFO: [ app_init ] --START--
INFO: Run Behavior\BuildLiteBehavior [ RunTime:0.000049s ]
INFO: [ app_init ] --END-- [ RunTime:0.000367s ]
INFO: [ app_begin ] --START--
INFO: Run Behavior\ReadHtmlCacheBehavior [ RunTime:0.000418s ]
INFO: [ app_begin ] --END-- [ RunTime:0.000462s ]
NOTIC: [2] session_start(): open(/var/lib/php/session/sess_acoscb2spsl6jb7a4htgd1lav6, O_RDWR) failed: Permission denied (13) /var/www/html/V/ThinkPHP/Common/functions.php 第 1263 行.
NOTIC: [8] Use of undefined constant upload - assumed 'upload' /var/www/html/V/Application/Home/Controller/UserController.class.php 第 161 行.
SQL: SHOW COLUMNS FROM `tp_upload` [ RunTime:0.0010s ]
SQL: SELECT * FROM `tp_upload` WHERE ( classify="今日晨读" ) ORDER BY id DESC LIMIT 5   [ RunTime:0.0008s ]
SQL: SELECT * FROM `tp_upload` WHERE ( classify="艺人数据分析" ) ORDER BY id DESC LIMIT 5   [ RunTime:0.0006s ]
SQL: SELECT * FROM `tp_upload` WHERE ( classify="电影数据分析" ) ORDER BY id DESC LIMIT 5   [ RunTime:0.0005s ]
SQL: SELECT * FROM `tp_upload` WHERE ( classify="影视项目总分析" ) ORDER BY id DESC LIMIT 5   [ RunTime:0.0005s ]
SQL: SELECT * FROM `tp_upload` WHERE ( classify="行业研究" ) ORDER BY id DESC LIMIT 5   [ RunTime:0.0005s ]
SQL: SELECT * FROM `tp_upload` WHERE ( classify="月咨询总结" ) ORDER BY id DESC LIMIT 5   [ RunTime:0.0005s ]
SQL: SELECT * FROM `tp_upload` WHERE ( classify="最新消息" ) ORDER BY id DESC LIMIT 5   [ RunTime:0.0005s ]
INFO: [ app_end ] --START--
INFO: Run Behavior\ShowPageTraceBehavior [ RunTime:0.000732s ]
INFO: [ app_end ] --END-- [ RunTime:0.000788s ]

[ 2017-09-29T15:38:03+08:00 ] 115.159.205.133 /V/index.php/Home/User/log.html
INFO: [ app_init ] --START--
INFO: Run Behavior\BuildLiteBehavior [ RunTime:0.000019s ]
INFO: [ app_init ] --END-- [ RunTime:0.000269s ]
INFO: [ app_begin ] --START--
INFO: Run Behavior\ReadHtmlCacheBehavior [ RunTime:0.000348s ]
INFO: [ app_begin ] --END-- [ RunTime:0.000423s ]
NOTIC: [2] session_start(): open(/var/lib/php/session/sess_umcs01mn70nofq54bl67scp5u6, O_RDWR) failed: Permission denied (13) /var/www/html/V/ThinkPHP/Common/functions.php 第 1263 行.
NOTIC: [8] Use of undefined constant upload - assumed 'upload' /var/www/html/V/Application/Home/Controller/UserController.class.php 第 161 行.
SQL: SHOW COLUMNS FROM `tp_upload` [ RunTime:0.0011s ]
SQL: SELECT * FROM `tp_upload` WHERE ( classify="今日晨读" ) ORDER BY id DESC LIMIT 5   [ RunTime:0.0016s ]
SQL: SELECT * FROM `tp_upload` WHERE ( classify="艺人数据分析" ) ORDER BY id DESC LIMIT 5   [ RunTime:0.0008s ]
SQL: SELECT * FROM `tp_upload` WHERE ( classify="电影数据分析" ) ORDER BY id DESC LIMIT 5   [ RunTime:0.0010s ]
SQL: SELECT * FROM `tp_upload` WHERE ( classify="影视项目总分析" ) ORDER BY id DESC LIMIT 5   [ RunTime:0.0007s ]
SQL: SELECT * FROM `tp_upload` WHERE ( classify="行业研究" ) ORDER BY id DESC LIMIT 5   [ RunTime:0.0007s ]
SQL: SELECT * FROM `tp_upload` WHERE ( classify="月咨询总结" ) ORDER BY id DESC LIMIT 5   [ RunTime:0.0005s ]
SQL: SELECT * FROM `tp_upload` WHERE ( classify="最新消息" ) ORDER BY id DESC LIMIT 5   [ RunTime:0.0011s ]
INFO: [ app_end ] --START--
INFO: Run Behavior\ShowPageTraceBehavior [ RunTime:0.000642s ]
INFO: [ app_end ] --END-- [ RunTime:0.000723s ]

[ 2017-09-29T15:38:03+08:00 ] 115.159.205.133 /V/index.php/Home/User/log.html
INFO: [ app_init ] --START--
INFO: Run Behavior\BuildLiteBehavior [ RunTime:0.000014s ]
INFO: [ app_init ] --END-- [ RunTime:0.000282s ]
INFO: [ app_begin ] --START--
INFO: Run Behavior\ReadHtmlCacheBehavior [ RunTime:0.000410s ]
INFO: [ app_begin ] --END-- [ RunTime:0.000447s ]
NOTIC: [2] session_start(): open(/var/lib/php/session/sess_nsclcq13q0igc8fn81qnb22sq4, O_RDWR) failed: Permission denied (13) /var/www/html/V/ThinkPHP/Common/functions.php 第 1263 行.
NOTIC: [8] Use of undefined constant upload - assumed 'upload' /var/www/html/V/Application/Home/Controller/UserController.class.php 第 161 行.
SQL: SHOW COLUMNS FROM `tp_upload` [ RunTime:0.0025s ]
SQL: SELECT * FROM `tp_upload` WHERE ( classify="今日晨读" ) ORDER BY id DESC LIMIT 5   [ RunTime:0.0008s ]
SQL: SELECT * FROM `tp_upload` WHERE ( classify="艺人数据分析" ) ORDER BY id DESC LIMIT 5   [ RunTime:0.0011s ]
SQL: SELECT * FROM `tp_upload` WHERE ( classify="电影数据分析" ) ORDER BY id DESC LIMIT 5   [ RunTime:0.0007s ]
SQL: SELECT * FROM `tp_upload` WHERE ( classify="影视项目总分析" ) ORDER BY id DESC LIMIT 5   [ RunTime:0.0005s ]
SQL: SELECT * FROM `tp_upload` WHERE ( classify="行业研究" ) ORDER BY id DESC LIMIT 5   [ RunTime:0.0006s ]
SQL: SELECT * FROM `tp_upload` WHERE ( classify="月咨询总结" ) ORDER BY id DESC LIMIT 5   [ RunTime:0.0010s ]
SQL: SELECT * FROM `tp_upload` WHERE ( classify="最新消息" ) ORDER BY id DESC LIMIT 5   [ RunTime:0.0031s ]
INFO: [ app_end ] --START--
INFO: Run Behavior\ShowPageTraceBehavior [ RunTime:0.000447s ]
INFO: [ app_end ] --END-- [ RunTime:0.000502s ]

[ 2017-09-29T15:38:03+08:00 ] 115.159.205.133 /V/index.php/Home/User/log.html
INFO: [ app_init ] --START--
INFO: Run Behavior\BuildLiteBehavior [ RunTime:0.000013s ]
INFO: [ app_init ] --END-- [ RunTime:0.000310s ]
INFO: [ app_begin ] --START--
INFO: Run Behavior\ReadHtmlCacheBehavior [ RunTime:0.000339s ]
INFO: [ app_begin ] --END-- [ RunTime:0.000377s ]
NOTIC: [2] session_start(): open(/var/lib/php/session/sess_fg0v8k9brafj68e8t6k3n08e10, O_RDWR) failed: Permission denied (13) /var/www/html/V/ThinkPHP/Common/functions.php 第 1263 行.
NOTIC: [8] Use of undefined constant upload - assumed 'upload' /var/www/html/V/Application/Home/Controller/UserController.class.php 第 161 行.
SQL: SHOW COLUMNS FROM `tp_upload` [ RunTime:0.0016s ]
SQL: SELECT * FROM `tp_upload` WHERE ( classify="今日晨读" ) ORDER BY id DESC LIMIT 5   [ RunTime:0.0010s ]
SQL: SELECT * FROM `tp_upload` WHERE ( classify="艺人数据分析" ) ORDER BY id DESC LIMIT 5   [ RunTime:0.0012s ]
SQL: SELECT * FROM `tp_upload` WHERE ( classify="电影数据分析" ) ORDER BY id DESC LIMIT 5   [ RunTime:0.0007s ]
SQL: SELECT * FROM `tp_upload` WHERE ( classify="影视项目总分析" ) ORDER BY id DESC LIMIT 5   [ RunTime:0.0006s ]
SQL: SELECT * FROM `tp_upload` WHERE ( classify="行业研究" ) ORDER BY id DESC LIMIT 5   [ RunTime:0.0007s ]
SQL: SELECT * FROM `tp_upload` WHERE ( classify="月咨询总结" ) ORDER BY id DESC LIMIT 5   [ RunTime:0.0069s ]
SQL: SELECT * FROM `tp_upload` WHERE ( classify="最新消息" ) ORDER BY id DESC LIMIT 5   [ RunTime:0.0005s ]
INFO: [ app_end ] --START--
INFO: Run Behavior\ShowPageTraceBehavior [ RunTime:0.000405s ]
INFO: [ app_end ] --END-- [ RunTime:0.000452s ]

[ 2017-09-29T15:38:03+08:00 ] 115.159.205.133 /V/index.php/Home/User/log.html
INFO: [ app_init ] --START--
INFO: Run Behavior\BuildLiteBehavior [ RunTime:0.000019s ]
INFO: [ app_init ] --END-- [ RunTime:0.000368s ]
INFO: [ app_begin ] --START--
INFO: Run Behavior\ReadHtmlCacheBehavior [ RunTime:0.000355s ]
INFO: [ app_begin ] --END-- [ RunTime:0.000398s ]
NOTIC: [2] session_start(): open(/var/lib/php/session/sess_972cd4hb2g3579spjq6sr4kh17, O_RDWR) failed: Permission denied (13) /var/www/html/V/ThinkPHP/Common/functions.php 第 1263 行.
NOTIC: [8] Use of undefined constant upload - assumed 'upload' /var/www/html/V/Application/Home/Controller/UserController.class.php 第 161 行.
SQL: SHOW COLUMNS FROM `tp_upload` [ RunTime:0.0009s ]
SQL: SELECT * FROM `tp_upload` WHERE ( classify="今日晨读" ) ORDER BY id DESC LIMIT 5   [ RunTime:0.0007s ]
SQL: SELECT * FROM `tp_upload` WHERE ( classify="艺人数据分析" ) ORDER BY id DESC LIMIT 5   [ RunTime:0.0005s ]
SQL: SELECT * FROM `tp_upload` WHERE ( classify="电影数据分析" ) ORDER BY id DESC LIMIT 5   [ RunTime:0.0006s ]
SQL: SELECT * FROM `tp_upload` WHERE ( classify="影视项目总分析" ) ORDER BY id DESC LIMIT 5   [ RunTime:0.0005s ]
SQL: SELECT * FROM `tp_upload` WHERE ( classify="行业研究" ) ORDER BY id DESC LIMIT 5   [ RunTime:0.0005s ]
SQL: SELECT * FROM `tp_upload` WHERE ( classify="月咨询总结" ) ORDER BY id DESC LIMIT 5   [ RunTime:0.0005s ]
SQL: SELECT * FROM `tp_upload` WHERE ( classify="最新消息" ) ORDER BY id DESC LIMIT 5   [ RunTime:0.0006s ]
INFO: [ app_end ] --START--
INFO: Run Behavior\ShowPageTraceBehavior [ RunTime:0.000513s ]
INFO: [ app_end ] --END-- [ RunTime:0.000580s ]

[ 2017-09-29T15:38:12+08:00 ] 115.159.205.133 /V/index.php/Home/User/log.html
INFO: [ app_init ] --START--
INFO: Run Behavior\BuildLiteBehavior [ RunTime:0.000016s ]
INFO: [ app_init ] --END-- [ RunTime:0.000353s ]
INFO: [ app_begin ] --START--
INFO: Run Behavior\ReadHtmlCacheBehavior [ RunTime:0.000383s ]
INFO: [ app_begin ] --END-- [ RunTime:0.000426s ]
NOTIC: [2] session_start(): open(/var/lib/php/session/sess_nl8mvmu0d1pu4g9aksbt5v6kh6, O_RDWR) failed: Permission denied (13) /var/www/html/V/ThinkPHP/Common/functions.php 第 1263 行.
NOTIC: [8] Use of undefined constant upload - assumed 'upload' /var/www/html/V/Application/Home/Controller/UserController.class.php 第 161 行.
SQL: SHOW COLUMNS FROM `tp_upload` [ RunTime:0.0009s ]
SQL: SELECT * FROM `tp_upload` WHERE ( classify="今日晨读" ) ORDER BY id DESC LIMIT 5   [ RunTime:0.0006s ]
SQL: SELECT * FROM `tp_upload` WHERE ( classify="艺人数据分析" ) ORDER BY id DESC LIMIT 5   [ RunTime:0.0005s ]
SQL: SELECT * FROM `tp_upload` WHERE ( classify="电影数据分析" ) ORDER BY id DESC LIMIT 5   [ RunTime:0.0008s ]
SQL: SELECT * FROM `tp_upload` WHERE ( classify="影视项目总分析" ) ORDER BY id DESC LIMIT 5   [ RunTime:0.0005s ]
SQL: SELECT * FROM `tp_upload` WHERE ( classify="行业研究" ) ORDER BY id DESC LIMIT 5   [ RunTime:0.0005s ]
SQL: SELECT * FROM `tp_upload` WHERE ( classify="月咨询总结" ) ORDER BY id DESC LIMIT 5   [ RunTime:0.0005s ]
SQL: SELECT * FROM `tp_upload` WHERE ( classify="最新消息" ) ORDER BY id DESC LIMIT 5   [ RunTime:0.0005s ]
INFO: [ app_end ] --START--
INFO: Run Behavior\ShowPageTraceBehavior [ RunTime:0.000648s ]
INFO: [ app_end ] --END-- [ RunTime:0.000696s ]

[ 2017-09-29T15:38:37+08:00 ] 115.159.205.133 /V/index.php/Home/User/log.html
INFO: [ app_init ] --START--
INFO: Run Behavior\BuildLiteBehavior [ RunTime:0.000013s ]
INFO: [ app_init ] --END-- [ RunTime:0.000297s ]
INFO: [ app_begin ] --START--
INFO: Run Behavior\ReadHtmlCacheBehavior [ RunTime:0.000301s ]
INFO: [ app_begin ] --END-- [ RunTime:0.000340s ]
NOTIC: [2] session_start(): open(/var/lib/php/session/sess_l410p7j9dorfeg9fe5svufoga6, O_RDWR) failed: Permission denied (13) /var/www/html/V/ThinkPHP/Common/functions.php 第 1263 行.
NOTIC: [8] Use of undefined constant upload - assumed 'upload' /var/www/html/V/Application/Home/Controller/UserController.class.php 第 161 行.
SQL: SHOW COLUMNS FROM `tp_upload` [ RunTime:0.0008s ]
SQL: SELECT * FROM `tp_upload` WHERE ( classify="今日晨读" ) ORDER BY id DESC LIMIT 5   [ RunTime:0.0006s ]
SQL: SELECT * FROM `tp_upload` WHERE ( classify="艺人数据分析" ) ORDER BY id DESC LIMIT 5   [ RunTime:0.0005s ]
SQL: SELECT * FROM `tp_upload` WHERE ( classify="电影数据分析" ) ORDER BY id DESC LIMIT 5   [ RunTime:0.0005s ]
SQL: SELECT * FROM `tp_upload` WHERE ( classify="影视项目总分析" ) ORDER BY id DESC LIMIT 5   [ RunTime:0.0005s ]
SQL: SELECT * FROM `tp_upload` WHERE ( classify="行业研究" ) ORDER BY id DESC LIMIT 5   [ RunTime:0.0005s ]
SQL: SELECT * FROM `tp_upload` WHERE ( classify="月咨询总结" ) ORDER BY id DESC LIMIT 5   [ RunTime:0.0005s ]
SQL: SELECT * FROM `tp_upload` WHERE ( classify="最新消息" ) ORDER BY id DESC LIMIT 5   [ RunTime:0.0004s ]
INFO: [ app_end ] --START--
INFO: Run Behavior\ShowPageTraceBehavior [ RunTime:0.000492s ]
INFO: [ app_end ] --END-- [ RunTime:0.000534s ]

[ 2017-09-29T17:25:12+08:00 ] 115.159.205.133 /V/index.php/Home/User/log.html
INFO: [ app_init ] --START--
INFO: Run Behavior\BuildLiteBehavior [ RunTime:0.000023s ]
INFO: [ app_init ] --END-- [ RunTime:0.000358s ]
INFO: [ app_begin ] --START--
INFO: Run Behavior\ReadHtmlCacheBehavior [ RunTime:0.000402s ]
INFO: [ app_begin ] --END-- [ RunTime:0.000444s ]
NOTIC: [2] session_start(): open(/var/lib/php/session/sess_c5cb25j484fc25guclr28pi272, O_RDWR) failed: Permission denied (13) /var/www/html/V/ThinkPHP/Common/functions.php 第 1263 行.
NOTIC: [8] Use of undefined constant upload - assumed 'upload' /var/www/html/V/Application/Home/Controller/UserController.class.php 第 161 行.
SQL: SHOW COLUMNS FROM `tp_upload` [ RunTime:0.0009s ]
SQL: SELECT * FROM `tp_upload` WHERE ( classify="今日晨读" ) ORDER BY id DESC LIMIT 5   [ RunTime:0.0006s ]
SQL: SELECT * FROM `tp_upload` WHERE ( classify="艺人数据分析" ) ORDER BY id DESC LIMIT 5   [ RunTime:0.0005s ]
SQL: SELECT * FROM `tp_upload` WHERE ( classify="电影数据分析" ) ORDER BY id DESC LIMIT 5   [ RunTime:0.0005s ]
SQL: SELECT * FROM `tp_upload` WHERE ( classify="影视项目总分析" ) ORDER BY id DESC LIMIT 5   [ RunTime:0.0005s ]
SQL: SELECT * FROM `tp_upload` WHERE ( classify="行业研究" ) ORDER BY id DESC LIMIT 5   [ RunTime:0.0005s ]
SQL: SELECT * FROM `tp_upload` WHERE ( classify="月咨询总结" ) ORDER BY id DESC LIMIT 5   [ RunTime:0.0005s ]
SQL: SELECT * FROM `tp_upload` WHERE ( classify="最新消息" ) ORDER BY id DESC LIMIT 5   [ RunTime:0.0005s ]
INFO: [ app_end ] --START--
INFO: Run Behavior\ShowPageTraceBehavior [ RunTime:0.000669s ]
INFO: [ app_end ] --END-- [ RunTime:0.000723s ]

[ 2017-09-29T23:37:11+08:00 ] 115.159.205.133 /V/index.php/Home/User/log.html
INFO: [ app_init ] --START--
INFO: Run Behavior\BuildLiteBehavior [ RunTime:0.000021s ]
INFO: [ app_init ] --END-- [ RunTime:0.000368s ]
INFO: [ app_begin ] --START--
INFO: Run Behavior\ReadHtmlCacheBehavior [ RunTime:0.000329s ]
INFO: [ app_begin ] --END-- [ RunTime:0.000371s ]
NOTIC: [2] session_start(): open(/var/lib/php/session/sess_q5378fu545u2kau4a2o3iv0984, O_RDWR) failed: Permission denied (13) /var/www/html/V/ThinkPHP/Common/functions.php 第 1263 行.
NOTIC: [8] Use of undefined constant upload - assumed 'upload' /var/www/html/V/Application/Home/Controller/UserController.class.php 第 161 行.
SQL: SHOW COLUMNS FROM `tp_upload` [ RunTime:0.0009s ]
SQL: SELECT * FROM `tp_upload` WHERE ( classify="今日晨读" ) ORDER BY id DESC LIMIT 5   [ RunTime:0.0015s ]
SQL: SELECT * FROM `tp_upload` WHERE ( classify="艺人数据分析" ) ORDER BY id DESC LIMIT 5   [ RunTime:0.0005s ]
SQL: SELECT * FROM `tp_upload` WHERE ( classify="电影数据分析" ) ORDER BY id DESC LIMIT 5   [ RunTime:0.0005s ]
SQL: SELECT * FROM `tp_upload` WHERE ( classify="影视项目总分析" ) ORDER BY id DESC LIMIT 5   [ RunTime:0.0005s ]
SQL: SELECT * FROM `tp_upload` WHERE ( classify="行业研究" ) ORDER BY id DESC LIMIT 5   [ RunTime:0.0005s ]
SQL: SELECT * FROM `tp_upload` WHERE ( classify="月咨询总结" ) ORDER BY id DESC LIMIT 5   [ RunTime:0.0006s ]
SQL: SELECT * FROM `tp_upload` WHERE ( classify="最新消息" ) ORDER BY id DESC LIMIT 5   [ RunTime:0.0005s ]
INFO: [ app_end ] --START--
INFO: Run Behavior\ShowPageTraceBehavior [ RunTime:0.000727s ]
INFO: [ app_end ] --END-- [ RunTime:0.000799s ]

[ 2017-09-29T23:37:11+08:00 ] 115.159.205.133 /V/index.php/Home/User/log.html
INFO: [ app_init ] --START--
INFO: Run Behavior\BuildLiteBehavior [ RunTime:0.000016s ]
INFO: [ app_init ] --END-- [ RunTime:0.000276s ]
INFO: [ app_begin ] --START--
INFO: Run Behavior\ReadHtmlCacheBehavior [ RunTime:0.000329s ]
INFO: [ app_begin ] --END-- [ RunTime:0.000367s ]
NOTIC: [2] session_start(): open(/var/lib/php/session/sess_i5lru3625a302qpofkaih75er0, O_RDWR) failed: Permission denied (13) /var/www/html/V/ThinkPHP/Common/functions.php 第 1263 行.
NOTIC: [8] Use of undefined constant upload - assumed 'upload' /var/www/html/V/Application/Home/Controller/UserController.class.php 第 161 行.
SQL: SHOW COLUMNS FROM `tp_upload` [ RunTime:0.0009s ]
SQL: SELECT * FROM `tp_upload` WHERE ( classify="今日晨读" ) ORDER BY id DESC LIMIT 5   [ RunTime:0.0007s ]
SQL: SELECT * FROM `tp_upload` WHERE ( classify="艺人数据分析" ) ORDER BY id DESC LIMIT 5   [ RunTime:0.0006s ]
SQL: SELECT * FROM `tp_upload` WHERE ( classify="电影数据分析" ) ORDER BY id DESC LIMIT 5   [ RunTime:0.0006s ]
SQL: SELECT * FROM `tp_upload` WHERE ( classify="影视项目总分析" ) ORDER BY id DESC LIMIT 5   [ RunTime:0.0005s ]
SQL: SELECT * FROM `tp_upload` WHERE ( classify="行业研究" ) ORDER BY id DESC LIMIT 5   [ RunTime:0.0005s ]
SQL: SELECT * FROM `tp_upload` WHERE ( classify="月咨询总结" ) ORDER BY id DESC LIMIT 5   [ RunTime:0.0005s ]
SQL: SELECT * FROM `tp_upload` WHERE ( classify="最新消息" ) ORDER BY id DESC LIMIT 5   [ RunTime:0.0007s ]
INFO: [ app_end ] --START--
INFO: Run Behavior\ShowPageTraceBehavior [ RunTime:0.000642s ]
INFO: [ app_end ] --END-- [ RunTime:0.000689s ]

[ 2017-09-29T23:37:19+08:00 ] 115.159.205.133 /V/index.php/Home/User/log.html
INFO: [ app_init ] --START--
INFO: Run Behavior\BuildLiteBehavior [ RunTime:0.000011s ]
INFO: [ app_init ] --END-- [ RunTime:0.000252s ]
INFO: [ app_begin ] --START--
INFO: Run Behavior\ReadHtmlCacheBehavior [ RunTime:0.000328s ]
INFO: [ app_begin ] --END-- [ RunTime:0.000390s ]
NOTIC: [2] session_start(): open(/var/lib/php/session/sess_9h3nj5cjdpifcbv705m8famt10, O_RDWR) failed: Permission denied (13) /var/www/html/V/ThinkPHP/Common/functions.php 第 1263 行.
NOTIC: [8] Use of undefined constant upload - assumed 'upload' /var/www/html/V/Application/Home/Controller/UserController.class.php 第 161 行.
SQL: SHOW COLUMNS FROM `tp_upload` [ RunTime:0.0011s ]
SQL: SELECT * FROM `tp_upload` WHERE ( classify="今日晨读" ) ORDER BY id DESC LIMIT 5   [ RunTime:0.0088s ]
SQL: SELECT * FROM `tp_upload` WHERE ( classify="艺人数据分析" ) ORDER BY id DESC LIMIT 5   [ RunTime:0.0006s ]
SQL: SELECT * FROM `tp_upload` WHERE ( classify="电影数据分析" ) ORDER BY id DESC LIMIT 5   [ RunTime:0.0014s ]
SQL: SELECT * FROM `tp_upload` WHERE ( classify="影视项目总分析" ) ORDER BY id DESC LIMIT 5   [ RunTime:0.0007s ]
SQL: SELECT * FROM `tp_upload` WHERE ( classify="行业研究" ) ORDER BY id DESC LIMIT 5   [ RunTime:0.0101s ]
SQL: SELECT * FROM `tp_upload` WHERE ( classify="月咨询总结" ) ORDER BY id DESC LIMIT 5   [ RunTime:0.0005s ]
SQL: SELECT * FROM `tp_upload` WHERE ( classify="最新消息" ) ORDER BY id DESC LIMIT 5   [ RunTime:0.0005s ]
INFO: [ app_end ] --START--
INFO: Run Behavior\ShowPageTraceBehavior [ RunTime:0.000596s ]
INFO: [ app_end ] --END-- [ RunTime:0.000643s ]

[ 2017-09-29T23:37:20+08:00 ] 115.159.205.133 /V/index.php/Home/User/log.html
INFO: [ app_init ] --START--
INFO: Run Behavior\BuildLiteBehavior [ RunTime:0.000016s ]
INFO: [ app_init ] --END-- [ RunTime:0.000258s ]
INFO: [ app_begin ] --START--
INFO: Run Behavior\ReadHtmlCacheBehavior [ RunTime:0.000302s ]
INFO: [ app_begin ] --END-- [ RunTime:0.000341s ]
NOTIC: [2] session_start(): open(/var/lib/php/session/sess_kc1v0a2rg6bsdc2tii2iv845v1, O_RDWR) failed: Permission denied (13) /var/www/html/V/ThinkPHP/Common/functions.php 第 1263 行.
NOTIC: [8] Use of undefined constant upload - assumed 'upload' /var/www/html/V/Application/Home/Controller/UserController.class.php 第 161 行.
SQL: SHOW COLUMNS FROM `tp_upload` [ RunTime:0.0009s ]
SQL: SELECT * FROM `tp_upload` WHERE ( classify="今日晨读" ) ORDER BY id DESC LIMIT 5   [ RunTime:0.0007s ]
SQL: SELECT * FROM `tp_upload` WHERE ( classify="艺人数据分析" ) ORDER BY id DESC LIMIT 5   [ RunTime:0.0005s ]
SQL: SELECT * FROM `tp_upload` WHERE ( classify="电影数据分析" ) ORDER BY id DESC LIMIT 5   [ RunTime:0.0005s ]
SQL: SELECT * FROM `tp_upload` WHERE ( classify="影视项目总分析" ) ORDER BY id DESC LIMIT 5   [ RunTime:0.0005s ]
SQL: SELECT * FROM `tp_upload` WHERE ( classify="行业研究" ) ORDER BY id DESC LIMIT 5   [ RunTime:0.0004s ]
SQL: SELECT * FROM `tp_upload` WHERE ( classify="月咨询总结" ) ORDER BY id DESC LIMIT 5   [ RunTime:0.0005s ]
SQL: SELECT * FROM `tp_upload` WHERE ( classify="最新消息" ) ORDER BY id DESC LIMIT 5   [ RunTime:0.0004s ]
INFO: [ app_end ] --START--
INFO: Run Behavior\ShowPageTraceBehavior [ RunTime:0.000447s ]
INFO: [ app_end ] --END-- [ RunTime:0.000495s ]

[ 2017-09-29T23:37:27+08:00 ] 115.159.205.133 /V/index.php/Home/User/log.html
INFO: [ app_init ] --START--
INFO: Run Behavior\BuildLiteBehavior [ RunTime:0.000016s ]
INFO: [ app_init ] --END-- [ RunTime:0.000514s ]
INFO: [ app_begin ] --START--
INFO: Run Behavior\ReadHtmlCacheBehavior [ RunTime:0.000379s ]
INFO: [ app_begin ] --END-- [ RunTime:0.000422s ]
NOTIC: [2] session_start(): open(/var/lib/php/session/sess_5nu0nmgd37snfvl7nat21cstg3, O_RDWR) failed: Permission denied (13) /var/www/html/V/ThinkPHP/Common/functions.php 第 1263 行.
NOTIC: [8] Use of undefined constant upload - assumed 'upload' /var/www/html/V/Application/Home/Controller/UserController.class.php 第 161 行.
SQL: SHOW COLUMNS FROM `tp_upload` [ RunTime:0.0080s ]
SQL: SELECT * FROM `tp_upload` WHERE ( classify="今日晨读" ) ORDER BY id DESC LIMIT 5   [ RunTime:0.0018s ]
SQL: SELECT * FROM `tp_upload` WHERE ( classify="艺人数据分析" ) ORDER BY id DESC LIMIT 5   [ RunTime:0.0008s ]
SQL: SELECT * FROM `tp_upload` WHERE ( classify="电影数据分析" ) ORDER BY id DESC LIMIT 5   [ RunTime:0.0014s ]
SQL: SELECT * FROM `tp_upload` WHERE ( classify="影视项目总分析" ) ORDER BY id DESC LIMIT 5   [ RunTime:0.0012s ]
SQL: SELECT * FROM `tp_upload` WHERE ( classify="行业研究" ) ORDER BY id DESC LIMIT 5   [ RunTime:0.0007s ]
SQL: SELECT * FROM `tp_upload` WHERE ( classify="月咨询总结" ) ORDER BY id DESC LIMIT 5   [ RunTime:0.0113s ]
SQL: SELECT * FROM `tp_upload` WHERE ( classify="最新消息" ) ORDER BY id DESC LIMIT 5   [ RunTime:0.0105s ]
INFO: [ app_end ] --START--
INFO: Run Behavior\ShowPageTraceBehavior [ RunTime:0.000603s ]
INFO: [ app_end ] --END-- [ RunTime:0.000654s ]

[ 2017-09-29T23:37:46+08:00 ] 115.159.205.133 /V/index.php/Home/User/log.html
INFO: [ app_init ] --START--
INFO: Run Behavior\BuildLiteBehavior [ RunTime:0.000012s ]
INFO: [ app_init ] --END-- [ RunTime:0.000270s ]
INFO: [ app_begin ] --START--
INFO: Run Behavior\ReadHtmlCacheBehavior [ RunTime:0.001165s ]
INFO: [ app_begin ] --END-- [ RunTime:0.001230s ]
NOTIC: [2] session_start(): open(/var/lib/php/session/sess_h0vjun7pfi6p15sqvpjtua56i1, O_RDWR) failed: Permission denied (13) /var/www/html/V/ThinkPHP/Common/functions.php 第 1263 行.
NOTIC: [8] Use of undefined constant upload - assumed 'upload' /var/www/html/V/Application/Home/Controller/UserController.class.php 第 161 行.
SQL: SHOW COLUMNS FROM `tp_upload` [ RunTime:0.0008s ]
SQL: SELECT * FROM `tp_upload` WHERE ( classify="今日晨读" ) ORDER BY id DESC LIMIT 5   [ RunTime:0.0006s ]
SQL: SELECT * FROM `tp_upload` WHERE ( classify="艺人数据分析" ) ORDER BY id DESC LIMIT 5   [ RunTime:0.0005s ]
SQL: SELECT * FROM `tp_upload` WHERE ( classify="电影数据分析" ) ORDER BY id DESC LIMIT 5   [ RunTime:0.0005s ]
SQL: SELECT * FROM `tp_upload` WHERE ( classify="影视项目总分析" ) ORDER BY id DESC LIMIT 5   [ RunTime:0.0005s ]
SQL: SELECT * FROM `tp_upload` WHERE ( classify="行业研究" ) ORDER BY id DESC LIMIT 5   [ RunTime:0.0005s ]
SQL: SELECT * FROM `tp_upload` WHERE ( classify="月咨询总结" ) ORDER BY id DESC LIMIT 5   [ RunTime:0.0005s ]
SQL: SELECT * FROM `tp_upload` WHERE ( classify="最新消息" ) ORDER BY id DESC LIMIT 5   [ RunTime:0.0005s ]
INFO: [ app_end ] --START--
INFO: Run Behavior\ShowPageTraceBehavior [ RunTime:0.000462s ]
INFO: [ app_end ] --END-- [ RunTime:0.000506s ]

