[ 2017-05-09T02:33:17+08:00 ] 115.159.205.133 /V/index.php/Home/User/log.html
INFO: [ app_init ] --START--
INFO: Run Behavior\BuildLiteBehavior [ RunTime:0.000019s ]
INFO: [ app_init ] --END-- [ RunTime:0.000253s ]
INFO: [ app_begin ] --START--
INFO: Run Behavior\ReadHtmlCacheBehavior [ RunTime:0.000299s ]
INFO: [ app_begin ] --END-- [ RunTime:0.000338s ]
NOTIC: [2] session_start(): open(/var/lib/php/session/sess_0ptskf2e2v5j0k2gepn3b1ama7, O_RDWR) failed: Permission denied (13) /var/www/html/V/ThinkPHP/Common/functions.php 第 1263 行.
NOTIC: [8] Use of undefined constant upload - assumed 'upload' /var/www/html/V/Application/Home/Controller/UserController.class.php 第 161 行.
SQL: SHOW COLUMNS FROM `tp_upload` [ RunTime:0.0009s ]
SQL: SELECT * FROM `tp_upload` WHERE ( classify="今日晨读" ) ORDER BY id DESC LIMIT 5   [ RunTime:0.0007s ]
SQL: SELECT * FROM `tp_upload` WHERE ( classify="艺人数据分析" ) ORDER BY id DESC LIMIT 5   [ RunTime:0.0005s ]
SQL: SELECT * FROM `tp_upload` WHERE ( classify="电影数据分析" ) ORDER BY id DESC LIMIT 5   [ RunTime:0.0007s ]
SQL: SELECT * FROM `tp_upload` WHERE ( classify="影视项目总分析" ) ORDER BY id DESC LIMIT 5   [ RunTime:0.0005s ]
SQL: SELECT * FROM `tp_upload` WHERE ( classify="行业研究" ) ORDER BY id DESC LIMIT 5   [ RunTime:0.0004s ]
SQL: SELECT * FROM `tp_upload` WHERE ( classify="月咨询总结" ) ORDER BY id DESC LIMIT 5   [ RunTime:0.0005s ]
SQL: SELECT * FROM `tp_upload` WHERE ( classify="最新消息" ) ORDER BY id DESC LIMIT 5   [ RunTime:0.0005s ]
INFO: [ app_end ] --START--
INFO: Run Behavior\ShowPageTraceBehavior [ RunTime:0.000549s ]
INFO: [ app_end ] --END-- [ RunTime:0.000595s ]

[ 2017-05-09T02:33:17+08:00 ] 115.159.205.133 /V/index.php/Home/User/log.html
INFO: [ app_init ] --START--
INFO: Run Behavior\BuildLiteBehavior [ RunTime:0.000013s ]
INFO: [ app_init ] --END-- [ RunTime:0.000244s ]
INFO: [ app_begin ] --START--
INFO: Run Behavior\ReadHtmlCacheBehavior [ RunTime:0.000310s ]
INFO: [ app_begin ] --END-- [ RunTime:0.000350s ]
NOTIC: [2] session_start(): open(/var/lib/php/session/sess_0svckr6un1e9gnhb4vtnqq1od7, O_RDWR) failed: Permission denied (13) /var/www/html/V/ThinkPHP/Common/functions.php 第 1263 行.
NOTIC: [8] Use of undefined constant upload - assumed 'upload' /var/www/html/V/Application/Home/Controller/UserController.class.php 第 161 行.
SQL: SHOW COLUMNS FROM `tp_upload` [ RunTime:0.0009s ]
SQL: SELECT * FROM `tp_upload` WHERE ( classify="今日晨读" ) ORDER BY id DESC LIMIT 5   [ RunTime:0.0007s ]
SQL: SELECT * FROM `tp_upload` WHERE ( classify="艺人数据分析" ) ORDER BY id DESC LIMIT 5   [ RunTime:0.0006s ]
SQL: SELECT * FROM `tp_upload` WHERE ( classify="电影数据分析" ) ORDER BY id DESC LIMIT 5   [ RunTime:0.0005s ]
SQL: SELECT * FROM `tp_upload` WHERE ( classify="影视项目总分析" ) ORDER BY id DESC LIMIT 5   [ RunTime:0.0005s ]
SQL: SELECT * FROM `tp_upload` WHERE ( classify="行业研究" ) ORDER BY id DESC LIMIT 5   [ RunTime:0.0005s ]
SQL: SELECT * FROM `tp_upload` WHERE ( classify="月咨询总结" ) ORDER BY id DESC LIMIT 5   [ RunTime:0.0006s ]
SQL: SELECT * FROM `tp_upload` WHERE ( classify="最新消息" ) ORDER BY id DESC LIMIT 5   [ RunTime:0.0005s ]
INFO: [ app_end ] --START--
INFO: Run Behavior\ShowPageTraceBehavior [ RunTime:0.000578s ]
INFO: [ app_end ] --END-- [ RunTime:0.000640s ]

[ 2017-05-09T02:33:18+08:00 ] 115.159.205.133 /V/index.php/Home/User/log.html
INFO: [ app_init ] --START--
INFO: Run Behavior\BuildLiteBehavior [ RunTime:0.000012s ]
INFO: [ app_init ] --END-- [ RunTime:0.000235s ]
INFO: [ app_begin ] --START--
INFO: Run Behavior\ReadHtmlCacheBehavior [ RunTime:0.000318s ]
INFO: [ app_begin ] --END-- [ RunTime:0.000364s ]
NOTIC: [2] session_start(): open(/var/lib/php/session/sess_rnbqjq241vjifdb0dj5uprpmt5, O_RDWR) failed: Permission denied (13) /var/www/html/V/ThinkPHP/Common/functions.php 第 1263 行.
NOTIC: [8] Use of undefined constant upload - assumed 'upload' /var/www/html/V/Application/Home/Controller/UserController.class.php 第 161 行.
SQL: SHOW COLUMNS FROM `tp_upload` [ RunTime:0.0008s ]
SQL: SELECT * FROM `tp_upload` WHERE ( classify="今日晨读" ) ORDER BY id DESC LIMIT 5   [ RunTime:0.0006s ]
SQL: SELECT * FROM `tp_upload` WHERE ( classify="艺人数据分析" ) ORDER BY id DESC LIMIT 5   [ RunTime:0.0005s ]
SQL: SELECT * FROM `tp_upload` WHERE ( classify="电影数据分析" ) ORDER BY id DESC LIMIT 5   [ RunTime:0.0005s ]
SQL: SELECT * FROM `tp_upload` WHERE ( classify="影视项目总分析" ) ORDER BY id DESC LIMIT 5   [ RunTime:0.0005s ]
SQL: SELECT * FROM `tp_upload` WHERE ( classify="行业研究" ) ORDER BY id DESC LIMIT 5   [ RunTime:0.0004s ]
SQL: SELECT * FROM `tp_upload` WHERE ( classify="月咨询总结" ) ORDER BY id DESC LIMIT 5   [ RunTime:0.0006s ]
SQL: SELECT * FROM `tp_upload` WHERE ( classify="最新消息" ) ORDER BY id DESC LIMIT 5   [ RunTime:0.0005s ]
INFO: [ app_end ] --START--
INFO: Run Behavior\ShowPageTraceBehavior [ RunTime:0.000707s ]
INFO: [ app_end ] --END-- [ RunTime:0.000789s ]

[ 2017-05-09T02:33:18+08:00 ] 115.159.205.133 /V/index.php/Home/User/log.html
INFO: [ app_init ] --START--
INFO: Run Behavior\BuildLiteBehavior [ RunTime:0.000012s ]
INFO: [ app_init ] --END-- [ RunTime:0.000254s ]
INFO: [ app_begin ] --START--
INFO: Run Behavior\ReadHtmlCacheBehavior [ RunTime:0.000269s ]
INFO: [ app_begin ] --END-- [ RunTime:0.000305s ]
NOTIC: [2] session_start(): open(/var/lib/php/session/sess_sn9ucjlul84j6tt2l4d94b7jh3, O_RDWR) failed: Permission denied (13) /var/www/html/V/ThinkPHP/Common/functions.php 第 1263 行.
NOTIC: [8] Use of undefined constant upload - assumed 'upload' /var/www/html/V/Application/Home/Controller/UserController.class.php 第 161 行.
SQL: SHOW COLUMNS FROM `tp_upload` [ RunTime:0.0007s ]
SQL: SELECT * FROM `tp_upload` WHERE ( classify="今日晨读" ) ORDER BY id DESC LIMIT 5   [ RunTime:0.0006s ]
SQL: SELECT * FROM `tp_upload` WHERE ( classify="艺人数据分析" ) ORDER BY id DESC LIMIT 5   [ RunTime:0.0005s ]
SQL: SELECT * FROM `tp_upload` WHERE ( classify="电影数据分析" ) ORDER BY id DESC LIMIT 5   [ RunTime:0.0005s ]
SQL: SELECT * FROM `tp_upload` WHERE ( classify="影视项目总分析" ) ORDER BY id DESC LIMIT 5   [ RunTime:0.0005s ]
SQL: SELECT * FROM `tp_upload` WHERE ( classify="行业研究" ) ORDER BY id DESC LIMIT 5   [ RunTime:0.0005s ]
SQL: SELECT * FROM `tp_upload` WHERE ( classify="月咨询总结" ) ORDER BY id DESC LIMIT 5   [ RunTime:0.0005s ]
SQL: SELECT * FROM `tp_upload` WHERE ( classify="最新消息" ) ORDER BY id DESC LIMIT 5   [ RunTime:0.0004s ]
INFO: [ app_end ] --START--
INFO: Run Behavior\ShowPageTraceBehavior [ RunTime:0.000625s ]
INFO: [ app_end ] --END-- [ RunTime:0.000679s ]

[ 2017-05-09T10:27:28+08:00 ] 115.159.205.133 /V/index.php/Home/User/log.html
INFO: [ app_init ] --START--
INFO: Run Behavior\BuildLiteBehavior [ RunTime:0.000016s ]
INFO: [ app_init ] --END-- [ RunTime:0.000302s ]
INFO: [ app_begin ] --START--
INFO: Run Behavior\ReadHtmlCacheBehavior [ RunTime:0.000330s ]
INFO: [ app_begin ] --END-- [ RunTime:0.000372s ]
NOTIC: [2] session_start(): open(/var/lib/php/session/sess_3l41m0l9oii8968j2n5s9pk3u0, O_RDWR) failed: Permission denied (13) /var/www/html/V/ThinkPHP/Common/functions.php 第 1263 行.
NOTIC: [8] Use of undefined constant upload - assumed 'upload' /var/www/html/V/Application/Home/Controller/UserController.class.php 第 161 行.
SQL: SHOW COLUMNS FROM `tp_upload` [ RunTime:0.0009s ]
SQL: SELECT * FROM `tp_upload` WHERE ( classify="今日晨读" ) ORDER BY id DESC LIMIT 5   [ RunTime:0.0007s ]
SQL: SELECT * FROM `tp_upload` WHERE ( classify="艺人数据分析" ) ORDER BY id DESC LIMIT 5   [ RunTime:0.0005s ]
SQL: SELECT * FROM `tp_upload` WHERE ( classify="电影数据分析" ) ORDER BY id DESC LIMIT 5   [ RunTime:0.0005s ]
SQL: SELECT * FROM `tp_upload` WHERE ( classify="影视项目总分析" ) ORDER BY id DESC LIMIT 5   [ RunTime:0.0005s ]
SQL: SELECT * FROM `tp_upload` WHERE ( classify="行业研究" ) ORDER BY id DESC LIMIT 5   [ RunTime:0.0005s ]
SQL: SELECT * FROM `tp_upload` WHERE ( classify="月咨询总结" ) ORDER BY id DESC LIMIT 5   [ RunTime:0.0004s ]
SQL: SELECT * FROM `tp_upload` WHERE ( classify="最新消息" ) ORDER BY id DESC LIMIT 5   [ RunTime:0.0004s ]
INFO: [ app_end ] --START--
INFO: Run Behavior\ShowPageTraceBehavior [ RunTime:0.000625s ]
INFO: [ app_end ] --END-- [ RunTime:0.000681s ]

[ 2017-05-09T10:27:28+08:00 ] 115.159.205.133 /V/index.php/Home/User/log.html
INFO: [ app_init ] --START--
INFO: Run Behavior\BuildLiteBehavior [ RunTime:0.000013s ]
INFO: [ app_init ] --END-- [ RunTime:0.000337s ]
INFO: [ app_begin ] --START--
INFO: Run Behavior\ReadHtmlCacheBehavior [ RunTime:0.000526s ]
INFO: [ app_begin ] --END-- [ RunTime:0.000583s ]
NOTIC: [2] session_start(): open(/var/lib/php/session/sess_nhdsndldrv1udbk7j003ink1b6, O_RDWR) failed: Permission denied (13) /var/www/html/V/ThinkPHP/Common/functions.php 第 1263 行.
NOTIC: [8] Use of undefined constant upload - assumed 'upload' /var/www/html/V/Application/Home/Controller/UserController.class.php 第 161 行.
SQL: SHOW COLUMNS FROM `tp_upload` [ RunTime:0.0008s ]
SQL: SELECT * FROM `tp_upload` WHERE ( classify="今日晨读" ) ORDER BY id DESC LIMIT 5   [ RunTime:0.0006s ]
SQL: SELECT * FROM `tp_upload` WHERE ( classify="艺人数据分析" ) ORDER BY id DESC LIMIT 5   [ RunTime:0.0005s ]
SQL: SELECT * FROM `tp_upload` WHERE ( classify="电影数据分析" ) ORDER BY id DESC LIMIT 5   [ RunTime:0.0005s ]
SQL: SELECT * FROM `tp_upload` WHERE ( classify="影视项目总分析" ) ORDER BY id DESC LIMIT 5   [ RunTime:0.0005s ]
SQL: SELECT * FROM `tp_upload` WHERE ( classify="行业研究" ) ORDER BY id DESC LIMIT 5   [ RunTime:0.0007s ]
SQL: SELECT * FROM `tp_upload` WHERE ( classify="月咨询总结" ) ORDER BY id DESC LIMIT 5   [ RunTime:0.0005s ]
SQL: SELECT * FROM `tp_upload` WHERE ( classify="最新消息" ) ORDER BY id DESC LIMIT 5   [ RunTime:0.0005s ]
INFO: [ app_end ] --START--
INFO: Run Behavior\ShowPageTraceBehavior [ RunTime:0.000580s ]
INFO: [ app_end ] --END-- [ RunTime:0.000633s ]

[ 2017-05-09T10:27:28+08:00 ] 115.159.205.133 /V/index.php/Home/User/log.html
INFO: [ app_init ] --START--
INFO: Run Behavior\BuildLiteBehavior [ RunTime:0.000012s ]
INFO: [ app_init ] --END-- [ RunTime:0.000244s ]
INFO: [ app_begin ] --START--
INFO: Run Behavior\ReadHtmlCacheBehavior [ RunTime:0.000306s ]
INFO: [ app_begin ] --END-- [ RunTime:0.000343s ]
NOTIC: [2] session_start(): open(/var/lib/php/session/sess_lakhsliltdiiugfcau2l138dp1, O_RDWR) failed: Permission denied (13) /var/www/html/V/ThinkPHP/Common/functions.php 第 1263 行.
NOTIC: [8] Use of undefined constant upload - assumed 'upload' /var/www/html/V/Application/Home/Controller/UserController.class.php 第 161 行.
SQL: SHOW COLUMNS FROM `tp_upload` [ RunTime:0.0008s ]
SQL: SELECT * FROM `tp_upload` WHERE ( classify="今日晨读" ) ORDER BY id DESC LIMIT 5   [ RunTime:0.0007s ]
SQL: SELECT * FROM `tp_upload` WHERE ( classify="艺人数据分析" ) ORDER BY id DESC LIMIT 5   [ RunTime:0.0005s ]
SQL: SELECT * FROM `tp_upload` WHERE ( classify="电影数据分析" ) ORDER BY id DESC LIMIT 5   [ RunTime:0.0005s ]
SQL: SELECT * FROM `tp_upload` WHERE ( classify="影视项目总分析" ) ORDER BY id DESC LIMIT 5   [ RunTime:0.0005s ]
SQL: SELECT * FROM `tp_upload` WHERE ( classify="行业研究" ) ORDER BY id DESC LIMIT 5   [ RunTime:0.0005s ]
SQL: SELECT * FROM `tp_upload` WHERE ( classify="月咨询总结" ) ORDER BY id DESC LIMIT 5   [ RunTime:0.0005s ]
SQL: SELECT * FROM `tp_upload` WHERE ( classify="最新消息" ) ORDER BY id DESC LIMIT 5   [ RunTime:0.0005s ]
INFO: [ app_end ] --START--
INFO: Run Behavior\ShowPageTraceBehavior [ RunTime:0.000588s ]
INFO: [ app_end ] --END-- [ RunTime:0.000633s ]

[ 2017-05-09T10:27:28+08:00 ] 115.159.205.133 /V/index.php/Home/User/log.html
INFO: [ app_init ] --START--
INFO: Run Behavior\BuildLiteBehavior [ RunTime:0.000017s ]
INFO: [ app_init ] --END-- [ RunTime:0.000313s ]
INFO: [ app_begin ] --START--
INFO: Run Behavior\ReadHtmlCacheBehavior [ RunTime:0.000303s ]
INFO: [ app_begin ] --END-- [ RunTime:0.000342s ]
NOTIC: [2] session_start(): open(/var/lib/php/session/sess_qf9kq8uti49db1o7grcb02v6e1, O_RDWR) failed: Permission denied (13) /var/www/html/V/ThinkPHP/Common/functions.php 第 1263 行.
NOTIC: [8] Use of undefined constant upload - assumed 'upload' /var/www/html/V/Application/Home/Controller/UserController.class.php 第 161 行.
SQL: SHOW COLUMNS FROM `tp_upload` [ RunTime:0.0010s ]
SQL: SELECT * FROM `tp_upload` WHERE ( classify="今日晨读" ) ORDER BY id DESC LIMIT 5   [ RunTime:0.0006s ]
SQL: SELECT * FROM `tp_upload` WHERE ( classify="艺人数据分析" ) ORDER BY id DESC LIMIT 5   [ RunTime:0.0005s ]
SQL: SELECT * FROM `tp_upload` WHERE ( classify="电影数据分析" ) ORDER BY id DESC LIMIT 5   [ RunTime:0.0006s ]
SQL: SELECT * FROM `tp_upload` WHERE ( classify="影视项目总分析" ) ORDER BY id DESC LIMIT 5   [ RunTime:0.0005s ]
SQL: SELECT * FROM `tp_upload` WHERE ( classify="行业研究" ) ORDER BY id DESC LIMIT 5   [ RunTime:0.0005s ]
SQL: SELECT * FROM `tp_upload` WHERE ( classify="月咨询总结" ) ORDER BY id DESC LIMIT 5   [ RunTime:0.0005s ]
SQL: SELECT * FROM `tp_upload` WHERE ( classify="最新消息" ) ORDER BY id DESC LIMIT 5   [ RunTime:0.0005s ]
INFO: [ app_end ] --START--
INFO: Run Behavior\ShowPageTraceBehavior [ RunTime:0.000543s ]
INFO: [ app_end ] --END-- [ RunTime:0.000594s ]

[ 2017-05-09T16:45:47+08:00 ] 115.159.205.133 /V/index.php/Home/User/log.html
INFO: [ app_init ] --START--
INFO: Run Behavior\BuildLiteBehavior [ RunTime:0.000015s ]
INFO: [ app_init ] --END-- [ RunTime:0.000294s ]
INFO: [ app_begin ] --START--
INFO: Run Behavior\ReadHtmlCacheBehavior [ RunTime:0.000308s ]
INFO: [ app_begin ] --END-- [ RunTime:0.000350s ]
NOTIC: [2] session_start(): open(/var/lib/php/session/sess_u559b6e8fbg171a1vdh1ns6hk0, O_RDWR) failed: Permission denied (13) /var/www/html/V/ThinkPHP/Common/functions.php 第 1263 行.
NOTIC: [8] Use of undefined constant upload - assumed 'upload' /var/www/html/V/Application/Home/Controller/UserController.class.php 第 161 行.
SQL: SHOW COLUMNS FROM `tp_upload` [ RunTime:0.0009s ]
SQL: SELECT * FROM `tp_upload` WHERE ( classify="今日晨读" ) ORDER BY id DESC LIMIT 5   [ RunTime:0.0007s ]
SQL: SELECT * FROM `tp_upload` WHERE ( classify="艺人数据分析" ) ORDER BY id DESC LIMIT 5   [ RunTime:0.0005s ]
SQL: SELECT * FROM `tp_upload` WHERE ( classify="电影数据分析" ) ORDER BY id DESC LIMIT 5   [ RunTime:0.0006s ]
SQL: SELECT * FROM `tp_upload` WHERE ( classify="影视项目总分析" ) ORDER BY id DESC LIMIT 5   [ RunTime:0.0005s ]
SQL: SELECT * FROM `tp_upload` WHERE ( classify="行业研究" ) ORDER BY id DESC LIMIT 5   [ RunTime:0.0005s ]
SQL: SELECT * FROM `tp_upload` WHERE ( classify="月咨询总结" ) ORDER BY id DESC LIMIT 5   [ RunTime:0.0005s ]
SQL: SELECT * FROM `tp_upload` WHERE ( classify="最新消息" ) ORDER BY id DESC LIMIT 5   [ RunTime:0.0009s ]
INFO: [ app_end ] --START--
INFO: Run Behavior\ShowPageTraceBehavior [ RunTime:0.000713s ]
INFO: [ app_end ] --END-- [ RunTime:0.000782s ]

[ 2017-05-09T20:13:32+08:00 ] 115.159.205.133 /V/index.php/Home/User/log.html
INFO: [ app_init ] --START--
INFO: Run Behavior\BuildLiteBehavior [ RunTime:0.000014s ]
INFO: [ app_init ] --END-- [ RunTime:0.000259s ]
INFO: [ app_begin ] --START--
INFO: Run Behavior\ReadHtmlCacheBehavior [ RunTime:0.000289s ]
INFO: [ app_begin ] --END-- [ RunTime:0.000326s ]
NOTIC: [2] session_start(): open(/var/lib/php/session/sess_9r8m7e7sie9m9c4l68356q5hi2, O_RDWR) failed: Permission denied (13) /var/www/html/V/ThinkPHP/Common/functions.php 第 1263 行.
NOTIC: [8] Use of undefined constant upload - assumed 'upload' /var/www/html/V/Application/Home/Controller/UserController.class.php 第 161 行.
SQL: SHOW COLUMNS FROM `tp_upload` [ RunTime:0.0008s ]
SQL: SELECT * FROM `tp_upload` WHERE ( classify="今日晨读" ) ORDER BY id DESC LIMIT 5   [ RunTime:0.0006s ]
SQL: SELECT * FROM `tp_upload` WHERE ( classify="艺人数据分析" ) ORDER BY id DESC LIMIT 5   [ RunTime:0.0005s ]
SQL: SELECT * FROM `tp_upload` WHERE ( classify="电影数据分析" ) ORDER BY id DESC LIMIT 5   [ RunTime:0.0005s ]
SQL: SELECT * FROM `tp_upload` WHERE ( classify="影视项目总分析" ) ORDER BY id DESC LIMIT 5   [ RunTime:0.0007s ]
SQL: SELECT * FROM `tp_upload` WHERE ( classify="行业研究" ) ORDER BY id DESC LIMIT 5   [ RunTime:0.0005s ]
SQL: SELECT * FROM `tp_upload` WHERE ( classify="月咨询总结" ) ORDER BY id DESC LIMIT 5   [ RunTime:0.0005s ]
SQL: SELECT * FROM `tp_upload` WHERE ( classify="最新消息" ) ORDER BY id DESC LIMIT 5   [ RunTime:0.0004s ]
INFO: [ app_end ] --START--
INFO: Run Behavior\ShowPageTraceBehavior [ RunTime:0.000567s ]
INFO: [ app_end ] --END-- [ RunTime:0.000613s ]

