[ 2017-04-22T03:47:59+08:00 ] 115.159.205.133 /V/index.php/Home/User/log.html
INFO: [ app_init ] --START--
INFO: Run Behavior\BuildLiteBehavior [ RunTime:0.000012s ]
INFO: [ app_init ] --END-- [ RunTime:0.000249s ]
INFO: [ app_begin ] --START--
INFO: Run Behavior\ReadHtmlCacheBehavior [ RunTime:0.000425s ]
INFO: [ app_begin ] --END-- [ RunTime:0.000469s ]
NOTIC: [2] session_start(): open(/var/lib/php/session/sess_gvt7kdf2bcccogbe7s9fi6e8r6, O_RDWR) failed: Permission denied (13) /var/www/html/V/ThinkPHP/Common/functions.php 第 1263 行.
NOTIC: [8] Use of undefined constant upload - assumed 'upload' /var/www/html/V/Application/Home/Controller/UserController.class.php 第 161 行.
SQL: SHOW COLUMNS FROM `tp_upload` [ RunTime:0.0008s ]
SQL: SELECT * FROM `tp_upload` WHERE ( classify="今日晨读" ) ORDER BY id DESC LIMIT 5   [ RunTime:0.0006s ]
SQL: SELECT * FROM `tp_upload` WHERE ( classify="艺人数据分析" ) ORDER BY id DESC LIMIT 5   [ RunTime:0.0005s ]
SQL: SELECT * FROM `tp_upload` WHERE ( classify="电影数据分析" ) ORDER BY id DESC LIMIT 5   [ RunTime:0.0005s ]
SQL: SELECT * FROM `tp_upload` WHERE ( classify="影视项目总分析" ) ORDER BY id DESC LIMIT 5   [ RunTime:0.0005s ]
SQL: SELECT * FROM `tp_upload` WHERE ( classify="行业研究" ) ORDER BY id DESC LIMIT 5   [ RunTime:0.0005s ]
SQL: SELECT * FROM `tp_upload` WHERE ( classify="月咨询总结" ) ORDER BY id DESC LIMIT 5   [ RunTime:0.0004s ]
SQL: SELECT * FROM `tp_upload` WHERE ( classify="最新消息" ) ORDER BY id DESC LIMIT 5   [ RunTime:0.0005s ]
INFO: [ app_end ] --START--
INFO: Run Behavior\ShowPageTraceBehavior [ RunTime:0.000535s ]
INFO: [ app_end ] --END-- [ RunTime:0.000582s ]

[ 2017-04-22T18:07:55+08:00 ] 115.159.205.133 /V/index.php/Home/User/log.html
INFO: [ app_init ] --START--
INFO: Run Behavior\BuildLiteBehavior [ RunTime:0.000014s ]
INFO: [ app_init ] --END-- [ RunTime:0.000268s ]
INFO: [ app_begin ] --START--
INFO: Run Behavior\ReadHtmlCacheBehavior [ RunTime:0.000365s ]
INFO: [ app_begin ] --END-- [ RunTime:0.000408s ]
NOTIC: [2] session_start(): open(/var/lib/php/session/sess_kvqa2704uhr1ng12vj0eimbkf5, O_RDWR) failed: Permission denied (13) /var/www/html/V/ThinkPHP/Common/functions.php 第 1263 行.
NOTIC: [8] Use of undefined constant upload - assumed 'upload' /var/www/html/V/Application/Home/Controller/UserController.class.php 第 161 行.
SQL: SHOW COLUMNS FROM `tp_upload` [ RunTime:0.0009s ]
SQL: SELECT * FROM `tp_upload` WHERE ( classify="今日晨读" ) ORDER BY id DESC LIMIT 5   [ RunTime:0.0006s ]
SQL: SELECT * FROM `tp_upload` WHERE ( classify="艺人数据分析" ) ORDER BY id DESC LIMIT 5   [ RunTime:0.0005s ]
SQL: SELECT * FROM `tp_upload` WHERE ( classify="电影数据分析" ) ORDER BY id DESC LIMIT 5   [ RunTime:0.0005s ]
SQL: SELECT * FROM `tp_upload` WHERE ( classify="影视项目总分析" ) ORDER BY id DESC LIMIT 5   [ RunTime:0.0005s ]
SQL: SELECT * FROM `tp_upload` WHERE ( classify="行业研究" ) ORDER BY id DESC LIMIT 5   [ RunTime:0.0005s ]
SQL: SELECT * FROM `tp_upload` WHERE ( classify="月咨询总结" ) ORDER BY id DESC LIMIT 5   [ RunTime:0.0005s ]
SQL: SELECT * FROM `tp_upload` WHERE ( classify="最新消息" ) ORDER BY id DESC LIMIT 5   [ RunTime:0.0005s ]
INFO: [ app_end ] --START--
INFO: Run Behavior\ShowPageTraceBehavior [ RunTime:0.000611s ]
INFO: [ app_end ] --END-- [ RunTime:0.000665s ]

[ 2017-04-22T18:07:55+08:00 ] 115.159.205.133 /V/index.php/Home/User/log.html
INFO: [ app_init ] --START--
INFO: Run Behavior\BuildLiteBehavior [ RunTime:0.000019s ]
INFO: [ app_init ] --END-- [ RunTime:0.000409s ]
INFO: [ app_begin ] --START--
INFO: Run Behavior\ReadHtmlCacheBehavior [ RunTime:0.000392s ]
INFO: [ app_begin ] --END-- [ RunTime:0.000449s ]
NOTIC: [2] session_start(): open(/var/lib/php/session/sess_eqbja3ormlgrrtaom73ror8ir1, O_RDWR) failed: Permission denied (13) /var/www/html/V/ThinkPHP/Common/functions.php 第 1263 行.
NOTIC: [8] Use of undefined constant upload - assumed 'upload' /var/www/html/V/Application/Home/Controller/UserController.class.php 第 161 行.
SQL: SHOW COLUMNS FROM `tp_upload` [ RunTime:0.0008s ]
SQL: SELECT * FROM `tp_upload` WHERE ( classify="今日晨读" ) ORDER BY id DESC LIMIT 5   [ RunTime:0.0006s ]
SQL: SELECT * FROM `tp_upload` WHERE ( classify="艺人数据分析" ) ORDER BY id DESC LIMIT 5   [ RunTime:0.0005s ]
SQL: SELECT * FROM `tp_upload` WHERE ( classify="电影数据分析" ) ORDER BY id DESC LIMIT 5   [ RunTime:0.0006s ]
SQL: SELECT * FROM `tp_upload` WHERE ( classify="影视项目总分析" ) ORDER BY id DESC LIMIT 5   [ RunTime:0.0005s ]
SQL: SELECT * FROM `tp_upload` WHERE ( classify="行业研究" ) ORDER BY id DESC LIMIT 5   [ RunTime:0.0005s ]
SQL: SELECT * FROM `tp_upload` WHERE ( classify="月咨询总结" ) ORDER BY id DESC LIMIT 5   [ RunTime:0.0005s ]
SQL: SELECT * FROM `tp_upload` WHERE ( classify="最新消息" ) ORDER BY id DESC LIMIT 5   [ RunTime:0.0005s ]
INFO: [ app_end ] --START--
INFO: Run Behavior\ShowPageTraceBehavior [ RunTime:0.000576s ]
INFO: [ app_end ] --END-- [ RunTime:0.000654s ]

[ 2017-04-22T18:07:56+08:00 ] 115.159.205.133 /V/index.php/Home/User/log.html
INFO: [ app_init ] --START--
INFO: Run Behavior\BuildLiteBehavior [ RunTime:0.000013s ]
INFO: [ app_init ] --END-- [ RunTime:0.000245s ]
INFO: [ app_begin ] --START--
INFO: Run Behavior\ReadHtmlCacheBehavior [ RunTime:0.000407s ]
INFO: [ app_begin ] --END-- [ RunTime:0.000456s ]
NOTIC: [2] session_start(): open(/var/lib/php/session/sess_3rnuuoc1d5lco6ug18o9m3t675, O_RDWR) failed: Permission denied (13) /var/www/html/V/ThinkPHP/Common/functions.php 第 1263 行.
NOTIC: [8] Use of undefined constant upload - assumed 'upload' /var/www/html/V/Application/Home/Controller/UserController.class.php 第 161 行.
SQL: SHOW COLUMNS FROM `tp_upload` [ RunTime:0.0008s ]
SQL: SELECT * FROM `tp_upload` WHERE ( classify="今日晨读" ) ORDER BY id DESC LIMIT 5   [ RunTime:0.0006s ]
SQL: SELECT * FROM `tp_upload` WHERE ( classify="艺人数据分析" ) ORDER BY id DESC LIMIT 5   [ RunTime:0.0005s ]
SQL: SELECT * FROM `tp_upload` WHERE ( classify="电影数据分析" ) ORDER BY id DESC LIMIT 5   [ RunTime:0.0005s ]
SQL: SELECT * FROM `tp_upload` WHERE ( classify="影视项目总分析" ) ORDER BY id DESC LIMIT 5   [ RunTime:0.0005s ]
SQL: SELECT * FROM `tp_upload` WHERE ( classify="行业研究" ) ORDER BY id DESC LIMIT 5   [ RunTime:0.0011s ]
SQL: SELECT * FROM `tp_upload` WHERE ( classify="月咨询总结" ) ORDER BY id DESC LIMIT 5   [ RunTime:0.0005s ]
SQL: SELECT * FROM `tp_upload` WHERE ( classify="最新消息" ) ORDER BY id DESC LIMIT 5   [ RunTime:0.0004s ]
INFO: [ app_end ] --START--
INFO: Run Behavior\ShowPageTraceBehavior [ RunTime:0.000473s ]
INFO: [ app_end ] --END-- [ RunTime:0.000538s ]

[ 2017-04-22T18:07:56+08:00 ] 115.159.205.133 /V/index.php/Home/User/log.html
INFO: [ app_init ] --START--
INFO: Run Behavior\BuildLiteBehavior [ RunTime:0.000021s ]
INFO: [ app_init ] --END-- [ RunTime:0.000243s ]
INFO: [ app_begin ] --START--
INFO: Run Behavior\ReadHtmlCacheBehavior [ RunTime:0.000321s ]
INFO: [ app_begin ] --END-- [ RunTime:0.000363s ]
NOTIC: [2] session_start(): open(/var/lib/php/session/sess_a7jc01gcea16u9oljnb9d9ja15, O_RDWR) failed: Permission denied (13) /var/www/html/V/ThinkPHP/Common/functions.php 第 1263 行.
NOTIC: [8] Use of undefined constant upload - assumed 'upload' /var/www/html/V/Application/Home/Controller/UserController.class.php 第 161 行.
SQL: SHOW COLUMNS FROM `tp_upload` [ RunTime:0.0008s ]
SQL: SELECT * FROM `tp_upload` WHERE ( classify="今日晨读" ) ORDER BY id DESC LIMIT 5   [ RunTime:0.0007s ]
SQL: SELECT * FROM `tp_upload` WHERE ( classify="艺人数据分析" ) ORDER BY id DESC LIMIT 5   [ RunTime:0.0005s ]
SQL: SELECT * FROM `tp_upload` WHERE ( classify="电影数据分析" ) ORDER BY id DESC LIMIT 5   [ RunTime:0.0005s ]
SQL: SELECT * FROM `tp_upload` WHERE ( classify="影视项目总分析" ) ORDER BY id DESC LIMIT 5   [ RunTime:0.0005s ]
SQL: SELECT * FROM `tp_upload` WHERE ( classify="行业研究" ) ORDER BY id DESC LIMIT 5   [ RunTime:0.0006s ]
SQL: SELECT * FROM `tp_upload` WHERE ( classify="月咨询总结" ) ORDER BY id DESC LIMIT 5   [ RunTime:0.0005s ]
SQL: SELECT * FROM `tp_upload` WHERE ( classify="最新消息" ) ORDER BY id DESC LIMIT 5   [ RunTime:0.0006s ]
INFO: [ app_end ] --START--
INFO: Run Behavior\ShowPageTraceBehavior [ RunTime:0.000512s ]
INFO: [ app_end ] --END-- [ RunTime:0.000558s ]

